2020-02-12 20:05:32.566 INFO  singlejartest.GUIModeTesterMain - Connecting...
2020-02-12 20:05:33.334 INFO  com.dukascopy.api.impl.connect.AuthorizationClient - environment(jnlp.client.mode)=DEMO, platformInstanceId=null
2020-02-12 20:05:33.345 INFO  com.dukascopy.api.impl.connect.AuthorizationClient - Auth step 1 request [1287DC9881D1B2AE81D95D1B2337B239909EC8BA]
2020-02-12 20:05:33.347 DEBUG com.dukascopy.api.impl.connect.AuthorizationClient - >> [https://login.dukascopy.com/authorization-1/demo/auth?munus=srp_api&passus=1&sermo=ff8d59af-a520-4c79-9144-0de3ca6067bc&putent_genus=0&appello=1287DC9881D1B2AE81D95D1B2337B239909EC8BA&obsecro_id=d8dcade4-696d-4fac-bfeb-8f65b0b11fde&srp_versio=1]
2020-02-12 20:05:40.788 DEBUG com.dukascopy.api.impl.connect.AuthorizationClient - << [{"B":"4de9fbd8c809b622b2a462b4b50297810698f3375fcf334a268b1717027034aafc556fcf43e716738bf2214290b71930cdfd5b06229b15b1a5cfa7dbc6ab244a6357aa4ef91fe4f2c112049248f43849019a559255edf011f73f181c17125b047f0dcc6741f38e7f94ac203e51db2e80790e7a9918d883266ac54e165b01f58a1839f97761f08031b1b553d417afbf3e9eca8e92fcc4b226c31fd71223a18119c58f54b41e849ea6bb81ac5d15699149bfe91e86d841ec24dc9cc70705dc3b14e1d53db2e7ffb4393f51b60136d1653df2040c1e98205e081d71d04cb17c915fff8374dbbf8863c654714fc22798b2d4e3fdf6b173d89b1797fb41f2a7b59b98","S":"38e77b295c4f48cd17e7ea7e09a9727f","G":"2","H":"SHA-256","K":"5b9e8ef059c6b32ea59fc1d322d37f04aa30bae5aa9003b8321e21ddb04e300","N":"ac6bdb41324a9a9bf166de5e1389582faf72b6651987ee07fc3192943db56050a37329cbb4a099ed8193e0757767a13dd52312ab4b03310dcd7f48a9da04fd50e8083969edb767b0cf6095179a163ab3661a05fbd5faaae82918a9962f0b93b855f97993ec975eeaa80d740adbf4ff747359d041d5c33ea71d281e446b14773bca97b43a23fb801676bd207a436c6481f1d2b9078717461a5b9d32e688f87748544523b524b0d57d5ea77a2775d2ecfa032cfbdbf52fb3786160279004e57ae6af874e7303ce53299ccc041c7bc308d82a5698f3a8d0c38271ae35f8e9dbfbb694b5c803d89f7ae435de236d525f54759b65e372fcd68ef20fa7111f9e4aff73","srp_versio":"1"}]
2020-02-12 20:05:40.789 INFO  com.dukascopy.api.impl.connect.AuthorizationClient - Auth step 1 response [ServerResponseObject [passwordServerResponse=Step1ServerResponse [serverPublicValueB=4de9fbd8c809b622b2a462b4b50297810698f3375fcf334a268b1717027034aafc556fcf43e716738bf2214290b71930cdfd5b06229b15b1a5cfa7dbc6ab244a6357aa4ef91fe4f2c112049248f43849019a559255edf011f73f181c17125b047f0dcc6741f38e7f94ac203e51db2e80790e7a9918d883266ac54e165b01f58a1839f97761f08031b1b553d417afbf3e9eca8e92fcc4b226c31fd71223a18119c58f54b41e849ea6bb81ac5d15699149bfe91e86d841ec24dc9cc70705dc3b14e1d53db2e7ffb4393f51b60136d1653df2040c1e98205e081d71d04cb17c915fff8374dbbf8863c654714fc22798b2d4e3fdf6b173d89b1797fb41f2a7b59b98, saltS=38e77b295c4f48cd17e7ea7e09a9727f, safePrimeN=ac6bdb41324a9a9bf166de5e1389582faf72b6651987ee07fc3192943db56050a37329cbb4a099ed8193e0757767a13dd52312ab4b03310dcd7f48a9da04fd50e8083969edb767b0cf6095179a163ab3661a05fbd5faaae82918a9962f0b93b855f97993ec975eeaa80d740adbf4ff747359d041d5c33ea71d281e446b14773bca97b43a23fb801676bd207a436c6481f1d2b9078717461a5b9d32e688f87748544523b524b0d57d5ea77a2775d2ecfa032cfbdbf52fb3786160279004e57ae6af874e7303ce53299ccc041c7bc308d82a5698f3a8d0c38271ae35f8e9dbfbb694b5c803d89f7ae435de236d525f54759b65e372fcd68ef20fa7111f9e4aff73, correspondingGeneratorG=2, hashAlgorithmH=SHA-256, srpProtocolVersion=1], ]]
2020-02-12 20:05:40.901 INFO  com.dukascopy.api.impl.connect.AuthorizationClient - Auth step 2 request A [1573062685473494130517804094746133963797039155328533518893660722806367694606078010329051052772541415943811812822579602064077861940403537145038330145861588052361944297675237877353660032407704785765942799485024037707323948928228400137052512983206663045647713326627853365547429071033504844840165692195235785968797449042287615196564348129454593506361903440921617072377865452762863087138714125909243574211258677422424049118383295302967185796537857822917536345369586050037264011100236122100372072107892320892042371842447158879941433463331240899452038296150060724740744293589723949563444660709430442281361820543432873103988], M1 [7350669635191480566952262338440088449176209553427891175046308467349397598866]
2020-02-12 20:05:40.902 DEBUG com.dukascopy.api.impl.connect.AuthorizationClient - >> [https://login.dukascopy.com/authorization-1/demo/auth?munus=srp_api&testimonium_nuntius=104054e239a900dbd1c0f30f23b90df70c3e970a28c1c8bd9de65c4b57fe7292&passus=2&publicus_pendo=c7607d11e060e23bcd93cf50ceacb635791757e80c31beddd7b0e60710a88168a754cf6c2bdd8e9e2064427e41bc8620a3a6cbc3411d372090100646c1b9e58d338fc87a0ff1690fd399a58975ef9bd4fda90203a2ec8f95a27c4c3585895983ed387cd43d23a638dd5714b6c45165e25fe9797e7a0cab033bdb0a2a79e27b696a7c76c9f83483f9b59a81121c9c819a1158628d62cb0a300b4296165cebf09162773c87b85cec5399300925464920cd4941ef20357adbc457580678d1604dc7bfe8772dbf9367d1520188ff788b5bc153eb39a148d87f294d56c81388c2eeb34a1f039cd6ca56b68c4e22a4c0b94178a3d8882741312be38dd90d0f2d25274&sermo=ff8d59af-a520-4c79-9144-0de3ca6067bc&putent_genus=0&obsecro_id=d8dcade4-696d-4fac-bfeb-8f65b0b11fde&srp_versio=1]
2020-02-12 20:05:41.224 DEBUG com.dukascopy.api.impl.connect.AuthorizationClient - << [{"M2":"5ed4c70fa38120dfe81d57dc9a8d63362517a4028871b1d34d51cfa51958f2c8","srp_versio":"1"}]
2020-02-12 20:05:41.225 INFO  com.dukascopy.api.impl.connect.AuthorizationClient - Auth step 2 response [ServerResponseObject [passwordServerResponse=Step2ServerResponse [serverEvidenceMessageM2=5ed4c70fa38120dfe81d57dc9a8d63362517a4028871b1d34d51cfa51958f2c8, srpProtocolVersion=1], ]]
2020-02-12 20:05:41.225 INFO  com.dukascopy.api.impl.connect.AuthorizationClient - Auth step 3 request
2020-02-12 20:05:41.225 DEBUG com.dukascopy.api.impl.connect.AuthorizationClient - >> [https://login.dukascopy.com/authorization-1/demo/auth?munus=srp_api&passus=3&sermo=ff8d59af-a520-4c79-9144-0de3ca6067bc&versio=318.4.87&willPing=true&occasus_content_vulgate=0&putent_genus=0&occasus=true&platform=DDS3_JFOREXSDK&obsecro_id=d8dcade4-696d-4fac-bfeb-8f65b0b11fde&srp_versio=1]
2020-02-12 20:05:42.146 DEBUG com.dukascopy.api.impl.connect.AuthorizationClient - << [{"occasus":"rO0ABXNyABRqYXZhLnV0aWwuUHJvcGVydGllczkS0HpwNj6YAgABTAAIZGVmYXVsdHN0ABZMamF2\r\nYS91dGlsL1Byb3BlcnRpZX...","authApiURLs":["d-ja-msk-10.dukascopy.com:10443","d-ja-gva-101-135-154.dukascopy.com:10443","d-ja-usa-e-96-4-a.dukascopy.com:10443","d-ja-sgn-04-b.dukascopy.com:10443","d-ja-jpn-04-a.dukascopy.com:10443","d-ja-hk-110-05.dukascopy.ch:10443","d-ja-hk-111-4.dukascopy.ch:10443"],"srp_versio":"1"}]
2020-02-12 20:05:42.161 INFO  com.dukascopy.api.impl.connect.AuthorizationClient - Auth step 3 response [ServerResponseObject [passwordServerResponse=Step3ServerResponse [serverResponse={"occasus":"rO0ABXNyABRqYXZhLnV0aWwuUHJvcGVydGllczkS0HpwNj6YAgABTAAIZGVmYXVsdHN0ABZMamF2\r\nYS91dGlsL1Byb3BlcnRpZX...","authApiURLs":["d-ja-msk-10.dukascopy.com:10443","d-ja-gva-101-135-154.dukascopy.com:10443","d-ja-usa-e-96-4-a.dukascopy.com:10443","d-ja-sgn-04-b.dukascopy.com:10443","d-ja-jpn-04-a.dukascopy.com:10443","d-ja-hk-110-05.dukascopy.ch:10443","d-ja-hk-111-4.dukascopy.ch:10443"],"srp_versio":"1"}], responseHeaderFields={Transfer-Encoding=[chunked], null=[HTTP/1.1 200], idle-session-ttl=[900000], CF-RAY=[56402618f8628d51-DME], Server=[cloudflare], Connection=[keep-alive], Client-Country=[RU], Pragma=[no-cache], Last-Modified=[Wed, 12 Feb 2020 17:05:41 GMT], Date=[Wed, 12 Feb 2020 17:05:42 GMT], CF-Cache-Status=[DYNAMIC], Cache-Control=[no-cache, must-revalidate, no-store, max-age=0], Access-Control-Allow-Credentials=[true], Client-IP=[91.194.227.231], Vary=[Accept-Encoding], Set-Cookie=[__cfduid=dbf03c6590e72bf917b2b678080d226d41581527141; expires=Fri, 13-Mar-20 17:05:41 GMT; path=/; domain=.dukascopy.com; HttpOnly; SameSite=Lax], Expires=[Thu, 01 Jan 1970 00:00:00 GMT], Expect-CT=[max-age=604800, report-uri="https://report-uri.cloudflare.com/cdn-cgi/beacon/expect-ct"], Content-Type=[text/plain;charset=UTF-8]}]]
2020-02-12 20:05:42.275 INFO  com.dukascopy.api.impl.connect.AuthorizationClient - APIC: Ping API server URLs synchronously
2020-02-12 20:05:42.276 INFO  com.dukascopy.api.impl.connect.PingHelper - Selecting the best server...
2020-02-12 20:05:42.284 INFO  com.dukascopy.api.impl.connect.PingHelper - The ping start time=2020-02-12 20:05:42:284
2020-02-12 20:05:44.316 INFO  com.dukascopy.api.impl.connect.PingHelper - The ping end time=2020-02-12 20:05:44:316, the ping processing time=[2032]ms
2020-02-12 20:05:44.316 DEBUG com.dukascopy.api.impl.connect.PingHelper - Best api url [d-ja-hk-110-05.dukascopy.ch:10443] with time [229]
2020-02-12 20:05:44.319 INFO  com.dukascopy.dds2.greed.ping.ApiServerManager - APIC: The ping is finished, the fastest API server is saved: d-ja-hk-110-05.dukascopy.ch:10443 (229 ms)
2020-02-12 20:05:44.319 DEBUG com.dukascopy.api.impl.connect.TesterClientImpl - d-ja-hk-110-05.dukascopy.ch:10443@fc4a49fced3be9ff1c9614e783b788461ee4492fed5650b159488c1adf15f5ab
2020-02-12 20:05:44.328 INFO  com.dukascopy.dds2.greed.util.FilePathManager - WL info is unavailable. Use default App folder for Platform data:  C:\Users\g.vakhrushev\AppData\Local\JForex
2020-02-12 20:05:44.602 WARN  com.dukascopy.charts.data.datacache.FeedDataProvider - JStore is disabled for the current user
2020-02-12 20:05:44.616 DEBUG com.dukascopy.api.impl.connect.TesterClientImpl - UserAgent: {"clientType":"DDS3_JFOREXSDK","javaVersion":"11.0.1","jvmVersion":"11.0.1+13-LTS","clientVersion":"318.4.87","osName":"Windows 7"}
2020-02-12 20:05:48.149 INFO  com.dukascopy.dds2.greed.connection.GreedClientAuthorizationProvider - !!!:Thread[(NettyTransportClient-0) ClientConnector,6,main]
2020-02-12 20:05:48.152 INFO  com.dukascopy.dds4.transport.client.netty.ClientConnector - Authorize task in queue, server address [d-ja-hk-110-05.dukascopy.ch/13.75.115.155:10443], transport name [NettyTransportClient-0]
2020-02-12 20:05:48.153 DEBUG com.dukascopy.api.impl.connect.TesterClientImpl - Authorized
2020-02-12 20:05:48.168 INFO  com.dukascopy.api.instrument.subscribe.InstrumentManager - InstrumentManager created.
2020-02-12 20:05:48.486 WARN  com.dukascopy.api.impl.connect.WLabelData - White Label Image is not received
2020-02-12 20:05:48.486 INFO  singlejartest.GUIModeTesterMain - Connected
2020-02-12 20:05:48.486 INFO  singlejartest.GUIModeTesterMain - Subscribing instruments...
2020-02-12 20:05:48.489 INFO  singlejartest.GUIModeTesterMain - Downloading data
2020-02-12 20:05:48.505 INFO  com.dukascopy.charts.data.datacache.metadata.FeedMetadataManager - Loading first times for [EUR/USD]...
2020-02-12 20:05:48.735 INFO  com.dukascopy.charts.data.datacache.metadata.FeedMetadataManager - First times loaded {EUR/USD={Ticks=1052082000914, 1 Min=1052082000000, Hourly=1052082000000, Daily=99792000000}}
2020-02-12 20:05:48.763 INFO  singlejartest.GUIModeTesterMain - Starting strategy
2020-02-12 20:05:49.777 INFO  singlejartest.GUIModeTesterMain - Strategy started: 0
2020-02-12 20:05:49.783 INFO  singlejartest.GUIModeTesterMain - Getting prices before start time
2020-02-12 20:05:50.453 INFO  singlejartest.GUIModeTesterMain - Creating data loading threads
2020-02-12 20:05:50.558 INFO  singlejartest.GUIModeTesterMain - Getting prices before start time
2020-02-12 20:05:50.614 WARN  com.dukascopy.api.impl.connect.WLabelData - White Label Image is not received
2020-02-12 20:05:50.629 INFO  singlejartest.GUIModeTesterMain - Filling in-progress candles
2020-02-12 20:05:50.747 WARN  com.dukascopy.charts.dataprovider.timed.AbstractBufferedTimedDataProvider - Latest data buffer loading is not started yet for TimedDataDescriptor [dataType=TIME_PERIOD_AGGREGATION, instrument=EUR/USD, offerSide=Bid, period=10 Mins, dailyFilterPeriod=Daily, filter=WEEKENDS, interpolationDescriptor=DEFAULT]
2020-02-12 20:05:51.197 INFO  singlejartest.GUIModeTesterMain - Executing onStart
2020-02-12 20:05:51.207 INFO  singlejartest.GUIModeTesterMain - Running
2020-02-12 20:05:51.419 INFO  singlejartest.GUIModeTesterMain - Running, Sun 2020.02.09 00:30 Eq: 50,000.00 UoL: .00%
2020-02-12 20:05:51.427 INFO  singlejartest.GUIModeTesterMain - Running, Sun 2020.02.09 01:00 Eq: 50,000.00 UoL: .00%
2020-02-12 20:05:51.432 INFO  singlejartest.GUIModeTesterMain - Running, Sun 2020.02.09 01:30 Eq: 50,000.00 UoL: .00%
2020-02-12 20:05:51.437 INFO  singlejartest.GUIModeTesterMain - Running, Sun 2020.02.09 02:00 Eq: 50,000.00 UoL: .00%
2020-02-12 20:05:51.443 INFO  singlejartest.GUIModeTesterMain - Running, Sun 2020.02.09 02:30 Eq: 50,000.00 UoL: .00%
2020-02-12 20:05:51.448 INFO  singlejartest.GUIModeTesterMain - Running, Sun 2020.02.09 03:00 Eq: 50,000.00 UoL: .00%
2020-02-12 20:05:51.451 INFO  singlejartest.GUIModeTesterMain - Running, Sun 2020.02.09 03:30 Eq: 50,000.00 UoL: .00%
2020-02-12 20:05:51.455 INFO  singlejartest.GUIModeTesterMain - Running, Sun 2020.02.09 04:00 Eq: 50,000.00 UoL: .00%
2020-02-12 20:05:51.458 INFO  singlejartest.GUIModeTesterMain - Running, Sun 2020.02.09 04:30 Eq: 50,000.00 UoL: .00%
2020-02-12 20:05:51.462 INFO  singlejartest.GUIModeTesterMain - Running, Sun 2020.02.09 05:00 Eq: 50,000.00 UoL: .00%
2020-02-12 20:05:51.465 INFO  singlejartest.GUIModeTesterMain - Running, Sun 2020.02.09 05:30 Eq: 50,000.00 UoL: .00%
2020-02-12 20:05:51.469 INFO  singlejartest.GUIModeTesterMain - Running, Sun 2020.02.09 06:00 Eq: 50,000.00 UoL: .00%
2020-02-12 20:05:51.471 INFO  singlejartest.GUIModeTesterMain - Running, Sun 2020.02.09 06:30 Eq: 50,000.00 UoL: .00%
2020-02-12 20:05:51.474 INFO  singlejartest.GUIModeTesterMain - Running, Sun 2020.02.09 07:00 Eq: 50,000.00 UoL: .00%
2020-02-12 20:05:51.476 INFO  singlejartest.GUIModeTesterMain - Running, Sun 2020.02.09 07:30 Eq: 50,000.00 UoL: .00%
2020-02-12 20:05:51.479 INFO  singlejartest.GUIModeTesterMain - Running, Sun 2020.02.09 08:00 Eq: 50,000.00 UoL: .00%
2020-02-12 20:05:51.481 INFO  singlejartest.GUIModeTesterMain - Running, Sun 2020.02.09 08:30 Eq: 50,000.00 UoL: .00%
2020-02-12 20:05:51.484 INFO  singlejartest.GUIModeTesterMain - Running, Sun 2020.02.09 09:00 Eq: 50,000.00 UoL: .00%
2020-02-12 20:05:51.488 INFO  singlejartest.GUIModeTesterMain - Running, Sun 2020.02.09 09:30 Eq: 50,000.00 UoL: .00%
2020-02-12 20:05:51.490 INFO  singlejartest.GUIModeTesterMain - Running, Sun 2020.02.09 10:00 Eq: 50,000.00 UoL: .00%
2020-02-12 20:05:51.494 INFO  singlejartest.GUIModeTesterMain - Running, Sun 2020.02.09 10:30 Eq: 50,000.00 UoL: .00%
2020-02-12 20:05:51.498 INFO  singlejartest.GUIModeTesterMain - Running, Sun 2020.02.09 11:00 Eq: 50,000.00 UoL: .00%
2020-02-12 20:05:51.501 INFO  singlejartest.GUIModeTesterMain - Running, Sun 2020.02.09 11:30 Eq: 50,000.00 UoL: .00%
2020-02-12 20:05:51.508 INFO  singlejartest.GUIModeTesterMain - Running, Sun 2020.02.09 12:00 Eq: 50,000.00 UoL: .00%
2020-02-12 20:05:51.510 INFO  singlejartest.GUIModeTesterMain - Running, Sun 2020.02.09 12:30 Eq: 50,000.00 UoL: .00%
2020-02-12 20:05:51.512 INFO  singlejartest.GUIModeTesterMain - Running, Sun 2020.02.09 13:00 Eq: 50,000.00 UoL: .00%
2020-02-12 20:05:51.514 INFO  singlejartest.GUIModeTesterMain - Running, Sun 2020.02.09 13:30 Eq: 50,000.00 UoL: .00%
2020-02-12 20:05:51.516 INFO  singlejartest.GUIModeTesterMain - Running, Sun 2020.02.09 14:00 Eq: 50,000.00 UoL: .00%
2020-02-12 20:05:51.518 INFO  singlejartest.GUIModeTesterMain - Running, Sun 2020.02.09 14:30 Eq: 50,000.00 UoL: .00%
2020-02-12 20:05:51.521 INFO  singlejartest.GUIModeTesterMain - Running, Sun 2020.02.09 15:00 Eq: 50,000.00 UoL: .00%
2020-02-12 20:05:51.523 INFO  singlejartest.GUIModeTesterMain - Running, Sun 2020.02.09 15:30 Eq: 50,000.00 UoL: .00%
2020-02-12 20:05:51.526 INFO  singlejartest.GUIModeTesterMain - Running, Sun 2020.02.09 16:00 Eq: 50,000.00 UoL: .00%
2020-02-12 20:05:51.528 INFO  singlejartest.GUIModeTesterMain - Running, Sun 2020.02.09 16:30 Eq: 50,000.00 UoL: .00%
2020-02-12 20:05:51.529 INFO  singlejartest.GUIModeTesterMain - Running, Sun 2020.02.09 17:00 Eq: 50,000.00 UoL: .00%
2020-02-12 20:05:51.531 INFO  singlejartest.GUIModeTesterMain - Running, Sun 2020.02.09 17:30 Eq: 50,000.00 UoL: .00%
2020-02-12 20:05:51.533 INFO  singlejartest.GUIModeTesterMain - Running, Sun 2020.02.09 18:00 Eq: 50,000.00 UoL: .00%
2020-02-12 20:05:51.535 INFO  singlejartest.GUIModeTesterMain - Running, Sun 2020.02.09 18:30 Eq: 50,000.00 UoL: .00%
2020-02-12 20:05:51.536 INFO  singlejartest.GUIModeTesterMain - Running, Sun 2020.02.09 19:00 Eq: 50,000.00 UoL: .00%
2020-02-12 20:05:51.538 INFO  singlejartest.GUIModeTesterMain - Running, Sun 2020.02.09 19:30 Eq: 50,000.00 UoL: .00%
2020-02-12 20:05:51.540 INFO  singlejartest.GUIModeTesterMain - Running, Sun 2020.02.09 20:00 Eq: 50,000.00 UoL: .00%
2020-02-12 20:05:51.542 INFO  singlejartest.GUIModeTesterMain - Running, Sun 2020.02.09 20:30 Eq: 50,000.00 UoL: .00%
2020-02-12 20:05:51.544 INFO  singlejartest.GUIModeTesterMain - Running, Mon 2020.02.09 21:00 Eq: 50,000.00 UoL: .00%
2020-02-12 20:05:51.545 INFO  singlejartest.GUIModeTesterMain - Running, Mon 2020.02.09 21:30 Eq: 50,000.00 UoL: .00%
2020-02-12 20:05:51.550 INFO  singlejartest.GUIModeTesterMain - Running, Mon 2020.02.09 22:00 Eq: 50,000.00 UoL: .00%
2020-02-12 20:05:51.691 INFO  singlejartest.GUIModeTesterMain - Running, Mon 2020.02.09 22:30 Eq: 50,000.00 UoL: .00%
2020-02-12 20:05:51.732 INFO  singlejartest.GUIModeTesterMain - Running, Mon 2020.02.09 23:00 Eq: 50,000.00 UoL: .00%
2020-02-12 20:05:51.769 INFO  singlejartest.GUIModeTesterMain - Running, Mon 2020.02.09 23:30 Eq: 50,000.00 UoL: .00%
2020-02-12 20:05:51.820 INFO  singlejartest.GUIModeTesterMain - Running, Mon 2020.02.10 00:00 Eq: 50,000.00 UoL: .00%
2020-02-12 20:05:51.852 INFO  singlejartest.GUIModeTesterMain - Running, Mon 2020.02.10 00:30 Eq: 50,000.00 UoL: .00%
2020-02-12 20:05:51.918 INFO  singlejartest.GUIModeTesterMain - Running, Mon 2020.02.10 01:00 Eq: 50,000.00 UoL: .00%
2020-02-12 20:05:51.939 INFO  singlejartest.GUIModeTesterMain - Running, Mon 2020.02.10 01:30 Eq: 50,000.00 UoL: .00%
2020-02-12 20:05:51.992 INFO  singlejartest.GUIModeTesterMain - Running, Mon 2020.02.10 02:00 Eq: 50,000.00 UoL: .00%
2020-02-12 20:05:52.057 INFO  singlejartest.GUIModeTesterMain - Running, Mon 2020.02.10 02:30 Eq: 50,000.00 UoL: .00%
2020-02-12 20:05:52.114 INFO  singlejartest.GUIModeTesterMain - Running, Mon 2020.02.10 03:00 Eq: 50,000.00 UoL: .00%
2020-02-12 20:05:52.128 INFO  singlejartest.GUIModeTesterMain - Running, Mon 2020.02.10 03:30 Eq: 50,000.00 UoL: .00%
2020-02-12 20:05:52.162 INFO  singlejartest.GUIModeTesterMain - Running, Mon 2020.02.10 04:00 Eq: 50,000.00 UoL: .00%
2020-02-12 20:05:52.182 INFO  singlejartest.GUIModeTesterMain - Running, Mon 2020.02.10 04:30 Eq: 50,000.00 UoL: .00%
2020-02-12 20:05:52.199 INFO  singlejartest.GUIModeTesterMain - Running, Mon 2020.02.10 05:00 Eq: 50,000.00 UoL: .00%
2020-02-12 20:05:52.219 INFO  singlejartest.GUIModeTesterMain - Running, Mon 2020.02.10 05:30 Eq: 50,000.00 UoL: .00%
2020-02-12 20:05:52.279 INFO  singlejartest.GUIModeTesterMain - Running, Mon 2020.02.10 06:00 Eq: 50,000.00 UoL: .00%
2020-02-12 20:05:52.315 INFO  singlejartest.GUIModeTesterMain - Running, Mon 2020.02.10 06:30 Eq: 50,000.00 UoL: .00%
2020-02-12 20:05:52.349 INFO  singlejartest.GUIModeTesterMain - Running, Mon 2020.02.10 07:00 Eq: 50,000.00 UoL: .00%
2020-02-12 20:05:52.385 INFO  singlejartest.GUIModeTesterMain - Running, Mon 2020.02.10 07:30 Eq: 50,000.00 UoL: .00%
2020-02-12 20:05:52.507 INFO  singlejartest.GUIModeTesterMain - Running, Mon 2020.02.10 08:00 Eq: 49,949.80 UoL: 22.13%
2020-02-12 20:05:52.640 INFO  singlejartest.GUIModeTesterMain - Running, Mon 2020.02.10 08:30 Eq: 50,040.70 UoL: 22.09%
2020-02-12 20:05:52.755 INFO  singlejartest.GUIModeTesterMain - Running, Mon 2020.02.10 09:00 Eq: 50,424.50 UoL: 21.93%
2020-02-12 20:05:52.851 INFO  singlejartest.GUIModeTesterMain - Running, Mon 2020.02.10 09:30 Eq: 50,283.10 UoL: 21.99%
2020-02-12 20:05:52.922 INFO  singlejartest.GUIModeTesterMain - Running, Mon 2020.02.10 10:00 Eq: 50,262.90 UoL: 22.00%
2020-02-12 20:05:52.965 INFO  singlejartest.GUIModeTesterMain - Running, Mon 2020.02.10 10:30 Eq: 50,475.00 UoL: 21.90%
2020-02-12 20:05:53.033 INFO  singlejartest.GUIModeTesterMain - Running, Mon 2020.02.10 11:00 Eq: 50,232.60 UoL: 22.01%
2020-02-12 20:05:53.096 INFO  singlejartest.GUIModeTesterMain - Running, Mon 2020.02.10 11:30 Eq: 50,273.00 UoL: 21.99%
2020-02-12 20:05:53.158 INFO  singlejartest.GUIModeTesterMain - Running, Mon 2020.02.10 12:00 Eq: 50,202.30 UoL: 22.02%
2020-02-12 20:05:53.222 INFO  singlejartest.GUIModeTesterMain - Running, Mon 2020.02.10 12:30 Eq: 50,384.10 UoL: 21.94%
2020-02-12 20:05:53.281 INFO  singlejartest.GUIModeTesterMain - Running, Mon 2020.02.10 13:00 Eq: 50,212.40 UoL: 22.02%
2020-02-12 20:05:53.378 INFO  singlejartest.GUIModeTesterMain - Running, Mon 2020.02.10 13:30 Eq: 50,545.70 UoL: 21.87%
2020-02-12 20:05:53.493 INFO  singlejartest.GUIModeTesterMain - Running, Mon 2020.02.10 14:00 Eq: 48,525.70 UoL: 22.78%
2020-02-12 20:05:53.612 INFO  singlejartest.GUIModeTesterMain - Running, Mon 2020.02.10 14:30 Eq: 48,121.70 UoL: 22.98%
2020-02-12 20:05:53.715 INFO  singlejartest.GUIModeTesterMain - Running, Mon 2020.02.10 15:00 Eq: 48,020.70 UoL: 23.02%
2020-02-12 20:05:53.800 INFO  singlejartest.GUIModeTesterMain - Running, Mon 2020.02.10 15:30 Eq: 49,061.00 UoL: 22.54%
2020-02-12 20:05:53.970 INFO  singlejartest.GUIModeTesterMain - Running, Mon 2020.02.10 16:00 Eq: 47,374.63 UoL: 46.63%
2020-02-12 20:05:54.101 INFO  singlejartest.GUIModeTesterMain - Running, Mon 2020.02.10 16:30 Eq: 45,173.55 UoL: .00%
2020-02-12 20:05:54.128 INFO  singlejartest.GUIModeTesterMain - Running, Mon 2020.02.10 17:00 Eq: 45,173.55 UoL: .00%
2020-02-12 20:05:54.166 INFO  singlejartest.GUIModeTesterMain - Running, Mon 2020.02.10 17:30 Eq: 45,173.55 UoL: .00%
2020-02-12 20:05:54.185 INFO  singlejartest.GUIModeTesterMain - Running, Mon 2020.02.10 18:00 Eq: 45,173.55 UoL: .00%
2020-02-12 20:05:54.209 INFO  singlejartest.GUIModeTesterMain - Running, Mon 2020.02.10 18:30 Eq: 45,173.55 UoL: .00%
2020-02-12 20:05:54.218 INFO  singlejartest.GUIModeTesterMain - Running, Mon 2020.02.10 19:00 Eq: 45,173.55 UoL: .00%
2020-02-12 20:05:54.225 INFO  singlejartest.GUIModeTesterMain - Running, Mon 2020.02.10 19:30 Eq: 45,173.55 UoL: .00%
2020-02-12 20:05:54.254 INFO  singlejartest.GUIModeTesterMain - Running, Mon 2020.02.10 20:00 Eq: 45,173.55 UoL: .00%
2020-02-12 20:05:54.262 INFO  singlejartest.GUIModeTesterMain - Running, Mon 2020.02.10 20:30 Eq: 45,173.55 UoL: .00%
2020-02-12 20:05:54.278 INFO  singlejartest.GUIModeTesterMain - Running, Tue 2020.02.10 21:00 Eq: 45,173.55 UoL: .00%
2020-02-12 20:05:54.283 INFO  singlejartest.GUIModeTesterMain - Running, Tue 2020.02.10 21:30 Eq: 45,173.55 UoL: .00%
2020-02-12 20:05:54.322 INFO  singlejartest.GUIModeTesterMain - Running, Tue 2020.02.10 22:00 Eq: 45,173.55 UoL: .00%
2020-02-12 20:05:54.328 INFO  singlejartest.GUIModeTesterMain - Running, Tue 2020.02.10 22:30 Eq: 45,173.55 UoL: .00%
2020-02-12 20:05:54.350 INFO  singlejartest.GUIModeTesterMain - Running, Tue 2020.02.10 23:00 Eq: 45,173.55 UoL: .00%
2020-02-12 20:05:54.357 INFO  singlejartest.GUIModeTesterMain - Running, Tue 2020.02.10 23:30 Eq: 45,173.55 UoL: .00%
2020-02-12 20:05:54.377 INFO  singlejartest.GUIModeTesterMain - Running, Tue 2020.02.11 00:00 Eq: 45,173.55 UoL: .00%
2020-02-12 20:05:54.392 INFO  singlejartest.GUIModeTesterMain - Running, Tue 2020.02.11 00:30 Eq: 45,173.55 UoL: .00%
2020-02-12 20:05:54.414 INFO  singlejartest.GUIModeTesterMain - Running, Tue 2020.02.11 01:00 Eq: 45,173.55 UoL: .00%
2020-02-12 20:05:54.426 INFO  singlejartest.GUIModeTesterMain - Running, Tue 2020.02.11 01:30 Eq: 45,173.55 UoL: .00%
2020-02-12 20:05:54.460 INFO  singlejartest.GUIModeTesterMain - Running, Tue 2020.02.11 02:00 Eq: 45,173.55 UoL: .00%
2020-02-12 20:05:54.467 INFO  singlejartest.GUIModeTesterMain - Running, Tue 2020.02.11 02:30 Eq: 45,173.55 UoL: .00%
2020-02-12 20:05:54.480 INFO  singlejartest.GUIModeTesterMain - Running, Tue 2020.02.11 03:00 Eq: 45,173.55 UoL: .00%
2020-02-12 20:05:54.486 INFO  singlejartest.GUIModeTesterMain - Running, Tue 2020.02.11 03:30 Eq: 45,173.55 UoL: .00%
2020-02-12 20:05:54.494 INFO  singlejartest.GUIModeTesterMain - Running, Tue 2020.02.11 04:00 Eq: 45,173.55 UoL: .00%
2020-02-12 20:05:54.498 INFO  singlejartest.GUIModeTesterMain - Running, Tue 2020.02.11 04:30 Eq: 45,173.55 UoL: .00%
2020-02-12 20:05:54.518 INFO  singlejartest.GUIModeTesterMain - Running, Tue 2020.02.11 05:00 Eq: 45,173.55 UoL: .00%
2020-02-12 20:05:54.525 INFO  singlejartest.GUIModeTesterMain - Running, Tue 2020.02.11 05:30 Eq: 45,173.55 UoL: .00%
2020-02-12 20:05:54.533 INFO  singlejartest.GUIModeTesterMain - Running, Tue 2020.02.11 06:00 Eq: 45,173.55 UoL: .00%
2020-02-12 20:05:54.542 INFO  singlejartest.GUIModeTesterMain - Running, Tue 2020.02.11 06:30 Eq: 45,173.55 UoL: .00%
2020-02-12 20:05:54.561 INFO  singlejartest.GUIModeTesterMain - Running, Tue 2020.02.11 07:00 Eq: 45,173.55 UoL: .00%
2020-02-12 20:05:54.577 INFO  singlejartest.GUIModeTesterMain - Running, Tue 2020.02.11 07:30 Eq: 45,173.55 UoL: .00%
2020-02-12 20:05:54.633 INFO  singlejartest.GUIModeTesterMain - Running, Tue 2020.02.11 08:00 Eq: 45,173.55 UoL: .00%
2020-02-12 20:05:54.652 INFO  singlejartest.GUIModeTesterMain - Running, Tue 2020.02.11 08:30 Eq: 45,173.55 UoL: .00%
2020-02-12 20:05:54.689 INFO  singlejartest.GUIModeTesterMain - Running, Tue 2020.02.11 09:00 Eq: 45,173.55 UoL: .00%
2020-02-12 20:05:54.706 INFO  singlejartest.GUIModeTesterMain - Running, Tue 2020.02.11 09:30 Eq: 45,173.55 UoL: .00%
2020-02-12 20:05:54.777 INFO  singlejartest.GUIModeTesterMain - Running, Tue 2020.02.11 10:00 Eq: 45,173.55 UoL: .00%
2020-02-12 20:05:54.834 INFO  singlejartest.GUIModeTesterMain - Running, Tue 2020.02.11 10:30 Eq: 45,173.55 UoL: .00%
2020-02-12 20:05:54.868 INFO  singlejartest.GUIModeTesterMain - Running, Tue 2020.02.11 11:00 Eq: 45,173.55 UoL: .00%
2020-02-12 20:05:54.896 INFO  singlejartest.GUIModeTesterMain - Running, Tue 2020.02.11 11:30 Eq: 45,173.55 UoL: .00%
2020-02-12 20:05:54.929 INFO  singlejartest.GUIModeTesterMain - Running, Tue 2020.02.11 12:00 Eq: 45,173.55 UoL: .00%
2020-02-12 20:05:54.947 INFO  singlejartest.GUIModeTesterMain - Running, Tue 2020.02.11 12:30 Eq: 45,173.55 UoL: .00%
2020-02-12 20:05:55.054 INFO  singlejartest.GUIModeTesterMain - Running, Tue 2020.02.11 13:00 Eq: 45,115.70 UoL: 24.42%
2020-02-12 20:05:55.215 INFO  singlejartest.GUIModeTesterMain - Running, Tue 2020.02.11 13:30 Eq: 43,944.10 UoL: 25.07%
2020-02-12 20:05:55.447 INFO  singlejartest.GUIModeTesterMain - Running, Tue 2020.02.11 14:00 Eq: 44,550.10 UoL: 24.73%
2020-02-12 20:05:55.653 INFO  singlejartest.GUIModeTesterMain - Running, Tue 2020.02.11 14:30 Eq: 45,482.05 UoL: .01%
2020-02-12 20:05:55.800 INFO  singlejartest.GUIModeTesterMain - Running, Tue 2020.02.11 15:00 Eq: 45,492.15 UoL: .01%
2020-02-12 20:05:56.015 INFO  singlejartest.GUIModeTesterMain - Running, Tue 2020.02.11 15:30 Eq: 45,482.05 UoL: .01%
2020-02-12 20:05:56.132 INFO  singlejartest.GUIModeTesterMain - Running, Tue 2020.02.11 16:00 Eq: 45,492.15 UoL: .01%
2020-02-12 20:05:56.184 INFO  singlejartest.GUIModeTesterMain - Running, Tue 2020.02.11 16:30 Eq: 45,471.95 UoL: .01%
2020-02-12 20:05:56.354 INFO  singlejartest.GUIModeTesterMain - Running, Tue 2020.02.11 17:00 Eq: 45,558.22 UoL: .01%
2020-02-12 20:05:56.403 INFO  singlejartest.GUIModeTesterMain - Running, Tue 2020.02.11 17:30 Eq: 45,558.22 UoL: .01%
2020-02-12 20:05:56.429 INFO  singlejartest.GUIModeTesterMain - Running, Tue 2020.02.11 18:00 Eq: 45,558.22 UoL: .01%
2020-02-12 20:05:56.454 INFO  singlejartest.GUIModeTesterMain - Running, Tue 2020.02.11 18:30 Eq: 45,558.22 UoL: .01%
2020-02-12 20:05:56.497 INFO  singlejartest.GUIModeTesterMain - Running, Tue 2020.02.11 19:00 Eq: 45,578.42 UoL: .01%
2020-02-12 20:05:56.524 INFO  singlejartest.GUIModeTesterMain - Running, Tue 2020.02.11 19:30 Eq: 45,558.22 UoL: .01%
2020-02-12 20:05:56.547 INFO  singlejartest.GUIModeTesterMain - Running, Tue 2020.02.11 20:00 Eq: 45,558.22 UoL: .01%
2020-02-12 20:05:56.562 INFO  singlejartest.GUIModeTesterMain - Running, Tue 2020.02.11 20:30 Eq: 45,558.22 UoL: .01%
2020-02-12 20:05:56.577 INFO  singlejartest.GUIModeTesterMain - Running, Wed 2020.02.11 21:00 Eq: 45,558.22 UoL: .01%
2020-02-12 20:05:56.582 INFO  singlejartest.GUIModeTesterMain - Running, Wed 2020.02.11 21:30 Eq: 45,538.02 UoL: .01%
2020-02-12 20:05:56.599 INFO  singlejartest.GUIModeTesterMain - Running, Wed 2020.02.11 22:00 Eq: 45,160.28 UoL: .01%
2020-02-12 20:05:56.622 INFO  singlejartest.GUIModeTesterMain - Running, Wed 2020.02.11 22:30 Eq: 45,544.08 UoL: .01%
2020-02-12 20:05:56.640 INFO  singlejartest.GUIModeTesterMain - Running, Wed 2020.02.11 23:00 Eq: 45,402.68 UoL: .01%
2020-02-12 20:05:56.662 INFO  singlejartest.GUIModeTesterMain - Running, Wed 2020.02.11 23:30 Eq: 45,523.88 UoL: .01%
2020-02-12 20:05:56.674 INFO  singlejartest.GUIModeTesterMain - Executing onStop
2020-02-12 20:05:56.705 INFO  singlejartest.GUIModeTesterMain - Strategy stopped: 0
