2020-02-12 20:12:35.323 INFO  singlejartest.GUIModeTesterMain - Connecting...
2020-02-12 20:12:35.940 INFO  com.dukascopy.api.impl.connect.AuthorizationClient - environment(jnlp.client.mode)=DEMO, platformInstanceId=null
2020-02-12 20:12:35.954 INFO  com.dukascopy.api.impl.connect.AuthorizationClient - Auth step 1 request [1287DC9881D1B2AE81D95D1B2337B239909EC8BA]
2020-02-12 20:12:35.955 DEBUG com.dukascopy.api.impl.connect.AuthorizationClient - >> [https://login.dukascopy.com/authorization-1/demo/auth?munus=srp_api&passus=1&sermo=9a14df7d-f4d6-40b0-8750-4ee66546ca3a&putent_genus=0&appello=1287DC9881D1B2AE81D95D1B2337B239909EC8BA&obsecro_id=9ff97658-4981-4056-b321-24f51cbb208b&srp_versio=1]
2020-02-12 20:12:36.366 DEBUG com.dukascopy.api.impl.connect.AuthorizationClient - << [{"B":"9bb668788dda1c52b2e70fc43e5c0fa98945ceb1488753670d58d8baffdf5a01e7891d165fd6590e553ce8587d9bacbe3c76de3aa66f080bcf0fe65bed1e823495bb885945f37c1191f67e98791795007ce8d46e3dff9eff7609f80678b5acba19c730dbb49f722c1c88bf2b8845014d021d31152e98672bbcd948ca5c8522efe6283aab10f97b117bce565c624f2f15b87aaa4c8da9ce2b187a64873cffb1b77b2b08073a14f59f0f5fee687190cb5a10a6c5cb03913db218f9dd62512363b1ed9d0a81ca17146d6b237493a746ad390e7950f8d48868c388c0738ee33b8af13361073595740f8e0740148edc91e0d80688eb1209815ef3b6c52966f707c649","S":"2a2a8a96520cc8d67a742dd86d41f0f3","G":"2","H":"SHA-256","K":"5b9e8ef059c6b32ea59fc1d322d37f04aa30bae5aa9003b8321e21ddb04e300","N":"ac6bdb41324a9a9bf166de5e1389582faf72b6651987ee07fc3192943db56050a37329cbb4a099ed8193e0757767a13dd52312ab4b03310dcd7f48a9da04fd50e8083969edb767b0cf6095179a163ab3661a05fbd5faaae82918a9962f0b93b855f97993ec975eeaa80d740adbf4ff747359d041d5c33ea71d281e446b14773bca97b43a23fb801676bd207a436c6481f1d2b9078717461a5b9d32e688f87748544523b524b0d57d5ea77a2775d2ecfa032cfbdbf52fb3786160279004e57ae6af874e7303ce53299ccc041c7bc308d82a5698f3a8d0c38271ae35f8e9dbfbb694b5c803d89f7ae435de236d525f54759b65e372fcd68ef20fa7111f9e4aff73","srp_versio":"1"}]
2020-02-12 20:12:36.368 INFO  com.dukascopy.api.impl.connect.AuthorizationClient - Auth step 1 response [ServerResponseObject [passwordServerResponse=Step1ServerResponse [serverPublicValueB=9bb668788dda1c52b2e70fc43e5c0fa98945ceb1488753670d58d8baffdf5a01e7891d165fd6590e553ce8587d9bacbe3c76de3aa66f080bcf0fe65bed1e823495bb885945f37c1191f67e98791795007ce8d46e3dff9eff7609f80678b5acba19c730dbb49f722c1c88bf2b8845014d021d31152e98672bbcd948ca5c8522efe6283aab10f97b117bce565c624f2f15b87aaa4c8da9ce2b187a64873cffb1b77b2b08073a14f59f0f5fee687190cb5a10a6c5cb03913db218f9dd62512363b1ed9d0a81ca17146d6b237493a746ad390e7950f8d48868c388c0738ee33b8af13361073595740f8e0740148edc91e0d80688eb1209815ef3b6c52966f707c649, saltS=2a2a8a96520cc8d67a742dd86d41f0f3, safePrimeN=ac6bdb41324a9a9bf166de5e1389582faf72b6651987ee07fc3192943db56050a37329cbb4a099ed8193e0757767a13dd52312ab4b03310dcd7f48a9da04fd50e8083969edb767b0cf6095179a163ab3661a05fbd5faaae82918a9962f0b93b855f97993ec975eeaa80d740adbf4ff747359d041d5c33ea71d281e446b14773bca97b43a23fb801676bd207a436c6481f1d2b9078717461a5b9d32e688f87748544523b524b0d57d5ea77a2775d2ecfa032cfbdbf52fb3786160279004e57ae6af874e7303ce53299ccc041c7bc308d82a5698f3a8d0c38271ae35f8e9dbfbb694b5c803d89f7ae435de236d525f54759b65e372fcd68ef20fa7111f9e4aff73, correspondingGeneratorG=2, hashAlgorithmH=SHA-256, srpProtocolVersion=1], ]]
2020-02-12 20:12:36.459 INFO  com.dukascopy.api.impl.connect.AuthorizationClient - Auth step 2 request A [12818913410757113639284902068467199054265589866714548275002948808847873943575586217496964145482376220309732842147387386757802186439637335078533154523580758680342563330542649322296142259107370545435554564441521488890806204914876333223704707407171952062604046075020525090380616988903013426056116198369946819531763659798082820235822081899985786940995770951141884938059984289403579930423221428206967957940949594405894405967585660559708334508165444639947093507803525057146746100031951064094898876595782156080540751544974489764278824046042979714792478313811397059389048220881771659655601052131037687803014453514358176193308], M1 [63188975036442345355016674337940621379263608224320350084221629710976807811524]
2020-02-12 20:12:36.460 DEBUG com.dukascopy.api.impl.connect.AuthorizationClient - >> [https://login.dukascopy.com/authorization-1/demo/auth?munus=srp_api&testimonium_nuntius=8bb3b1449ba9bcdef6deb384b05ac2d284bcd40d3459d7693096d77cb79f39c4&passus=2&publicus_pendo=658b9c57c8cad482ee716d51994d4100bc687daa64269a5e7a7230fb13cbd5929189532c2d4069ddab45b8f06d5ff2c9b1291b8299cfad129489f59da86be71ee60e5e33e1f053fd3282bd3c8101b87ef4032d1eac364341c4cf299baf9f35d31de18fdec91bdebfbec3cccb8db766833ce45e9c896bd514887073320e80f6a52011cb4e538ed56c92d6df328642ce373b869a660d32ec521166d69e433de47a4b4c22fe0a8858556042a596199866b8c52df7ea23e06832586b85d92fd79b40e071455ee86a963506c4ee39c053ac6429a4681c412d6c2a958bae3942cc6ae2782a14c78869f562043931e5f42f9fd16a50ddc5491a16a9f27787dbb9f99b1c&sermo=9a14df7d-f4d6-40b0-8750-4ee66546ca3a&putent_genus=0&obsecro_id=9ff97658-4981-4056-b321-24f51cbb208b&srp_versio=1]
2020-02-12 20:12:36.771 DEBUG com.dukascopy.api.impl.connect.AuthorizationClient - << [{"M2":"8618f393b4bb439bedf88abb19b46f2538898cf393360e9e38e1bf92bdbf4d79","srp_versio":"1"}]
2020-02-12 20:12:36.772 INFO  com.dukascopy.api.impl.connect.AuthorizationClient - Auth step 2 response [ServerResponseObject [passwordServerResponse=Step2ServerResponse [serverEvidenceMessageM2=8618f393b4bb439bedf88abb19b46f2538898cf393360e9e38e1bf92bdbf4d79, srpProtocolVersion=1], ]]
2020-02-12 20:12:36.772 INFO  com.dukascopy.api.impl.connect.AuthorizationClient - Auth step 3 request
2020-02-12 20:12:36.773 DEBUG com.dukascopy.api.impl.connect.AuthorizationClient - >> [https://login.dukascopy.com/authorization-1/demo/auth?munus=srp_api&passus=3&sermo=9a14df7d-f4d6-40b0-8750-4ee66546ca3a&versio=318.4.87&willPing=true&occasus_content_vulgate=0&putent_genus=0&occasus=true&platform=DDS3_JFOREXSDK&obsecro_id=9ff97658-4981-4056-b321-24f51cbb208b&srp_versio=1]
2020-02-12 20:12:37.426 DEBUG com.dukascopy.api.impl.connect.AuthorizationClient - << [{"occasus":"rO0ABXNyABRqYXZhLnV0aWwuUHJvcGVydGllczkS0HpwNj6YAgABTAAIZGVmYXVsdHN0ABZMamF2\r\nYS91dGlsL1Byb3BlcnRpZX...","authApiURLs":["d-ja-msk-10.dukascopy.com:10443","d-ja-gva-101-135-154.dukascopy.com:10443","d-ja-usa-e-96-4-a.dukascopy.com:10443","d-ja-sgn-04-b.dukascopy.com:10443","d-ja-jpn-04-a.dukascopy.com:10443","d-ja-hk-110-05.dukascopy.ch:10443","d-ja-hk-111-4.dukascopy.ch:10443"],"srp_versio":"1"}]
2020-02-12 20:12:37.437 INFO  com.dukascopy.api.impl.connect.AuthorizationClient - Auth step 3 response [ServerResponseObject [passwordServerResponse=Step3ServerResponse [serverResponse={"occasus":"rO0ABXNyABRqYXZhLnV0aWwuUHJvcGVydGllczkS0HpwNj6YAgABTAAIZGVmYXVsdHN0ABZMamF2\r\nYS91dGlsL1Byb3BlcnRpZX...","authApiURLs":["d-ja-msk-10.dukascopy.com:10443","d-ja-gva-101-135-154.dukascopy.com:10443","d-ja-usa-e-96-4-a.dukascopy.com:10443","d-ja-sgn-04-b.dukascopy.com:10443","d-ja-jpn-04-a.dukascopy.com:10443","d-ja-hk-110-05.dukascopy.ch:10443","d-ja-hk-111-4.dukascopy.ch:10443"],"srp_versio":"1"}], responseHeaderFields={Transfer-Encoding=[chunked], null=[HTTP/1.1 200], idle-session-ttl=[900000], CF-RAY=[5640303e0ee68f0d-DME], Server=[cloudflare], Connection=[keep-alive], Client-Country=[RU], Pragma=[no-cache], Last-Modified=[Wed, 12 Feb 2020 17:12:37 GMT], Date=[Wed, 12 Feb 2020 17:12:37 GMT], CF-Cache-Status=[DYNAMIC], Cache-Control=[no-cache, must-revalidate, no-store, max-age=0], Access-Control-Allow-Credentials=[true], Client-IP=[91.194.227.231], Vary=[Accept-Encoding], Set-Cookie=[__cfduid=d61648b91a6847911ee87a7b772bdba691581527556; expires=Fri, 13-Mar-20 17:12:36 GMT; path=/; domain=.dukascopy.com; HttpOnly; SameSite=Lax], Expires=[Thu, 01 Jan 1970 00:00:00 GMT], Expect-CT=[max-age=604800, report-uri="https://report-uri.cloudflare.com/cdn-cgi/beacon/expect-ct"], Content-Type=[text/plain;charset=UTF-8]}]]
2020-02-12 20:12:37.540 INFO  com.dukascopy.api.impl.connect.AuthorizationClient - APIC: Ping API server URLs synchronously
2020-02-12 20:12:37.541 INFO  com.dukascopy.api.impl.connect.PingHelper - Selecting the best server...
2020-02-12 20:12:37.947 INFO  com.dukascopy.api.impl.connect.PingHelper - The ping start time=2020-02-12 20:12:37:947
2020-02-12 20:12:39.987 INFO  com.dukascopy.api.impl.connect.PingHelper - The ping end time=2020-02-12 20:12:39:986, the ping processing time=[2039]ms
2020-02-12 20:12:39.987 DEBUG com.dukascopy.api.impl.connect.PingHelper - Best api url [d-ja-hk-110-05.dukascopy.ch:10443] with time [226]
2020-02-12 20:12:39.988 INFO  com.dukascopy.dds2.greed.ping.ApiServerManager - APIC: The ping is finished, the fastest API server is saved: d-ja-hk-110-05.dukascopy.ch:10443 (226 ms)
2020-02-12 20:12:39.988 DEBUG com.dukascopy.api.impl.connect.TesterClientImpl - d-ja-hk-110-05.dukascopy.ch:10443@d76a638dfff6a56f44c96c8a511f2d7115ec29887e035e6aa49965b7f8d79a06
2020-02-12 20:12:39.992 INFO  com.dukascopy.dds2.greed.util.FilePathManager - WL info is unavailable. Use default App folder for Platform data:  C:\Users\g.vakhrushev\AppData\Local\JForex
2020-02-12 20:12:40.231 WARN  com.dukascopy.charts.data.datacache.FeedDataProvider - JStore is disabled for the current user
2020-02-12 20:12:40.243 DEBUG com.dukascopy.api.impl.connect.TesterClientImpl - UserAgent: {"clientType":"DDS3_JFOREXSDK","javaVersion":"11.0.1","jvmVersion":"11.0.1+13-LTS","clientVersion":"318.4.87","osName":"Windows 7"}
2020-02-12 20:12:43.735 INFO  com.dukascopy.dds2.greed.connection.GreedClientAuthorizationProvider - !!!:Thread[(NettyTransportClient-0) ClientConnector,6,main]
2020-02-12 20:12:43.738 INFO  com.dukascopy.dds4.transport.client.netty.ClientConnector - Authorize task in queue, server address [d-ja-hk-110-05.dukascopy.ch/13.75.115.155:10443], transport name [NettyTransportClient-0]
2020-02-12 20:12:43.739 DEBUG com.dukascopy.api.impl.connect.TesterClientImpl - Authorized
2020-02-12 20:12:43.762 INFO  com.dukascopy.api.instrument.subscribe.InstrumentManager - InstrumentManager created.
2020-02-12 20:12:44.073 WARN  com.dukascopy.api.impl.connect.WLabelData - White Label Image is not received
2020-02-12 20:12:44.073 INFO  singlejartest.GUIModeTesterMain - Connected
2020-02-12 20:12:44.073 INFO  singlejartest.GUIModeTesterMain - Subscribing instruments...
2020-02-12 20:12:44.075 INFO  singlejartest.GUIModeTesterMain - Downloading data
2020-02-12 20:12:44.082 INFO  com.dukascopy.charts.data.datacache.metadata.FeedMetadataManager - Loading first times for [EUR/USD]...
2020-02-12 20:12:44.310 INFO  com.dukascopy.charts.data.datacache.metadata.FeedMetadataManager - First times loaded {EUR/USD={Ticks=1052082000914, 1 Min=1052082000000, Hourly=1052082000000, Daily=99792000000}}
2020-02-12 20:12:44.322 INFO  singlejartest.GUIModeTesterMain - Starting strategy
2020-02-12 20:12:45.291 INFO  singlejartest.GUIModeTesterMain - Strategy started: 0
2020-02-12 20:12:45.293 INFO  singlejartest.GUIModeTesterMain - Getting prices before start time
2020-02-12 20:12:45.553 INFO  singlejartest.GUIModeTesterMain - Creating data loading threads
2020-02-12 20:12:45.556 INFO  singlejartest.GUIModeTesterMain - Getting prices before start time
2020-02-12 20:12:45.601 WARN  com.dukascopy.api.impl.connect.WLabelData - White Label Image is not received
2020-02-12 20:12:45.615 INFO  singlejartest.GUIModeTesterMain - Filling in-progress candles
2020-02-12 20:12:45.643 INFO  singlejartest.GUIModeTesterMain - Executing onStart
2020-02-12 20:12:45.667 INFO  singlejartest.GUIModeTesterMain - Running
2020-02-12 20:12:46.336 INFO  singlejartest.GUIModeTesterMain - Running, Wed 2016.05.25 12:30 Eq: 50,000.00 UoL: .00%
2020-02-12 20:12:46.560 INFO  singlejartest.GUIModeTesterMain - Running, Wed 2016.05.25 13:00 Eq: 49,929.23 UoL: 22.55%
2020-02-12 20:12:46.835 INFO  singlejartest.GUIModeTesterMain - Running, Wed 2016.05.25 13:30 Eq: 50,111.03 UoL: 22.47%
2020-02-12 20:12:47.118 INFO  singlejartest.GUIModeTesterMain - Running, Wed 2016.05.25 14:00 Eq: 50,161.47 UoL: .00%
2020-02-12 20:12:47.455 INFO  singlejartest.GUIModeTesterMain - Running, Wed 2016.05.25 14:30 Eq: 48,979.70 UoL: 22.98%
2020-02-12 20:12:47.725 INFO  singlejartest.GUIModeTesterMain - Running, Wed 2016.05.25 15:00 Eq: 50,120.94 UoL: .01%
2020-02-12 20:12:47.982 INFO  singlejartest.GUIModeTesterMain - Running, Wed 2016.05.25 15:30 Eq: 50,100.74 UoL: .01%
2020-02-12 20:12:48.168 INFO  singlejartest.GUIModeTesterMain - Running, Wed 2016.05.25 16:00 Eq: 50,141.14 UoL: .01%
2020-02-12 20:12:48.261 INFO  singlejartest.GUIModeTesterMain - Running, Wed 2016.05.25 16:30 Eq: 50,100.74 UoL: .01%
2020-02-12 20:12:48.340 INFO  singlejartest.GUIModeTesterMain - Running, Wed 2016.05.25 17:00 Eq: 50,120.94 UoL: .01%
2020-02-12 20:12:48.510 INFO  singlejartest.GUIModeTesterMain - Running, Wed 2016.05.25 17:30 Eq: 49,747.15 UoL: 22.66%
2020-02-12 20:12:48.586 INFO  singlejartest.GUIModeTesterMain - Running, Wed 2016.05.25 18:00 Eq: 49,969.35 UoL: 22.56%
2020-02-12 20:12:48.692 INFO  singlejartest.GUIModeTesterMain - Running, Wed 2016.05.25 18:30 Eq: 50,141.05 UoL: 22.49%
2020-02-12 20:12:48.795 INFO  singlejartest.GUIModeTesterMain - Running, Wed 2016.05.25 19:00 Eq: 49,898.65 UoL: 22.59%
2020-02-12 20:12:48.877 INFO  singlejartest.GUIModeTesterMain - Running, Wed 2016.05.25 19:30 Eq: 49,858.25 UoL: 22.61%
2020-02-12 20:12:48.981 INFO  singlejartest.GUIModeTesterMain - Running, Wed 2016.05.25 20:00 Eq: 50,757.08 UoL: .02%
2020-02-12 20:12:49.058 INFO  singlejartest.GUIModeTesterMain - Running, Wed 2016.05.25 20:30 Eq: 50,635.88 UoL: .02%
2020-02-12 20:12:49.127 INFO  singlejartest.GUIModeTesterMain - Running, Thu 2016.05.25 21:00 Eq: 50,390.45 UoL: .02%
2020-02-12 20:12:49.183 INFO  singlejartest.GUIModeTesterMain - Running, Thu 2016.05.25 21:30 Eq: 50,511.65 UoL: .02%
2020-02-12 20:12:49.279 INFO  singlejartest.GUIModeTesterMain - Running, Thu 2016.05.25 22:00 Eq: 50,602.55 UoL: .02%
2020-02-12 20:12:49.392 INFO  singlejartest.GUIModeTesterMain - Running, Thu 2016.05.25 22:30 Eq: 50,511.65 UoL: .02%
2020-02-12 20:12:49.437 INFO  singlejartest.GUIModeTesterMain - Running, Thu 2016.05.25 23:00 Eq: 50,481.35 UoL: .02%
2020-02-12 20:12:49.620 INFO  singlejartest.GUIModeTesterMain - Running, Thu 2016.05.25 23:30 Eq: 50,572.25 UoL: .02%
2020-02-12 20:12:49.651 INFO  singlejartest.GUIModeTesterMain - Executing onStop
2020-02-12 20:12:49.687 INFO  singlejartest.GUIModeTesterMain - Strategy stopped: 0
