2020-02-12 18:19:39.374 INFO  singlejartest.Main - Connecting...
2020-02-12 18:19:39.919 INFO  com.dukascopy.api.impl.connect.AuthorizationClient - environment(jnlp.client.mode)=DEMO, platformInstanceId=null
2020-02-12 18:19:39.936 INFO  com.dukascopy.api.impl.connect.AuthorizationClient - Auth step 1 request [1287DC9881D1B2AE81D95D1B2337B239909EC8BA]
2020-02-12 18:19:39.938 DEBUG com.dukascopy.api.impl.connect.AuthorizationClient - >> [https://login.dukascopy.com/authorization-1/demo/auth?munus=srp_api&passus=1&sermo=b28f9638-b5f2-45cc-8cdb-72070ee15dc9&putent_genus=0&appello=1287DC9881D1B2AE81D95D1B2337B239909EC8BA&obsecro_id=b220ea9b-3b8e-48e1-a0a5-b46a8262d12d&srp_versio=1]
2020-02-12 18:19:40.715 DEBUG com.dukascopy.api.impl.connect.AuthorizationClient - << [{"B":"4886777f8ada4bc5416777e2f4a27b3e3bd5017651fee7d8b7c343540fee4ed3d5772da8b231d78e4d9fadf27078943ca62a90a69eeef988adc7ec4f19c97232abf67badc8b5d3298f1a30da5ccb45d087c6781b941925cd8fe2dbe3b9e2812b1e8038fd6c9143ccb69f1c0d23dcc954bb84665d7f33dfebda2a62af07b553a1cf67684a60b47c5b6730d79bb02ec16fecc6fe2f3fcb07394411f1b4391d7ddc8e9a608912f2b59b6af2f5acba3a256f5379a0c152ffdf6a08a801b981c62a3349e8314227ec276c1e74983ff9ef5141fae4f24a690664660090b3e009e0ebcc5460375f71a5434b87af97071173f5eec45c7400cb8ab4133fb1583dd04c2246","S":"671e6f1ebc578c0806c97b9409cdcb33","G":"2","H":"SHA-256","K":"5b9e8ef059c6b32ea59fc1d322d37f04aa30bae5aa9003b8321e21ddb04e300","N":"ac6bdb41324a9a9bf166de5e1389582faf72b6651987ee07fc3192943db56050a37329cbb4a099ed8193e0757767a13dd52312ab4b03310dcd7f48a9da04fd50e8083969edb767b0cf6095179a163ab3661a05fbd5faaae82918a9962f0b93b855f97993ec975eeaa80d740adbf4ff747359d041d5c33ea71d281e446b14773bca97b43a23fb801676bd207a436c6481f1d2b9078717461a5b9d32e688f87748544523b524b0d57d5ea77a2775d2ecfa032cfbdbf52fb3786160279004e57ae6af874e7303ce53299ccc041c7bc308d82a5698f3a8d0c38271ae35f8e9dbfbb694b5c803d89f7ae435de236d525f54759b65e372fcd68ef20fa7111f9e4aff73","srp_versio":"1"}]
2020-02-12 18:19:40.716 INFO  com.dukascopy.api.impl.connect.AuthorizationClient - Auth step 1 response [ServerResponseObject [passwordServerResponse=Step1ServerResponse [serverPublicValueB=4886777f8ada4bc5416777e2f4a27b3e3bd5017651fee7d8b7c343540fee4ed3d5772da8b231d78e4d9fadf27078943ca62a90a69eeef988adc7ec4f19c97232abf67badc8b5d3298f1a30da5ccb45d087c6781b941925cd8fe2dbe3b9e2812b1e8038fd6c9143ccb69f1c0d23dcc954bb84665d7f33dfebda2a62af07b553a1cf67684a60b47c5b6730d79bb02ec16fecc6fe2f3fcb07394411f1b4391d7ddc8e9a608912f2b59b6af2f5acba3a256f5379a0c152ffdf6a08a801b981c62a3349e8314227ec276c1e74983ff9ef5141fae4f24a690664660090b3e009e0ebcc5460375f71a5434b87af97071173f5eec45c7400cb8ab4133fb1583dd04c2246, saltS=671e6f1ebc578c0806c97b9409cdcb33, safePrimeN=ac6bdb41324a9a9bf166de5e1389582faf72b6651987ee07fc3192943db56050a37329cbb4a099ed8193e0757767a13dd52312ab4b03310dcd7f48a9da04fd50e8083969edb767b0cf6095179a163ab3661a05fbd5faaae82918a9962f0b93b855f97993ec975eeaa80d740adbf4ff747359d041d5c33ea71d281e446b14773bca97b43a23fb801676bd207a436c6481f1d2b9078717461a5b9d32e688f87748544523b524b0d57d5ea77a2775d2ecfa032cfbdbf52fb3786160279004e57ae6af874e7303ce53299ccc041c7bc308d82a5698f3a8d0c38271ae35f8e9dbfbb694b5c803d89f7ae435de236d525f54759b65e372fcd68ef20fa7111f9e4aff73, correspondingGeneratorG=2, hashAlgorithmH=SHA-256, srpProtocolVersion=1], ]]
2020-02-12 18:19:40.838 INFO  com.dukascopy.api.impl.connect.AuthorizationClient - Auth step 2 request A [4025806546220332690427861721954768550226525856702468873146477820958726874691402843813809535742407316703221249862414947923568299438435543367307935835166215492446441015751922198111246666593840573729076915977540376956242189294074004852458831780375762531930388926945677448930957039234781738042680357737704204895162226589979414699901492297092578641774212646309394359208487689580693629109084322462888919931896594892603189828488771062131579635245405550309085308393156904137477665043179050060065107492732029044718264206429303032447923734468681494829887340533713194521849659959311040311425820096255114687418905358969333655837], M1 [84453304826129889899253688175297212567980270840008223878253716602408001177391]
2020-02-12 18:19:40.838 DEBUG com.dukascopy.api.impl.connect.AuthorizationClient - >> [https://login.dukascopy.com/authorization-1/demo/auth?munus=srp_api&testimonium_nuntius=bab6e06911d1bfac10cfb5122bcb3b6d55e94c9744bf1a4d14b68f1a5bad872f&passus=2&publicus_pendo=1fe3f9d2bafd6238e03a0e8e2675247938fdd24d47b8e82e5da33691e7018e357880cec3ef5b7995456d28f78002d824ec70a797d9fd024b26ae189703269edff50d438aa90bd650883192e96dfcb1342272368474354cd585a56d367bc6bf604f0a3002ebe30cb24c1b2ab138e9927f441e37ce919c4c05cffa2fd7881e4616bad8c4bdb6e5b1bf7baae70df239651faff354998d0e00159bb2c0a9cefda498c2db67c39fb26e8ccc46cba58b2feebcd3660e4893064fd35aa2306e387b44f8a38561875768e57b4b3f3b23e89778519e68cf991a34f91d03dd0715cc954b687325c2057c26904b5dbe158c17fd35ae50f71f74dbef5f13de661bf41c00a91d&sermo=b28f9638-b5f2-45cc-8cdb-72070ee15dc9&putent_genus=0&obsecro_id=b220ea9b-3b8e-48e1-a0a5-b46a8262d12d&srp_versio=1]
2020-02-12 18:19:41.164 DEBUG com.dukascopy.api.impl.connect.AuthorizationClient - << [{"M2":"a3e7ede5a06d0f8805cb608d767278c04c35f0eeca15c4ccc7aa992a44641fcf","srp_versio":"1"}]
2020-02-12 18:19:41.164 INFO  com.dukascopy.api.impl.connect.AuthorizationClient - Auth step 2 response [ServerResponseObject [passwordServerResponse=Step2ServerResponse [serverEvidenceMessageM2=a3e7ede5a06d0f8805cb608d767278c04c35f0eeca15c4ccc7aa992a44641fcf, srpProtocolVersion=1], ]]
2020-02-12 18:19:41.165 INFO  com.dukascopy.api.impl.connect.AuthorizationClient - Auth step 3 request
2020-02-12 18:19:41.165 DEBUG com.dukascopy.api.impl.connect.AuthorizationClient - >> [https://login.dukascopy.com/authorization-1/demo/auth?munus=srp_api&passus=3&sermo=b28f9638-b5f2-45cc-8cdb-72070ee15dc9&versio=318.4.87&willPing=true&occasus_content_vulgate=0&putent_genus=0&occasus=true&platform=DDS3_JFOREXSDK&obsecro_id=b220ea9b-3b8e-48e1-a0a5-b46a8262d12d&srp_versio=1]
2020-02-12 18:19:42.037 DEBUG com.dukascopy.api.impl.connect.AuthorizationClient - << [{"occasus":"rO0ABXNyABRqYXZhLnV0aWwuUHJvcGVydGllczkS0HpwNj6YAgABTAAIZGVmYXVsdHN0ABZMamF2\r\nYS91dGlsL1Byb3BlcnRpZX...","authApiURLs":["d-ja-msk-10.dukascopy.com:10443","d-ja-gva-101-135-154.dukascopy.com:10443","d-ja-usa-e-96-4-a.dukascopy.com:10443","d-ja-sgn-04-a.dukascopy.com:10443","d-ja-jpn-102-100-c.dukascopy.com:10443","d-ja-hk-110-05.dukascopy.ch:10443","d-ja-hk-111-4.dukascopy.ch:10443"],"srp_versio":"1"}]
2020-02-12 18:19:42.053 INFO  com.dukascopy.api.impl.connect.AuthorizationClient - Auth step 3 response [ServerResponseObject [passwordServerResponse=Step3ServerResponse [serverResponse={"occasus":"rO0ABXNyABRqYXZhLnV0aWwuUHJvcGVydGllczkS0HpwNj6YAgABTAAIZGVmYXVsdHN0ABZMamF2\r\nYS91dGlsL1Byb3BlcnRpZX...","authApiURLs":["d-ja-msk-10.dukascopy.com:10443","d-ja-gva-101-135-154.dukascopy.com:10443","d-ja-usa-e-96-4-a.dukascopy.com:10443","d-ja-sgn-04-a.dukascopy.com:10443","d-ja-jpn-102-100-c.dukascopy.com:10443","d-ja-hk-110-05.dukascopy.ch:10443","d-ja-hk-111-4.dukascopy.ch:10443"],"srp_versio":"1"}], responseHeaderFields={Transfer-Encoding=[chunked], null=[HTTP/1.1 200], idle-session-ttl=[900000], CF-RAY=[563f8ad29ced908d-DME], Server=[cloudflare], Connection=[keep-alive], Client-Country=[RU], Pragma=[no-cache], Last-Modified=[Wed, 12 Feb 2020 15:19:41 GMT], Date=[Wed, 12 Feb 2020 15:19:41 GMT], CF-Cache-Status=[DYNAMIC], Cache-Control=[no-cache, must-revalidate, no-store, max-age=0], Access-Control-Allow-Credentials=[true], Client-IP=[91.194.227.231], Vary=[Accept-Encoding], Set-Cookie=[__cfduid=dcbb9688d7097261d5e8d5332fc07dfd11581520781; expires=Fri, 13-Mar-20 15:19:41 GMT; path=/; domain=.dukascopy.com; HttpOnly; SameSite=Lax], Expires=[Thu, 01 Jan 1970 00:00:00 GMT], Expect-CT=[max-age=604800, report-uri="https://report-uri.cloudflare.com/cdn-cgi/beacon/expect-ct"], Content-Type=[text/plain;charset=UTF-8]}]]
2020-02-12 18:19:42.324 INFO  com.dukascopy.api.impl.connect.AuthorizationClient - APIC: Ping API server URLs synchronously
2020-02-12 18:19:42.325 INFO  com.dukascopy.api.impl.connect.PingHelper - Selecting the best server...
2020-02-12 18:19:42.734 INFO  com.dukascopy.api.impl.connect.PingHelper - The ping start time=2020-02-12 18:19:42:734
2020-02-12 18:19:44.768 INFO  com.dukascopy.api.impl.connect.PingHelper - The ping end time=2020-02-12 18:19:44:768, the ping processing time=[2034]ms
2020-02-12 18:19:44.768 DEBUG com.dukascopy.api.impl.connect.PingHelper - Best api url [d-ja-hk-110-05.dukascopy.ch:10443] with time [231]
2020-02-12 18:19:44.771 INFO  com.dukascopy.dds2.greed.ping.ApiServerManager - APIC: The ping is finished, the fastest API server is saved: d-ja-hk-110-05.dukascopy.ch:10443 (231 ms)
2020-02-12 18:19:44.771 DEBUG com.dukascopy.api.impl.connect.TesterClientImpl - d-ja-hk-110-05.dukascopy.ch:10443@5e0cea3e159573bc8caf39f5b5257d346e5afd7f3cefb8b498f7e294420132f6
2020-02-12 18:19:44.779 INFO  com.dukascopy.dds2.greed.util.FilePathManager - WL info is unavailable. Use default App folder for Platform data:  C:\Users\g.vakhrushev\AppData\Local\JForex
2020-02-12 18:19:45.930 WARN  com.dukascopy.charts.data.datacache.FeedDataProvider - JStore is disabled for the current user
2020-02-12 18:19:45.952 DEBUG com.dukascopy.api.impl.connect.TesterClientImpl - UserAgent: {"clientType":"DDS3_JFOREXSDK","javaVersion":"11.0.1","jvmVersion":"11.0.1+13-LTS","clientVersion":"318.4.87","osName":"Windows 7"}
2020-02-12 18:19:50.222 INFO  com.dukascopy.dds2.greed.connection.GreedClientAuthorizationProvider - !!!:Thread[(NettyTransportClient-0) ClientConnector,5,main]
2020-02-12 18:19:50.227 INFO  com.dukascopy.dds4.transport.client.netty.ClientConnector - Authorize task in queue, server address [d-ja-hk-110-05.dukascopy.ch/13.75.115.155:10443], transport name [NettyTransportClient-0]
2020-02-12 18:19:50.250 DEBUG com.dukascopy.api.impl.connect.TesterClientImpl - Authorized
2020-02-12 18:19:50.271 INFO  com.dukascopy.api.instrument.subscribe.InstrumentManager - InstrumentManager created.
2020-02-12 18:19:50.839 WARN  com.dukascopy.api.impl.connect.WLabelData - White Label Image is not received
2020-02-12 18:19:50.840 INFO  singlejartest.Main - Connected
2020-02-12 18:19:50.840 INFO  singlejartest.Main - Subscribing instruments...
2020-02-12 18:19:50.844 INFO  singlejartest.Main - Downloading data
2020-02-12 18:19:50.858 INFO  com.dukascopy.charts.data.datacache.metadata.FeedMetadataManager - Loading first times for [EUR/USD]...
2020-02-12 18:19:51.093 INFO  com.dukascopy.charts.data.datacache.metadata.FeedMetadataManager - First times loaded {EUR/USD={Ticks=1052082000914, 1 Min=1052082000000, Hourly=1052082000000, Daily=99792000000}}
2020-02-12 18:19:51.122 INFO  singlejartest.Main - Starting strategy
2020-02-12 18:19:51.961 INFO  singlejartest.Main - Strategy started: 0
2020-02-12 18:19:51.962 INFO  singlejartest.Main - Getting prices before start time
2020-02-12 18:19:54.999 INFO  singlejartest.Main - Creating data loading threads
2020-02-12 18:19:55.184 INFO  singlejartest.Main - Getting prices before start time
2020-02-12 18:19:55.243 WARN  com.dukascopy.api.impl.connect.WLabelData - White Label Image is not received
2020-02-12 18:19:55.260 INFO  singlejartest.Main - Filling in-progress candles
2020-02-12 18:19:55.773 INFO  singlejartest.Main - Executing onStart
2020-02-12 18:19:55.776 INFO  singlejartest.Main - Running
2020-02-12 18:19:56.084 INFO  singlejartest.Main - Running, Sun 2020.02.09 00:30 Eq: 50,000.00 UoL: .00%
2020-02-12 18:19:56.092 INFO  singlejartest.Main - Running, Sun 2020.02.09 01:00 Eq: 50,000.00 UoL: .00%
2020-02-12 18:19:56.099 INFO  singlejartest.Main - Running, Sun 2020.02.09 01:30 Eq: 50,000.00 UoL: .00%
2020-02-12 18:19:56.105 INFO  singlejartest.Main - Running, Sun 2020.02.09 02:00 Eq: 50,000.00 UoL: .00%
2020-02-12 18:19:56.117 INFO  singlejartest.Main - Running, Sun 2020.02.09 02:30 Eq: 50,000.00 UoL: .00%
2020-02-12 18:19:56.123 INFO  singlejartest.Main - Running, Sun 2020.02.09 03:00 Eq: 50,000.00 UoL: .00%
2020-02-12 18:19:56.130 INFO  singlejartest.Main - Running, Sun 2020.02.09 03:30 Eq: 50,000.00 UoL: .00%
2020-02-12 18:19:56.135 INFO  singlejartest.Main - Running, Sun 2020.02.09 04:00 Eq: 50,000.00 UoL: .00%
2020-02-12 18:19:56.139 INFO  singlejartest.Main - Running, Sun 2020.02.09 04:30 Eq: 50,000.00 UoL: .00%
2020-02-12 18:19:56.143 INFO  singlejartest.Main - Running, Sun 2020.02.09 05:00 Eq: 50,000.00 UoL: .00%
2020-02-12 18:19:56.167 INFO  singlejartest.Main - Running, Sun 2020.02.09 05:30 Eq: 50,000.00 UoL: .00%
2020-02-12 18:19:56.169 INFO  singlejartest.Main - Running, Sun 2020.02.09 06:00 Eq: 50,000.00 UoL: .00%
2020-02-12 18:19:56.172 INFO  singlejartest.Main - Running, Sun 2020.02.09 06:30 Eq: 50,000.00 UoL: .00%
2020-02-12 18:19:56.174 INFO  singlejartest.Main - Running, Sun 2020.02.09 07:00 Eq: 50,000.00 UoL: .00%
2020-02-12 18:19:56.177 INFO  singlejartest.Main - Running, Sun 2020.02.09 07:30 Eq: 50,000.00 UoL: .00%
2020-02-12 18:19:56.179 INFO  singlejartest.Main - Running, Sun 2020.02.09 08:00 Eq: 50,000.00 UoL: .00%
2020-02-12 18:19:56.183 INFO  singlejartest.Main - Running, Sun 2020.02.09 08:30 Eq: 50,000.00 UoL: .00%
2020-02-12 18:19:56.185 INFO  singlejartest.Main - Running, Sun 2020.02.09 09:00 Eq: 50,000.00 UoL: .00%
2020-02-12 18:19:56.188 INFO  singlejartest.Main - Running, Sun 2020.02.09 09:30 Eq: 50,000.00 UoL: .00%
2020-02-12 18:19:56.191 INFO  singlejartest.Main - Running, Sun 2020.02.09 10:00 Eq: 50,000.00 UoL: .00%
2020-02-12 18:19:56.195 INFO  singlejartest.Main - Running, Sun 2020.02.09 10:30 Eq: 50,000.00 UoL: .00%
2020-02-12 18:19:56.198 INFO  singlejartest.Main - Running, Sun 2020.02.09 11:00 Eq: 50,000.00 UoL: .00%
2020-02-12 18:19:56.201 INFO  singlejartest.Main - Running, Sun 2020.02.09 11:30 Eq: 50,000.00 UoL: .00%
2020-02-12 18:19:56.204 INFO  singlejartest.Main - Running, Sun 2020.02.09 12:00 Eq: 50,000.00 UoL: .00%
2020-02-12 18:19:56.207 INFO  singlejartest.Main - Running, Sun 2020.02.09 12:30 Eq: 50,000.00 UoL: .00%
2020-02-12 18:19:56.211 INFO  singlejartest.Main - Running, Sun 2020.02.09 13:00 Eq: 50,000.00 UoL: .00%
2020-02-12 18:19:56.215 INFO  singlejartest.Main - Running, Sun 2020.02.09 13:30 Eq: 50,000.00 UoL: .00%
2020-02-12 18:19:56.218 INFO  singlejartest.Main - Running, Sun 2020.02.09 14:00 Eq: 50,000.00 UoL: .00%
2020-02-12 18:19:56.221 INFO  singlejartest.Main - Running, Sun 2020.02.09 14:30 Eq: 50,000.00 UoL: .00%
2020-02-12 18:19:56.224 INFO  singlejartest.Main - Running, Sun 2020.02.09 15:00 Eq: 50,000.00 UoL: .00%
2020-02-12 18:19:56.226 INFO  singlejartest.Main - Running, Sun 2020.02.09 15:30 Eq: 50,000.00 UoL: .00%
2020-02-12 18:19:56.229 INFO  singlejartest.Main - Running, Sun 2020.02.09 16:00 Eq: 50,000.00 UoL: .00%
2020-02-12 18:19:56.233 INFO  singlejartest.Main - Running, Sun 2020.02.09 16:30 Eq: 50,000.00 UoL: .00%
2020-02-12 18:19:56.235 INFO  singlejartest.Main - Running, Sun 2020.02.09 17:00 Eq: 50,000.00 UoL: .00%
2020-02-12 18:19:56.238 INFO  singlejartest.Main - Running, Sun 2020.02.09 17:30 Eq: 50,000.00 UoL: .00%
2020-02-12 18:19:56.240 INFO  singlejartest.Main - Running, Sun 2020.02.09 18:00 Eq: 50,000.00 UoL: .00%
2020-02-12 18:19:56.264 INFO  singlejartest.Main - Running, Sun 2020.02.09 18:30 Eq: 50,000.00 UoL: .00%
2020-02-12 18:19:56.265 INFO  singlejartest.Main - Running, Sun 2020.02.09 19:00 Eq: 50,000.00 UoL: .00%
2020-02-12 18:19:56.267 INFO  singlejartest.Main - Running, Sun 2020.02.09 19:30 Eq: 50,000.00 UoL: .00%
2020-02-12 18:19:56.268 INFO  singlejartest.Main - Running, Sun 2020.02.09 20:00 Eq: 50,000.00 UoL: .00%
2020-02-12 18:19:56.269 INFO  singlejartest.Main - Running, Sun 2020.02.09 20:30 Eq: 50,000.00 UoL: .00%
2020-02-12 18:19:56.270 INFO  singlejartest.Main - Running, Mon 2020.02.09 21:00 Eq: 50,000.00 UoL: .00%
2020-02-12 18:19:56.272 INFO  singlejartest.Main - Running, Mon 2020.02.09 21:30 Eq: 50,000.00 UoL: .00%
2020-02-12 18:19:56.528 INFO  singlejartest.Main - Running, Mon 2020.02.09 22:00 Eq: 50,000.00 UoL: .00%
2020-02-12 18:19:56.580 INFO  singlejartest.Main - Running, Mon 2020.02.09 22:30 Eq: 50,000.00 UoL: .00%
2020-02-12 18:19:56.628 INFO  singlejartest.Main - Running, Mon 2020.02.09 23:00 Eq: 50,000.00 UoL: .00%
2020-02-12 18:19:56.694 INFO  singlejartest.Main - Running, Mon 2020.02.09 23:30 Eq: 50,000.00 UoL: .00%
2020-02-12 18:19:56.742 INFO  singlejartest.Main - Running, Mon 2020.02.10 00:00 Eq: 50,000.00 UoL: .00%
2020-02-12 18:19:56.779 INFO  singlejartest.Main - Running, Mon 2020.02.10 00:30 Eq: 50,000.00 UoL: .00%
2020-02-12 18:19:56.803 INFO  singlejartest.Main - Running, Mon 2020.02.10 01:00 Eq: 50,000.00 UoL: .00%
2020-02-12 18:19:56.824 INFO  singlejartest.Main - Running, Mon 2020.02.10 01:30 Eq: 50,000.00 UoL: .00%
2020-02-12 18:19:56.872 INFO  singlejartest.Main - Running, Mon 2020.02.10 02:00 Eq: 50,000.00 UoL: .00%
2020-02-12 18:19:56.934 INFO  singlejartest.Main - Running, Mon 2020.02.10 02:30 Eq: 50,000.00 UoL: .00%
2020-02-12 18:19:56.971 INFO  singlejartest.Main - Running, Mon 2020.02.10 03:00 Eq: 50,000.00 UoL: .00%
2020-02-12 18:19:56.990 INFO  singlejartest.Main - Running, Mon 2020.02.10 03:30 Eq: 50,000.00 UoL: .00%
2020-02-12 18:19:57.011 INFO  singlejartest.Main - Running, Mon 2020.02.10 04:00 Eq: 50,000.00 UoL: .00%
2020-02-12 18:19:57.034 INFO  singlejartest.Main - Running, Mon 2020.02.10 04:30 Eq: 50,000.00 UoL: .00%
2020-02-12 18:19:57.084 INFO  singlejartest.Main - Running, Mon 2020.02.10 05:00 Eq: 50,000.00 UoL: .00%
2020-02-12 18:19:57.218 INFO  singlejartest.Main - Running, Mon 2020.02.10 05:30 Eq: 50,000.00 UoL: .00%
2020-02-12 18:19:57.236 INFO  singlejartest.Main - Running, Mon 2020.02.10 06:00 Eq: 50,000.00 UoL: .00%
2020-02-12 18:19:57.281 INFO  singlejartest.Main - Running, Mon 2020.02.10 06:30 Eq: 50,000.00 UoL: .00%
2020-02-12 18:19:57.305 INFO  singlejartest.Main - Running, Mon 2020.02.10 07:00 Eq: 50,000.00 UoL: .00%
2020-02-12 18:19:57.348 INFO  singlejartest.Main - Running, Mon 2020.02.10 07:30 Eq: 50,000.00 UoL: .00%
2020-02-12 18:19:57.452 INFO  singlejartest.Main - Running, Mon 2020.02.10 08:00 Eq: 50,000.00 UoL: .00%
2020-02-12 18:19:57.497 INFO  singlejartest.Main - Running, Mon 2020.02.10 08:30 Eq: 50,000.00 UoL: .00%
2020-02-12 18:19:57.558 INFO  singlejartest.Main - Running, Mon 2020.02.10 09:00 Eq: 50,000.00 UoL: .00%
2020-02-12 18:19:57.620 INFO  singlejartest.Main - Running, Mon 2020.02.10 09:30 Eq: 50,000.00 UoL: .00%
2020-02-12 18:19:57.649 INFO  singlejartest.Main - Running, Mon 2020.02.10 10:00 Eq: 50,000.00 UoL: .00%
2020-02-12 18:19:57.671 INFO  singlejartest.Main - Running, Mon 2020.02.10 10:30 Eq: 50,000.00 UoL: .00%
2020-02-12 18:19:57.699 INFO  singlejartest.Main - Running, Mon 2020.02.10 11:00 Eq: 50,000.00 UoL: .00%
2020-02-12 18:19:57.722 INFO  singlejartest.Main - Running, Mon 2020.02.10 11:30 Eq: 50,000.00 UoL: .00%
2020-02-12 18:19:57.747 INFO  singlejartest.Main - Running, Mon 2020.02.10 12:00 Eq: 50,000.00 UoL: .00%
2020-02-12 18:19:57.771 INFO  singlejartest.Main - Running, Mon 2020.02.10 12:30 Eq: 50,000.00 UoL: .00%
2020-02-12 18:19:57.810 INFO  singlejartest.Main - Running, Mon 2020.02.10 13:00 Eq: 50,000.00 UoL: .00%
2020-02-12 18:19:57.839 INFO  singlejartest.Main - Running, Mon 2020.02.10 13:30 Eq: 50,000.00 UoL: .00%
2020-02-12 18:19:57.884 INFO  singlejartest.Main - Running, Mon 2020.02.10 14:00 Eq: 50,000.00 UoL: .00%
2020-02-12 18:19:57.926 INFO  singlejartest.Main - Running, Mon 2020.02.10 14:30 Eq: 50,000.00 UoL: .00%
2020-02-12 18:19:57.966 INFO  singlejartest.Main - Running, Mon 2020.02.10 15:00 Eq: 50,000.00 UoL: .00%
2020-02-12 18:19:58.011 INFO  singlejartest.Main - Running, Mon 2020.02.10 15:30 Eq: 50,000.00 UoL: .00%
2020-02-12 18:19:58.050 INFO  singlejartest.Main - Running, Mon 2020.02.10 16:00 Eq: 50,000.00 UoL: .00%
2020-02-12 18:19:58.096 INFO  singlejartest.Main - Running, Mon 2020.02.10 16:30 Eq: 50,000.00 UoL: .00%
2020-02-12 18:19:58.150 INFO  singlejartest.Main - Running, Mon 2020.02.10 17:00 Eq: 50,000.00 UoL: .00%
2020-02-12 18:19:58.164 INFO  singlejartest.Main - Running, Mon 2020.02.10 17:30 Eq: 50,000.00 UoL: .00%
2020-02-12 18:19:58.188 INFO  singlejartest.Main - Running, Mon 2020.02.10 18:00 Eq: 50,000.00 UoL: .00%
2020-02-12 18:19:58.200 INFO  singlejartest.Main - Running, Mon 2020.02.10 18:30 Eq: 50,000.00 UoL: .00%
2020-02-12 18:19:58.247 INFO  singlejartest.Main - Running, Mon 2020.02.10 19:00 Eq: 50,000.00 UoL: .00%
2020-02-12 18:19:58.257 INFO  singlejartest.Main - Running, Mon 2020.02.10 19:30 Eq: 50,000.00 UoL: .00%
2020-02-12 18:19:58.350 INFO  singlejartest.Main - Running, Mon 2020.02.10 20:00 Eq: 50,000.00 UoL: .00%
2020-02-12 18:19:58.358 INFO  singlejartest.Main - Running, Mon 2020.02.10 20:30 Eq: 50,000.00 UoL: .00%
2020-02-12 18:19:58.385 INFO  singlejartest.Main - Running, Tue 2020.02.10 21:00 Eq: 50,000.00 UoL: .00%
2020-02-12 18:19:58.389 INFO  singlejartest.Main - Running, Tue 2020.02.10 21:30 Eq: 50,000.00 UoL: .00%
2020-02-12 18:19:58.399 INFO  singlejartest.Main - Running, Tue 2020.02.10 22:00 Eq: 50,000.00 UoL: .00%
2020-02-12 18:19:58.403 INFO  singlejartest.Main - Running, Tue 2020.02.10 22:30 Eq: 50,000.00 UoL: .00%
2020-02-12 18:19:58.428 INFO  singlejartest.Main - Running, Tue 2020.02.10 23:00 Eq: 50,000.00 UoL: .00%
2020-02-12 18:19:58.435 INFO  singlejartest.Main - Running, Tue 2020.02.10 23:30 Eq: 50,000.00 UoL: .00%
2020-02-12 18:19:58.442 INFO  singlejartest.Main - Running, Tue 2020.02.11 00:00 Eq: 50,000.00 UoL: .00%
2020-02-12 18:19:58.448 INFO  singlejartest.Main - Running, Tue 2020.02.11 00:30 Eq: 50,000.00 UoL: .00%
2020-02-12 18:19:58.464 INFO  singlejartest.Main - Running, Tue 2020.02.11 01:00 Eq: 50,000.00 UoL: .00%
2020-02-12 18:19:58.474 INFO  singlejartest.Main - Running, Tue 2020.02.11 01:30 Eq: 50,000.00 UoL: .00%
2020-02-12 18:19:58.489 INFO  singlejartest.Main - Running, Tue 2020.02.11 02:00 Eq: 50,000.00 UoL: .00%
2020-02-12 18:19:58.496 INFO  singlejartest.Main - Running, Tue 2020.02.11 02:30 Eq: 50,000.00 UoL: .00%
2020-02-12 18:19:58.538 INFO  singlejartest.Main - Running, Tue 2020.02.11 03:00 Eq: 50,000.00 UoL: .00%
2020-02-12 18:19:58.573 INFO  singlejartest.Main - Running, Tue 2020.02.11 03:30 Eq: 50,000.00 UoL: .00%
2020-02-12 18:19:58.582 INFO  singlejartest.Main - Running, Tue 2020.02.11 04:00 Eq: 50,000.00 UoL: .00%
2020-02-12 18:19:58.588 INFO  singlejartest.Main - Running, Tue 2020.02.11 04:30 Eq: 50,000.00 UoL: .00%
2020-02-12 18:19:58.602 INFO  singlejartest.Main - Running, Tue 2020.02.11 05:00 Eq: 50,000.00 UoL: .00%
2020-02-12 18:19:58.617 INFO  singlejartest.Main - Running, Tue 2020.02.11 05:30 Eq: 50,000.00 UoL: .00%
2020-02-12 18:19:58.632 INFO  singlejartest.Main - Running, Tue 2020.02.11 06:00 Eq: 50,000.00 UoL: .00%
2020-02-12 18:19:58.669 INFO  singlejartest.Main - Running, Tue 2020.02.11 06:30 Eq: 50,000.00 UoL: .00%
2020-02-12 18:19:58.703 INFO  singlejartest.Main - Running, Tue 2020.02.11 07:00 Eq: 50,000.00 UoL: .00%
2020-02-12 18:19:58.723 INFO  singlejartest.Main - Running, Tue 2020.02.11 07:30 Eq: 50,000.00 UoL: .00%
2020-02-12 18:19:58.743 INFO  singlejartest.Main - Running, Tue 2020.02.11 08:00 Eq: 50,000.00 UoL: .00%
2020-02-12 18:19:58.768 INFO  singlejartest.Main - Running, Tue 2020.02.11 08:30 Eq: 50,000.00 UoL: .00%
2020-02-12 18:19:58.792 INFO  singlejartest.Main - Running, Tue 2020.02.11 09:00 Eq: 50,000.00 UoL: .00%
2020-02-12 18:19:58.812 INFO  singlejartest.Main - Running, Tue 2020.02.11 09:30 Eq: 50,000.00 UoL: .00%
2020-02-12 18:19:58.841 INFO  singlejartest.Main - Running, Tue 2020.02.11 10:00 Eq: 50,000.00 UoL: .00%
2020-02-12 18:19:58.857 INFO  singlejartest.Main - Running, Tue 2020.02.11 10:30 Eq: 50,000.00 UoL: .00%
2020-02-12 18:19:58.880 INFO  singlejartest.Main - Running, Tue 2020.02.11 11:00 Eq: 50,000.00 UoL: .00%
2020-02-12 18:19:58.905 INFO  singlejartest.Main - Running, Tue 2020.02.11 11:30 Eq: 50,000.00 UoL: .00%
2020-02-12 18:19:58.955 INFO  singlejartest.Main - Running, Tue 2020.02.11 12:00 Eq: 50,000.00 UoL: .00%
2020-02-12 18:19:58.969 INFO  singlejartest.Main - Running, Tue 2020.02.11 12:30 Eq: 50,000.00 UoL: .00%
2020-02-12 18:19:59.015 INFO  singlejartest.Main - Running, Tue 2020.02.11 13:00 Eq: 50,000.00 UoL: .00%
2020-02-12 18:19:59.047 INFO  singlejartest.Main - Running, Tue 2020.02.11 13:30 Eq: 50,000.00 UoL: .00%
2020-02-12 18:19:59.102 INFO  singlejartest.Main - Running, Tue 2020.02.11 14:00 Eq: 50,000.00 UoL: .00%
2020-02-12 18:19:59.180 INFO  singlejartest.Main - Running, Tue 2020.02.11 14:30 Eq: 50,000.00 UoL: .00%
2020-02-12 18:19:59.212 INFO  singlejartest.Main - Running, Tue 2020.02.11 15:00 Eq: 50,000.00 UoL: .00%
2020-02-12 18:19:59.248 INFO  singlejartest.Main - Running, Tue 2020.02.11 15:30 Eq: 50,000.00 UoL: .00%
2020-02-12 18:19:59.287 INFO  singlejartest.Main - Running, Tue 2020.02.11 16:00 Eq: 50,000.00 UoL: .00%
2020-02-12 18:19:59.315 INFO  singlejartest.Main - Running, Tue 2020.02.11 16:30 Eq: 50,000.00 UoL: .00%
2020-02-12 18:19:59.343 INFO  singlejartest.Main - Running, Tue 2020.02.11 17:00 Eq: 50,000.00 UoL: .00%
2020-02-12 18:19:59.355 INFO  singlejartest.Main - Running, Tue 2020.02.11 17:30 Eq: 50,000.00 UoL: .00%
2020-02-12 18:19:59.372 INFO  singlejartest.Main - Running, Tue 2020.02.11 18:00 Eq: 50,000.00 UoL: .00%
2020-02-12 18:19:59.384 INFO  singlejartest.Main - Running, Tue 2020.02.11 18:30 Eq: 50,000.00 UoL: .00%
2020-02-12 18:19:59.392 INFO  singlejartest.Main - Running, Tue 2020.02.11 19:00 Eq: 50,000.00 UoL: .00%
2020-02-12 18:19:59.399 INFO  singlejartest.Main - Running, Tue 2020.02.11 19:30 Eq: 50,000.00 UoL: .00%
2020-02-12 18:19:59.407 INFO  singlejartest.Main - Running, Tue 2020.02.11 20:00 Eq: 50,000.00 UoL: .00%
2020-02-12 18:19:59.411 INFO  singlejartest.Main - Running, Tue 2020.02.11 20:30 Eq: 50,000.00 UoL: .00%
2020-02-12 18:19:59.423 INFO  singlejartest.Main - Running, Wed 2020.02.11 21:00 Eq: 50,000.00 UoL: .00%
2020-02-12 18:19:59.425 INFO  singlejartest.Main - Running, Wed 2020.02.11 21:30 Eq: 50,000.00 UoL: .00%
2020-02-12 18:19:59.442 INFO  singlejartest.Main - Running, Wed 2020.02.11 22:00 Eq: 50,000.00 UoL: .00%
2020-02-12 18:19:59.446 INFO  singlejartest.Main - Running, Wed 2020.02.11 22:30 Eq: 50,000.00 UoL: .00%
2020-02-12 18:19:59.480 INFO  singlejartest.Main - Running, Wed 2020.02.11 23:00 Eq: 50,000.00 UoL: .00%
2020-02-12 18:19:59.484 INFO  singlejartest.Main - Running, Wed 2020.02.11 23:30 Eq: 50,000.00 UoL: .00%
2020-02-12 18:19:59.488 INFO  singlejartest.Main - Executing onStop
2020-02-12 18:19:59.503 INFO  singlejartest.Main - Strategy stopped: 0
