2020-02-25 18:04:54.417 INFO  singlejartest.GUIModeTesterMain - Connecting...
2020-02-25 18:04:55.072 INFO  com.dukascopy.api.impl.connect.AuthorizationClient - environment(jnlp.client.mode)=DEMO, platformInstanceId=null
2020-02-25 18:04:55.084 INFO  com.dukascopy.api.impl.connect.AuthorizationClient - Auth step 1 request [1287DC9881D1B2AE81D95D1B2337B239909EC8BA]
2020-02-25 18:04:55.086 DEBUG com.dukascopy.api.impl.connect.AuthorizationClient - >> [https://login.dukascopy.com/authorization-1/demo/auth?munus=srp_api&passus=1&sermo=7b865c3e-834b-4f88-918a-c0684995480d&putent_genus=0&appello=1287DC9881D1B2AE81D95D1B2337B239909EC8BA&obsecro_id=9f970950-10fd-424f-aca9-3d9a6d572989&srp_versio=1]
2020-02-25 18:04:55.484 DEBUG com.dukascopy.api.impl.connect.AuthorizationClient - << [{"B":"99adf1b669ae47c3662906dc2048e80efd2e5355c4e9a2951583fa7c4cca7630eaf05da48f47beb60110abe43ffd4f7e6d0bfcc0e4fc66db56aa0ddfa66a7c38bdbc74d14394a2389b15fc9dfcd3d58453da0c2d20869e772938548298e7b947be0bbd1a0db0ddedb23aa4694f6935e1793443b8e25bfd0c57c562c67ecbb365bca32207876332cc4b16327bbd1fa290c5b9fd48cfc31c4d84a23597b6858654587a2b4520477e24316210905741ecd3e8ad2c427bd0aff0d71a1fe074122f5a655ff0df2d5f6b70f97c347dbd5017dadff4b6a5f7f54d673a89b25dea97f0834524d9329c391604b3d31a293d8d47fddcd57a9de4e6f23edd0afeb655031d01","S":"6e1dea4728ced5a8fff0f42b724411e2","G":"2","H":"SHA-256","K":"5b9e8ef059c6b32ea59fc1d322d37f04aa30bae5aa9003b8321e21ddb04e300","N":"ac6bdb41324a9a9bf166de5e1389582faf72b6651987ee07fc3192943db56050a37329cbb4a099ed8193e0757767a13dd52312ab4b03310dcd7f48a9da04fd50e8083969edb767b0cf6095179a163ab3661a05fbd5faaae82918a9962f0b93b855f97993ec975eeaa80d740adbf4ff747359d041d5c33ea71d281e446b14773bca97b43a23fb801676bd207a436c6481f1d2b9078717461a5b9d32e688f87748544523b524b0d57d5ea77a2775d2ecfa032cfbdbf52fb3786160279004e57ae6af874e7303ce53299ccc041c7bc308d82a5698f3a8d0c38271ae35f8e9dbfbb694b5c803d89f7ae435de236d525f54759b65e372fcd68ef20fa7111f9e4aff73","srp_versio":"1"}]
2020-02-25 18:04:55.485 INFO  com.dukascopy.api.impl.connect.AuthorizationClient - Auth step 1 response [ServerResponseObject [passwordServerResponse=Step1ServerResponse [serverPublicValueB=99adf1b669ae47c3662906dc2048e80efd2e5355c4e9a2951583fa7c4cca7630eaf05da48f47beb60110abe43ffd4f7e6d0bfcc0e4fc66db56aa0ddfa66a7c38bdbc74d14394a2389b15fc9dfcd3d58453da0c2d20869e772938548298e7b947be0bbd1a0db0ddedb23aa4694f6935e1793443b8e25bfd0c57c562c67ecbb365bca32207876332cc4b16327bbd1fa290c5b9fd48cfc31c4d84a23597b6858654587a2b4520477e24316210905741ecd3e8ad2c427bd0aff0d71a1fe074122f5a655ff0df2d5f6b70f97c347dbd5017dadff4b6a5f7f54d673a89b25dea97f0834524d9329c391604b3d31a293d8d47fddcd57a9de4e6f23edd0afeb655031d01, saltS=6e1dea4728ced5a8fff0f42b724411e2, safePrimeN=ac6bdb41324a9a9bf166de5e1389582faf72b6651987ee07fc3192943db56050a37329cbb4a099ed8193e0757767a13dd52312ab4b03310dcd7f48a9da04fd50e8083969edb767b0cf6095179a163ab3661a05fbd5faaae82918a9962f0b93b855f97993ec975eeaa80d740adbf4ff747359d041d5c33ea71d281e446b14773bca97b43a23fb801676bd207a436c6481f1d2b9078717461a5b9d32e688f87748544523b524b0d57d5ea77a2775d2ecfa032cfbdbf52fb3786160279004e57ae6af874e7303ce53299ccc041c7bc308d82a5698f3a8d0c38271ae35f8e9dbfbb694b5c803d89f7ae435de236d525f54759b65e372fcd68ef20fa7111f9e4aff73, correspondingGeneratorG=2, hashAlgorithmH=SHA-256, srpProtocolVersion=1], ]]
2020-02-25 18:04:55.584 INFO  com.dukascopy.api.impl.connect.AuthorizationClient - Auth step 2 request A [8933938097395101583211021807238324474945284138268058413731752693643050757725735255164588904189357595679293982943646622476539438620453986889241911423453722017681194638210112356836312936089637345971082438658564280740212587843212678779702581102641762121203309632635473133744661820955290520480225662239962098834964534780888310422145648696003513693524076983198141377503603849143063663152848450467689606839089804930617351108622299536997947933256773075199873612330362718880218012395192761217083917411544167259403805334145747019683823582764633084866181719025100888941977850268588680696193412183247207714406315457274483724725], M1 [35971588449874548620110512357479267256835640855599511645686649883759883608492]
2020-02-25 18:04:55.586 DEBUG com.dukascopy.api.impl.connect.AuthorizationClient - >> [https://login.dukascopy.com/authorization-1/demo/auth?munus=srp_api&testimonium_nuntius=4f873293485fddfd0026d85110110c8389a1e3761764e611e9100f2d8b4061ac&passus=2&publicus_pendo=46c53a5df6b8d1f43df81da5e2fc0cb24bea5c986084422f0398f4166adaa52ca1f1a00e2342cc90bdd57e80dc6c8f01742e4966793d24e46f2816da26a37cfe7baec90283ec42de0e5a6f0eed23ebe11780ea6acdc9d11a535d0d7ac705fd5c1a9cdafee1e97e3605fd9e0e6495ba40e015d23a07684290d21f090781f18c8f0e926c5c5c7518b324a1249f1b4785fd473852cc01be4853baceb05cc609bb7b8b239184bab991e00e43f503c41c47329431db33b04ed711e1257e06e3d45289fd51c60f98eea713b91e2ea68a5f7bc37e5d65ee49e137e16e6702b6fca84971746a5eada84e90e9d007760beee383fbe03417aeca5d339c60d862076d4251b5&sermo=7b865c3e-834b-4f88-918a-c0684995480d&putent_genus=0&obsecro_id=9f970950-10fd-424f-aca9-3d9a6d572989&srp_versio=1]
2020-02-25 18:04:55.940 DEBUG com.dukascopy.api.impl.connect.AuthorizationClient - << [{"M2":"556fd154e953d2bda9cd79195b901994febca00a2e919804f2becb0b79c51239","srp_versio":"1"}]
2020-02-25 18:04:55.941 INFO  com.dukascopy.api.impl.connect.AuthorizationClient - Auth step 2 response [ServerResponseObject [passwordServerResponse=Step2ServerResponse [serverEvidenceMessageM2=556fd154e953d2bda9cd79195b901994febca00a2e919804f2becb0b79c51239, srpProtocolVersion=1], ]]
2020-02-25 18:04:55.942 INFO  com.dukascopy.api.impl.connect.AuthorizationClient - Auth step 3 request
2020-02-25 18:04:55.942 DEBUG com.dukascopy.api.impl.connect.AuthorizationClient - >> [https://login.dukascopy.com/authorization-1/demo/auth?munus=srp_api&passus=3&sermo=7b865c3e-834b-4f88-918a-c0684995480d&versio=318.4.87&willPing=true&occasus_content_vulgate=0&putent_genus=0&occasus=true&platform=DDS3_JFOREXSDK&obsecro_id=9f970950-10fd-424f-aca9-3d9a6d572989&srp_versio=1]
2020-02-25 18:04:57.640 DEBUG com.dukascopy.api.impl.connect.AuthorizationClient - << [{"occasus":"rO0ABXNyABRqYXZhLnV0aWwuUHJvcGVydGllczkS0HpwNj6YAgABTAAIZGVmYXVsdHN0ABZMamF2\r\nYS91dGlsL1Byb3BlcnRpZX...","authApiURLs":["d-ja-msk-10.dukascopy.com:10443","d-ja-gva-121-130-118.dukascopy.com:10443","d-ja-usa-e-96-4-a.dukascopy.com:10443","d-ja-sgn-04-a.dukascopy.com:10443","d-ja-jpn-102-100-c.dukascopy.com:10443","d-ja-hk-110-05.dukascopy.ch:10443","d-ja-hk-111-4.dukascopy.ch:10443"],"srp_versio":"1"}]
2020-02-25 18:04:57.648 INFO  com.dukascopy.api.impl.connect.AuthorizationClient - Auth step 3 response [ServerResponseObject [passwordServerResponse=Step3ServerResponse [serverResponse={"occasus":"rO0ABXNyABRqYXZhLnV0aWwuUHJvcGVydGllczkS0HpwNj6YAgABTAAIZGVmYXVsdHN0ABZMamF2\r\nYS91dGlsL1Byb3BlcnRpZX...","authApiURLs":["d-ja-msk-10.dukascopy.com:10443","d-ja-gva-121-130-118.dukascopy.com:10443","d-ja-usa-e-96-4-a.dukascopy.com:10443","d-ja-sgn-04-a.dukascopy.com:10443","d-ja-jpn-102-100-c.dukascopy.com:10443","d-ja-hk-110-05.dukascopy.ch:10443","d-ja-hk-111-4.dukascopy.ch:10443"],"srp_versio":"1"}], responseHeaderFields={Transfer-Encoding=[chunked], null=[HTTP/1.1 200], idle-session-ttl=[900000], CF-RAY=[56aa9315bfd78dd5-DME], Server=[cloudflare], Connection=[keep-alive], Client-Country=[RU], Pragma=[no-cache], Last-Modified=[Tue, 25 Feb 2020 15:04:56 GMT], Date=[Tue, 25 Feb 2020 15:04:57 GMT], CF-Cache-Status=[DYNAMIC], Cache-Control=[no-cache, must-revalidate, no-store, max-age=0], Access-Control-Allow-Credentials=[true], Client-IP=[91.194.227.231], Vary=[Accept-Encoding], Set-Cookie=[__cfduid=d5e86f334ee5555e8d12e6c5f0c9b30221582643095; expires=Thu, 26-Mar-20 15:04:55 GMT; path=/; domain=.dukascopy.com; HttpOnly; SameSite=Lax], Expires=[Thu, 01 Jan 1970 00:00:00 GMT], Expect-CT=[max-age=604800, report-uri="https://report-uri.cloudflare.com/cdn-cgi/beacon/expect-ct"], Content-Type=[text/plain;charset=UTF-8]}]]
2020-02-25 18:04:57.756 INFO  com.dukascopy.api.impl.connect.AuthorizationClient - APIC: Ping API server URLs synchronously
2020-02-25 18:04:57.757 INFO  com.dukascopy.api.impl.connect.PingHelper - Selecting the best server...
2020-02-25 18:04:58.187 INFO  com.dukascopy.api.impl.connect.PingHelper - The ping start time=2020-02-25 18:04:58:187
2020-02-25 18:05:00.218 INFO  com.dukascopy.api.impl.connect.PingHelper - The ping end time=2020-02-25 18:05:00:218, the ping processing time=[2031]ms
2020-02-25 18:05:00.218 DEBUG com.dukascopy.api.impl.connect.PingHelper - Best api url [d-ja-hk-110-05.dukascopy.ch:10443] with time [214]
2020-02-25 18:05:00.220 INFO  com.dukascopy.dds2.greed.ping.ApiServerManager - APIC: The ping is finished, the fastest API server is saved: d-ja-hk-110-05.dukascopy.ch:10443 (214 ms)
2020-02-25 18:05:00.220 DEBUG com.dukascopy.api.impl.connect.TesterClientImpl - d-ja-hk-110-05.dukascopy.ch:10443@8cc2d76b897567253963d53416a7ab9170cb53db02e487ada8a23d24475d6704
2020-02-25 18:05:00.224 INFO  com.dukascopy.dds2.greed.util.FilePathManager - WL info is unavailable. Use default App folder for Platform data:  C:\Users\g.vakhrushev\AppData\Local\JForex
2020-02-25 18:05:00.543 WARN  com.dukascopy.charts.data.datacache.FeedDataProvider - JStore is disabled for the current user
2020-02-25 18:05:00.555 DEBUG com.dukascopy.api.impl.connect.TesterClientImpl - UserAgent: {"clientType":"DDS3_JFOREXSDK","javaVersion":"11.0.1","jvmVersion":"11.0.1+13-LTS","clientVersion":"318.4.87","osName":"Windows 7"}
2020-02-25 18:05:04.329 INFO  com.dukascopy.dds2.greed.connection.GreedClientAuthorizationProvider - !!!:Thread[(NettyTransportClient-0) ClientConnector,6,main]
2020-02-25 18:05:04.330 INFO  com.dukascopy.dds4.transport.client.netty.ClientConnector - Authorize task in queue, server address [d-ja-hk-110-05.dukascopy.ch/13.75.115.155:10443], transport name [NettyTransportClient-0]
2020-02-25 18:05:04.331 DEBUG com.dukascopy.api.impl.connect.TesterClientImpl - Authorized
2020-02-25 18:05:04.336 INFO  com.dukascopy.api.instrument.subscribe.InstrumentManager - InstrumentManager created.
2020-02-25 18:05:04.720 WARN  com.dukascopy.api.impl.connect.WLabelData - White Label Image is not received
2020-02-25 18:05:04.720 INFO  singlejartest.GUIModeTesterMain - Connected
2020-02-25 18:05:04.720 INFO  singlejartest.GUIModeTesterMain - Subscribing instruments...
2020-02-25 18:05:04.722 INFO  singlejartest.GUIModeTesterMain - Downloading data
2020-02-25 18:05:04.728 INFO  com.dukascopy.charts.data.datacache.metadata.FeedMetadataManager - Loading first times for [GBP/USD]...
2020-02-25 18:05:04.963 INFO  com.dukascopy.charts.data.datacache.metadata.FeedMetadataManager - First times loaded {GBP/USD={Ticks=1052082000773, 1 Min=1052082000000, Hourly=1052082000000, Daily=508377600000}}
2020-02-25 18:05:05.440 INFO  singlejartest.GUIModeTesterMain - Starting strategy
2020-02-25 18:05:06.902 INFO  singlejartest.GUIModeTesterMain - Strategy started: 0
2020-02-25 18:05:06.914 INFO  singlejartest.GUIModeTesterMain - Getting prices before start time
2020-02-25 18:05:07.190 INFO  singlejartest.GUIModeTesterMain - Creating data loading threads
2020-02-25 18:05:07.192 INFO  singlejartest.GUIModeTesterMain - Getting prices before start time
2020-02-25 18:05:07.238 WARN  com.dukascopy.api.impl.connect.WLabelData - White Label Image is not received
2020-02-25 18:05:07.253 INFO  singlejartest.GUIModeTesterMain - Filling in-progress candles
2020-02-25 18:05:07.283 INFO  singlejartest.GUIModeTesterMain - Executing onStart
2020-02-25 18:05:07.284 ERROR com.dukascopy.dds2.greed.agent.strategy.tester.StrategyTesterRunner - 
java.lang.NullPointerException
	at singlejartest.strategy.Strategy_3.onStart(Strategy_3.java:42)
	at com.dukascopy.dds2.greed.agent.strategy.tester.StrategyTesterRunner.run(StrategyTesterRunner.java:262)
	at java.base/java.lang.Thread.run(Thread.java:834)
2020-02-25 18:05:07.315 ERROR com.dukascopy.dds2.greed.agent.strategy.tester.start.DefaultStrategyExceptionHandler - Exception thrown while running onStart method: null
java.lang.NullPointerException
	at singlejartest.strategy.Strategy_3.onStart(Strategy_3.java:42)
	at com.dukascopy.dds2.greed.agent.strategy.tester.StrategyTesterRunner.run(StrategyTesterRunner.java:262)
	at java.base/java.lang.Thread.run(Thread.java:834)
2020-02-25 18:05:07.325 ERROR com.dukascopy.dds2.greed.agent.strategy.tester.start.TesterLoadingProgressListener - 
java.lang.NullPointerException
	at singlejartest.strategy.Strategy_3.onStart(Strategy_3.java:42)
	at com.dukascopy.dds2.greed.agent.strategy.tester.StrategyTesterRunner.run(StrategyTesterRunner.java:262)
	at java.base/java.lang.Thread.run(Thread.java:834)
2020-02-25 18:05:07.370 INFO  singlejartest.GUIModeTesterMain - Strategy stopped: 0
2020-02-25 18:05:08.465 WARN  com.dukascopy.charts.dataprovider.timed.AbstractBufferedTimedDataProvider - Buffer already contains loaded data for [285, 2018-05-25 12:00:00:000, 0, true] TimedDataDescriptor [dataType=TIME_PERIOD_AGGREGATION, instrument=GBP/USD, offerSide=Bid, period=Hourly, dailyFilterPeriod=Daily, filter=WEEKENDS, interpolationDescriptor=DEFAULT]
