2020-02-25 18:12:51.859 INFO  singlejartest.GUIModeTesterMain - Connecting...
2020-02-25 18:12:52.666 INFO  com.dukascopy.api.impl.connect.AuthorizationClient - environment(jnlp.client.mode)=DEMO, platformInstanceId=null
2020-02-25 18:12:52.680 INFO  com.dukascopy.api.impl.connect.AuthorizationClient - Auth step 1 request [1287DC9881D1B2AE81D95D1B2337B239909EC8BA]
2020-02-25 18:12:52.682 DEBUG com.dukascopy.api.impl.connect.AuthorizationClient - >> [https://login.dukascopy.com/authorization-1/demo/auth?munus=srp_api&passus=1&sermo=31d4cac0-fa1f-460b-92b6-be71bcce6ce6&putent_genus=0&appello=1287DC9881D1B2AE81D95D1B2337B239909EC8BA&obsecro_id=679a358b-47be-476d-9179-79611c0b2331&srp_versio=1]
2020-02-25 18:12:53.104 DEBUG com.dukascopy.api.impl.connect.AuthorizationClient - << [{"B":"12c560c301050d85408f954f3e45a0500f1401b45f510bc2d4431b5df787c8f3d2e936693eaf958b84086bfb886e6ba9698a21bc938d3e4c44157cd5ee72624480e87491028c8c92e535b03d3b7519671c06309156541f616102232e8b42f8a3d3916a7be5ddf5a1bde41566778c12745540979bb2e06e7b357a241578e7fb6d06a3a76d38933d040bc0df8e1dd19b311d4708d147ae2dd5bd9cf165b3eb8c95ef8e0f3bacd62f6520ccc8e3e5a983d89ed9b88a71edc75374bf08cb8b95c477113308b0aded1b4b38710c4c1bdb1a8e2f4fd7fc8b0feb88eeec27b6840e15494e0eac6a5f2e494430acd41d280791974a3eb2f96a3e11ac6de54c98f17615e4","S":"1fc93c33b256c7c4e1ea5f3fb6bd9515","G":"2","H":"SHA-256","K":"5b9e8ef059c6b32ea59fc1d322d37f04aa30bae5aa9003b8321e21ddb04e300","N":"ac6bdb41324a9a9bf166de5e1389582faf72b6651987ee07fc3192943db56050a37329cbb4a099ed8193e0757767a13dd52312ab4b03310dcd7f48a9da04fd50e8083969edb767b0cf6095179a163ab3661a05fbd5faaae82918a9962f0b93b855f97993ec975eeaa80d740adbf4ff747359d041d5c33ea71d281e446b14773bca97b43a23fb801676bd207a436c6481f1d2b9078717461a5b9d32e688f87748544523b524b0d57d5ea77a2775d2ecfa032cfbdbf52fb3786160279004e57ae6af874e7303ce53299ccc041c7bc308d82a5698f3a8d0c38271ae35f8e9dbfbb694b5c803d89f7ae435de236d525f54759b65e372fcd68ef20fa7111f9e4aff73","srp_versio":"1"}]
2020-02-25 18:12:53.105 INFO  com.dukascopy.api.impl.connect.AuthorizationClient - Auth step 1 response [ServerResponseObject [passwordServerResponse=Step1ServerResponse [serverPublicValueB=12c560c301050d85408f954f3e45a0500f1401b45f510bc2d4431b5df787c8f3d2e936693eaf958b84086bfb886e6ba9698a21bc938d3e4c44157cd5ee72624480e87491028c8c92e535b03d3b7519671c06309156541f616102232e8b42f8a3d3916a7be5ddf5a1bde41566778c12745540979bb2e06e7b357a241578e7fb6d06a3a76d38933d040bc0df8e1dd19b311d4708d147ae2dd5bd9cf165b3eb8c95ef8e0f3bacd62f6520ccc8e3e5a983d89ed9b88a71edc75374bf08cb8b95c477113308b0aded1b4b38710c4c1bdb1a8e2f4fd7fc8b0feb88eeec27b6840e15494e0eac6a5f2e494430acd41d280791974a3eb2f96a3e11ac6de54c98f17615e4, saltS=1fc93c33b256c7c4e1ea5f3fb6bd9515, safePrimeN=ac6bdb41324a9a9bf166de5e1389582faf72b6651987ee07fc3192943db56050a37329cbb4a099ed8193e0757767a13dd52312ab4b03310dcd7f48a9da04fd50e8083969edb767b0cf6095179a163ab3661a05fbd5faaae82918a9962f0b93b855f97993ec975eeaa80d740adbf4ff747359d041d5c33ea71d281e446b14773bca97b43a23fb801676bd207a436c6481f1d2b9078717461a5b9d32e688f87748544523b524b0d57d5ea77a2775d2ecfa032cfbdbf52fb3786160279004e57ae6af874e7303ce53299ccc041c7bc308d82a5698f3a8d0c38271ae35f8e9dbfbb694b5c803d89f7ae435de236d525f54759b65e372fcd68ef20fa7111f9e4aff73, correspondingGeneratorG=2, hashAlgorithmH=SHA-256, srpProtocolVersion=1], ]]
2020-02-25 18:12:53.191 INFO  com.dukascopy.api.impl.connect.AuthorizationClient - Auth step 2 request A [4903909893318163961273085740099021420788230786407148091684910649814106634464723985029955782484551901911698106091587222779446944606710735973230608514776078978872384149297509837898505579607262375652567634876118815150960004390753007499986273668684284577669082103572940770226066387425576328481983169515421038113814640365453855656165273299891784923628334268557854202679755722014027480154810023262698889699934649808162165833527624230602295382116624560001956058775296615870956854148793879290228924707370062809228590759302438919249481464775058935920995505234170933519238167771035534094964825282471017319474083112105880397782], M1 [36092073370599215559625350094948035926657983129203650553327331024783933297561]
2020-02-25 18:12:53.191 DEBUG com.dukascopy.api.impl.connect.AuthorizationClient - >> [https://login.dukascopy.com/authorization-1/demo/auth?munus=srp_api&testimonium_nuntius=4fcb63bd5f754313294ffd1fdcb1752518860025411c5788ce070a593c8dd399&passus=2&publicus_pendo=26d8b0e40bcb44ae5931258d9331797bee6fdce3198aeb1ecf89613d6c37b7f841ba5820cb5208758751510e94f2d6693e03e4276863a7ecc68aa2e0ebb9b661ed02e0f22670b412c6c4eef53f56135598dd66e43f03331ac35a9b3aadca898d1393c97b886fcda8435f96e709f42ebfa3e974359fb5c025ec80faa3f7aff64144fb39f1296b2cdc97d424fa2f3a0729d35d045760dbac2eaac19175f02db4e3911c64f8b3ba69b0766eedc442323bc87ed3b1ad0ca3b9b2538339b880dea7a0370ad9623c2eb1d562aac1fe2e0f6a3c62809c9384d559ccdb897168d2942ddde5d6ef49afa9ec4cbcf1cacf9fcc59e849a8d469f0eb6edc759e4e947d1127d6&sermo=31d4cac0-fa1f-460b-92b6-be71bcce6ce6&putent_genus=0&obsecro_id=679a358b-47be-476d-9179-79611c0b2331&srp_versio=1]
2020-02-25 18:12:53.559 DEBUG com.dukascopy.api.impl.connect.AuthorizationClient - << [{"M2":"98cc25e4e22067becb3e1534f6360cb0c33d644fb9d1567ddcae6629d7d76fe5","srp_versio":"1"}]
2020-02-25 18:12:53.560 INFO  com.dukascopy.api.impl.connect.AuthorizationClient - Auth step 2 response [ServerResponseObject [passwordServerResponse=Step2ServerResponse [serverEvidenceMessageM2=98cc25e4e22067becb3e1534f6360cb0c33d644fb9d1567ddcae6629d7d76fe5, srpProtocolVersion=1], ]]
2020-02-25 18:12:53.561 INFO  com.dukascopy.api.impl.connect.AuthorizationClient - Auth step 3 request
2020-02-25 18:12:53.562 DEBUG com.dukascopy.api.impl.connect.AuthorizationClient - >> [https://login.dukascopy.com/authorization-1/demo/auth?munus=srp_api&passus=3&sermo=31d4cac0-fa1f-460b-92b6-be71bcce6ce6&versio=318.4.87&willPing=true&occasus_content_vulgate=0&putent_genus=0&occasus=true&platform=DDS3_JFOREXSDK&obsecro_id=679a358b-47be-476d-9179-79611c0b2331&srp_versio=1]
2020-02-25 18:12:56.080 DEBUG com.dukascopy.api.impl.connect.AuthorizationClient - << [{"occasus":"rO0ABXNyABRqYXZhLnV0aWwuUHJvcGVydGllczkS0HpwNj6YAgABTAAIZGVmYXVsdHN0ABZMamF2\r\nYS91dGlsL1Byb3BlcnRpZX...","authApiURLs":["d-ja-msk-10.dukascopy.com:10443","d-ja-gva-91-191.dukascopy.com:10443","d-ja-usa-e-96-4-a.dukascopy.com:10443","d-ja-sgn-04-a.dukascopy.com:10443","d-ja-jpn-102-100-c.dukascopy.com:10443","d-ja-hk-110-05.dukascopy.ch:10443","d-ja-hk-111-4.dukascopy.ch:10443"],"srp_versio":"1"}]
2020-02-25 18:12:56.095 INFO  com.dukascopy.api.impl.connect.AuthorizationClient - Auth step 3 response [ServerResponseObject [passwordServerResponse=Step3ServerResponse [serverResponse={"occasus":"rO0ABXNyABRqYXZhLnV0aWwuUHJvcGVydGllczkS0HpwNj6YAgABTAAIZGVmYXVsdHN0ABZMamF2\r\nYS91dGlsL1Byb3BlcnRpZX...","authApiURLs":["d-ja-msk-10.dukascopy.com:10443","d-ja-gva-91-191.dukascopy.com:10443","d-ja-usa-e-96-4-a.dukascopy.com:10443","d-ja-sgn-04-a.dukascopy.com:10443","d-ja-jpn-102-100-c.dukascopy.com:10443","d-ja-hk-110-05.dukascopy.ch:10443","d-ja-hk-111-4.dukascopy.ch:10443"],"srp_versio":"1"}], responseHeaderFields={Transfer-Encoding=[chunked], null=[HTTP/1.1 200], idle-session-ttl=[900000], CF-RAY=[56aa9ebed8a60022-DME], Server=[cloudflare], Connection=[keep-alive], Client-Country=[RU], Pragma=[no-cache], Last-Modified=[Tue, 25 Feb 2020 15:12:53 GMT], Date=[Tue, 25 Feb 2020 15:12:55 GMT], CF-Cache-Status=[DYNAMIC], Cache-Control=[no-cache, must-revalidate, no-store, max-age=0], Access-Control-Allow-Credentials=[true], Client-IP=[91.194.227.231], Vary=[Accept-Encoding], Set-Cookie=[__cfduid=d8f673a7ff7faadb4d6b589c5f3ecabdb1582643573; expires=Thu, 26-Mar-20 15:12:53 GMT; path=/; domain=.dukascopy.com; HttpOnly; SameSite=Lax], Expires=[Thu, 01 Jan 1970 00:00:00 GMT], Expect-CT=[max-age=604800, report-uri="https://report-uri.cloudflare.com/cdn-cgi/beacon/expect-ct"], Content-Type=[text/plain;charset=UTF-8]}]]
2020-02-25 18:12:56.198 INFO  com.dukascopy.api.impl.connect.AuthorizationClient - APIC: Ping API server URLs synchronously
2020-02-25 18:12:56.199 INFO  com.dukascopy.api.impl.connect.PingHelper - Selecting the best server...
2020-02-25 18:12:56.687 INFO  com.dukascopy.api.impl.connect.PingHelper - The ping start time=2020-02-25 18:12:56:687
2020-02-25 18:12:58.723 INFO  com.dukascopy.api.impl.connect.PingHelper - The ping end time=2020-02-25 18:12:58:723, the ping processing time=[2036]ms
2020-02-25 18:12:58.723 DEBUG com.dukascopy.api.impl.connect.PingHelper - Best api url [d-ja-hk-110-05.dukascopy.ch:10443] with time [228]
2020-02-25 18:12:58.726 INFO  com.dukascopy.dds2.greed.ping.ApiServerManager - APIC: The ping is finished, the fastest API server is saved: d-ja-hk-110-05.dukascopy.ch:10443 (228 ms)
2020-02-25 18:12:58.727 DEBUG com.dukascopy.api.impl.connect.TesterClientImpl - d-ja-hk-110-05.dukascopy.ch:10443@f6dcbe0ebf464c77653a9a0c93fa285cab746d17eb90b1353c3d672f817d2cef
2020-02-25 18:12:58.731 INFO  com.dukascopy.dds2.greed.util.FilePathManager - WL info is unavailable. Use default App folder for Platform data:  C:\Users\g.vakhrushev\AppData\Local\JForex
2020-02-25 18:12:59.083 WARN  com.dukascopy.charts.data.datacache.FeedDataProvider - JStore is disabled for the current user
2020-02-25 18:12:59.098 DEBUG com.dukascopy.api.impl.connect.TesterClientImpl - UserAgent: {"clientType":"DDS3_JFOREXSDK","javaVersion":"11.0.1","jvmVersion":"11.0.1+13-LTS","clientVersion":"318.4.87","osName":"Windows 7"}
2020-02-25 18:13:03.364 INFO  com.dukascopy.dds2.greed.connection.GreedClientAuthorizationProvider - !!!:Thread[(NettyTransportClient-0) ClientConnector,6,main]
2020-02-25 18:13:03.365 INFO  com.dukascopy.dds4.transport.client.netty.ClientConnector - Authorize task in queue, server address [d-ja-hk-110-05.dukascopy.ch/13.75.115.155:10443], transport name [NettyTransportClient-0]
2020-02-25 18:13:03.365 DEBUG com.dukascopy.api.impl.connect.TesterClientImpl - Authorized
2020-02-25 18:13:03.370 INFO  com.dukascopy.api.instrument.subscribe.InstrumentManager - InstrumentManager created.
2020-02-25 18:13:03.702 WARN  com.dukascopy.api.impl.connect.WLabelData - White Label Image is not received
2020-02-25 18:13:03.703 INFO  singlejartest.GUIModeTesterMain - Connected
2020-02-25 18:13:03.703 INFO  singlejartest.GUIModeTesterMain - Subscribing instruments...
2020-02-25 18:13:03.705 INFO  singlejartest.GUIModeTesterMain - Downloading data
2020-02-25 18:13:03.721 INFO  com.dukascopy.charts.data.datacache.metadata.FeedMetadataManager - Loading first times for [GBP/USD]...
2020-02-25 18:13:03.949 INFO  com.dukascopy.charts.data.datacache.metadata.FeedMetadataManager - First times loaded {GBP/USD={Ticks=1052082000773, 1 Min=1052082000000, Hourly=1052082000000, Daily=508377600000}}
2020-02-25 18:13:04.453 INFO  singlejartest.GUIModeTesterMain - Starting strategy
2020-02-25 18:13:05.404 INFO  singlejartest.GUIModeTesterMain - Strategy started: 0
2020-02-25 18:13:05.443 INFO  singlejartest.GUIModeTesterMain - Getting prices before start time
2020-02-25 18:13:05.726 INFO  singlejartest.GUIModeTesterMain - Creating data loading threads
2020-02-25 18:13:05.729 INFO  singlejartest.GUIModeTesterMain - Getting prices before start time
2020-02-25 18:13:05.774 WARN  com.dukascopy.api.impl.connect.WLabelData - White Label Image is not received
2020-02-25 18:13:05.791 INFO  singlejartest.GUIModeTesterMain - Filling in-progress candles
2020-02-25 18:13:05.822 INFO  singlejartest.GUIModeTesterMain - Executing onStart
2020-02-25 18:13:05.823 ERROR com.dukascopy.dds2.greed.agent.strategy.tester.StrategyTesterRunner - 
java.lang.NullPointerException
	at singlejartest.strategy.Strategy_3.onStart(Strategy_3.java:45)
	at com.dukascopy.dds2.greed.agent.strategy.tester.StrategyTesterRunner.run(StrategyTesterRunner.java:262)
	at java.base/java.lang.Thread.run(Thread.java:834)
2020-02-25 18:13:05.836 ERROR com.dukascopy.dds2.greed.agent.strategy.tester.start.DefaultStrategyExceptionHandler - Exception thrown while running onStart method: null
java.lang.NullPointerException
	at singlejartest.strategy.Strategy_3.onStart(Strategy_3.java:45)
	at com.dukascopy.dds2.greed.agent.strategy.tester.StrategyTesterRunner.run(StrategyTesterRunner.java:262)
	at java.base/java.lang.Thread.run(Thread.java:834)
2020-02-25 18:13:05.837 ERROR com.dukascopy.dds2.greed.agent.strategy.tester.start.TesterLoadingProgressListener - 
java.lang.NullPointerException
	at singlejartest.strategy.Strategy_3.onStart(Strategy_3.java:45)
	at com.dukascopy.dds2.greed.agent.strategy.tester.StrategyTesterRunner.run(StrategyTesterRunner.java:262)
	at java.base/java.lang.Thread.run(Thread.java:834)
2020-02-25 18:13:05.858 INFO  singlejartest.GUIModeTesterMain - Strategy stopped: 0
2020-02-25 18:13:06.797 WARN  com.dukascopy.charts.dataprovider.timed.AbstractBufferedTimedDataProvider - Buffer already contains loaded data for [285, 2018-05-25 12:00:00:000, 0, true] TimedDataDescriptor [dataType=TIME_PERIOD_AGGREGATION, instrument=GBP/USD, offerSide=Bid, period=Hourly, dailyFilterPeriod=Daily, filter=WEEKENDS, interpolationDescriptor=DEFAULT]
