2020-02-12 20:02:00.577 INFO  singlejartest.GUIModeTesterMain - Connecting...
2020-02-12 20:02:01.185 INFO  com.dukascopy.api.impl.connect.AuthorizationClient - environment(jnlp.client.mode)=DEMO, platformInstanceId=null
2020-02-12 20:02:01.197 INFO  com.dukascopy.api.impl.connect.AuthorizationClient - Auth step 1 request [1287DC9881D1B2AE81D95D1B2337B239909EC8BA]
2020-02-12 20:02:01.199 DEBUG com.dukascopy.api.impl.connect.AuthorizationClient - >> [https://login.dukascopy.com/authorization-1/demo/auth?munus=srp_api&passus=1&sermo=6393b96e-b08f-4770-9a57-5d44af5a0624&putent_genus=0&appello=1287DC9881D1B2AE81D95D1B2337B239909EC8BA&obsecro_id=8f35dd96-2410-4e06-bb52-658f499eb053&srp_versio=1]
2020-02-12 20:02:01.846 DEBUG com.dukascopy.api.impl.connect.AuthorizationClient - << [{"B":"3a0827babbd230d7e12aceb0f9a93c0bab1c1addeeccba860d6a0d877a6fa133764b2ea00607c8c76c1cd88e184d177e932dd5542a0f0dc7c580b7eca97b40742828d209e6553d5ae18c4cc4d7d0da7188c5d47d09cb4b448150f0e20221c6b02f5abe59f772c2c5f4b01c9211f235e097e09ca56d9192f5b7d4c7a9b3ac996a9396192e5087f7fbbcff8c49e80423e1357a25c6c36aaa32f8d35d4b0284e2ed6e56a5652220df399fc4ecf7a5650d8d4fe081127b2a7f5a90232579bb5e3de0659721d2230f46003e75357223c027d6a79cf852c361e80fafc584fa1f32d2fafc112bafbba95f6ed5ce992d0c0abf990bfdae0ff0bfcf086067a8d8dab9ae3d","S":"178f4fcb569a412abda16ca959cf667","G":"2","H":"SHA-256","K":"5b9e8ef059c6b32ea59fc1d322d37f04aa30bae5aa9003b8321e21ddb04e300","N":"ac6bdb41324a9a9bf166de5e1389582faf72b6651987ee07fc3192943db56050a37329cbb4a099ed8193e0757767a13dd52312ab4b03310dcd7f48a9da04fd50e8083969edb767b0cf6095179a163ab3661a05fbd5faaae82918a9962f0b93b855f97993ec975eeaa80d740adbf4ff747359d041d5c33ea71d281e446b14773bca97b43a23fb801676bd207a436c6481f1d2b9078717461a5b9d32e688f87748544523b524b0d57d5ea77a2775d2ecfa032cfbdbf52fb3786160279004e57ae6af874e7303ce53299ccc041c7bc308d82a5698f3a8d0c38271ae35f8e9dbfbb694b5c803d89f7ae435de236d525f54759b65e372fcd68ef20fa7111f9e4aff73","srp_versio":"1"}]
2020-02-12 20:02:01.847 INFO  com.dukascopy.api.impl.connect.AuthorizationClient - Auth step 1 response [ServerResponseObject [passwordServerResponse=Step1ServerResponse [serverPublicValueB=3a0827babbd230d7e12aceb0f9a93c0bab1c1addeeccba860d6a0d877a6fa133764b2ea00607c8c76c1cd88e184d177e932dd5542a0f0dc7c580b7eca97b40742828d209e6553d5ae18c4cc4d7d0da7188c5d47d09cb4b448150f0e20221c6b02f5abe59f772c2c5f4b01c9211f235e097e09ca56d9192f5b7d4c7a9b3ac996a9396192e5087f7fbbcff8c49e80423e1357a25c6c36aaa32f8d35d4b0284e2ed6e56a5652220df399fc4ecf7a5650d8d4fe081127b2a7f5a90232579bb5e3de0659721d2230f46003e75357223c027d6a79cf852c361e80fafc584fa1f32d2fafc112bafbba95f6ed5ce992d0c0abf990bfdae0ff0bfcf086067a8d8dab9ae3d, saltS=178f4fcb569a412abda16ca959cf667, safePrimeN=ac6bdb41324a9a9bf166de5e1389582faf72b6651987ee07fc3192943db56050a37329cbb4a099ed8193e0757767a13dd52312ab4b03310dcd7f48a9da04fd50e8083969edb767b0cf6095179a163ab3661a05fbd5faaae82918a9962f0b93b855f97993ec975eeaa80d740adbf4ff747359d041d5c33ea71d281e446b14773bca97b43a23fb801676bd207a436c6481f1d2b9078717461a5b9d32e688f87748544523b524b0d57d5ea77a2775d2ecfa032cfbdbf52fb3786160279004e57ae6af874e7303ce53299ccc041c7bc308d82a5698f3a8d0c38271ae35f8e9dbfbb694b5c803d89f7ae435de236d525f54759b65e372fcd68ef20fa7111f9e4aff73, correspondingGeneratorG=2, hashAlgorithmH=SHA-256, srpProtocolVersion=1], ]]
2020-02-12 20:02:01.965 INFO  com.dukascopy.api.impl.connect.AuthorizationClient - Auth step 2 request A [12108150956748090759169308102614605265104675938253416612626046656282152145718847699670449140019021395014962092005936971204467223413829868273133135030737726313113469501685551489432521782750841663187786182350867900942483857923321695569860789152521698927679544010007864632708200995489807224931291172945477148069758713005414038080109039715360616390648048342281275138594114752226955079456783305466224185127861608693948865606441254395721340872215388433090562269787510514118321880755018795157928175922182935497709523352525408588200047995125926603880665567575578020901301412796757068879450872583258423098135021420201654915918], M1 [68454846588488669213561257644433305488308927146260775021731588104465137866098]
2020-02-12 20:02:01.966 DEBUG com.dukascopy.api.impl.connect.AuthorizationClient - >> [https://login.dukascopy.com/authorization-1/demo/auth?munus=srp_api&testimonium_nuntius=975811f41a96946e5bd4f22d101315c62e2fb07b4e4c3854de04d36bec091572&passus=2&publicus_pendo=5fea3f7bbabc6795f0f315ea4b09e693dce2fbf76812ed4321272952f03b03cc147f7b9c85d83e1ba78fafd9eede9b14b313a7e90c57515836ae3021592fc08026c8e9249eb7159824f6536803c347572849b5d49f9184a10fc4e3f08dae47b467bf6c61c05ca308d957d1696c98e3fc19701c968e19196301aa7a39ee4310f57ed1a301e2e2a9b8b65fb8fb0afd4f1bc182fc3aba5b265bbd2a53f37b7fc8c3272548e3c62eb2cafba3434c5a8d372c93186eab5d7a342328a9684da15651448d3c238225b64a4086bb8fae66c861ab6fcbe94519f1a6b8e84dfefee57df3bce65aba80b36e53409e366802a0f6dfcd848148b1a335d60174a0083a6ca4934e&sermo=6393b96e-b08f-4770-9a57-5d44af5a0624&putent_genus=0&obsecro_id=8f35dd96-2410-4e06-bb52-658f499eb053&srp_versio=1]
2020-02-12 20:02:02.273 DEBUG com.dukascopy.api.impl.connect.AuthorizationClient - << [{"M2":"5fd8f53c67baefca67e7ac3929ed633240c6ea28f5e2ca622bc0a32ae29959e7","srp_versio":"1"}]
2020-02-12 20:02:02.274 INFO  com.dukascopy.api.impl.connect.AuthorizationClient - Auth step 2 response [ServerResponseObject [passwordServerResponse=Step2ServerResponse [serverEvidenceMessageM2=5fd8f53c67baefca67e7ac3929ed633240c6ea28f5e2ca622bc0a32ae29959e7, srpProtocolVersion=1], ]]
2020-02-12 20:02:02.276 INFO  com.dukascopy.api.impl.connect.AuthorizationClient - Auth step 3 request
2020-02-12 20:02:02.276 DEBUG com.dukascopy.api.impl.connect.AuthorizationClient - >> [https://login.dukascopy.com/authorization-1/demo/auth?munus=srp_api&passus=3&sermo=6393b96e-b08f-4770-9a57-5d44af5a0624&versio=318.4.87&willPing=true&occasus_content_vulgate=0&putent_genus=0&occasus=true&platform=DDS3_JFOREXSDK&obsecro_id=8f35dd96-2410-4e06-bb52-658f499eb053&srp_versio=1]
2020-02-12 20:02:03.570 DEBUG com.dukascopy.api.impl.connect.AuthorizationClient - << [{"occasus":"rO0ABXNyABRqYXZhLnV0aWwuUHJvcGVydGllczkS0HpwNj6YAgABTAAIZGVmYXVsdHN0ABZMamF2\r\nYS91dGlsL1Byb3BlcnRpZX...","authApiURLs":["d-ja-msk-10.dukascopy.com:10443","d-ja-gva-101-135-154.dukascopy.com:10443","d-ja-usa-e-96-4-a.dukascopy.com:10443","d-ja-sgn-04-b.dukascopy.com:10443","d-ja-jpn-04-a.dukascopy.com:10443","d-ja-hk-110-05.dukascopy.ch:10443","d-ja-hk-111-4.dukascopy.ch:10443"],"srp_versio":"1"}]
2020-02-12 20:02:03.585 INFO  com.dukascopy.api.impl.connect.AuthorizationClient - Auth step 3 response [ServerResponseObject [passwordServerResponse=Step3ServerResponse [serverResponse={"occasus":"rO0ABXNyABRqYXZhLnV0aWwuUHJvcGVydGllczkS0HpwNj6YAgABTAAIZGVmYXVsdHN0ABZMamF2\r\nYS91dGlsL1Byb3BlcnRpZX...","authApiURLs":["d-ja-msk-10.dukascopy.com:10443","d-ja-gva-101-135-154.dukascopy.com:10443","d-ja-usa-e-96-4-a.dukascopy.com:10443","d-ja-sgn-04-b.dukascopy.com:10443","d-ja-jpn-04-a.dukascopy.com:10443","d-ja-hk-110-05.dukascopy.ch:10443","d-ja-hk-111-4.dukascopy.ch:10443"],"srp_versio":"1"}], responseHeaderFields={Transfer-Encoding=[chunked], null=[HTTP/1.1 200], idle-session-ttl=[900000], CF-RAY=[564020c0ae908faf-DME], Server=[cloudflare], Connection=[keep-alive], Client-Country=[RU], Pragma=[no-cache], Last-Modified=[Wed, 12 Feb 2020 17:02:03 GMT], Date=[Wed, 12 Feb 2020 17:02:03 GMT], CF-Cache-Status=[DYNAMIC], Cache-Control=[no-cache, must-revalidate, no-store, max-age=0], Access-Control-Allow-Credentials=[true], Client-IP=[91.194.227.231], Vary=[Accept-Encoding], Set-Cookie=[__cfduid=d351bbc2b6618afd2a83ff0e5e641a3f81581526922; expires=Fri, 13-Mar-20 17:02:02 GMT; path=/; domain=.dukascopy.com; HttpOnly; SameSite=Lax], Expires=[Thu, 01 Jan 1970 00:00:00 GMT], Expect-CT=[max-age=604800, report-uri="https://report-uri.cloudflare.com/cdn-cgi/beacon/expect-ct"], Content-Type=[text/plain;charset=UTF-8]}]]
2020-02-12 20:02:03.697 INFO  com.dukascopy.api.impl.connect.AuthorizationClient - APIC: Ping API server URLs synchronously
2020-02-12 20:02:03.698 INFO  com.dukascopy.api.impl.connect.PingHelper - Selecting the best server...
2020-02-12 20:02:04.095 INFO  com.dukascopy.api.impl.connect.PingHelper - The ping start time=2020-02-12 20:02:04:095
2020-02-12 20:02:06.122 INFO  com.dukascopy.api.impl.connect.PingHelper - The ping end time=2020-02-12 20:02:06:121, the ping processing time=[2026]ms
2020-02-12 20:02:06.122 DEBUG com.dukascopy.api.impl.connect.PingHelper - Best api url [d-ja-hk-110-05.dukascopy.ch:10443] with time [225]
2020-02-12 20:02:06.124 INFO  com.dukascopy.dds2.greed.ping.ApiServerManager - APIC: The ping is finished, the fastest API server is saved: d-ja-hk-110-05.dukascopy.ch:10443 (225 ms)
2020-02-12 20:02:06.124 DEBUG com.dukascopy.api.impl.connect.TesterClientImpl - d-ja-hk-110-05.dukascopy.ch:10443@811ab264b15a979c1df1650491cb127ff3caa73a691afaa20c6dba9f8634ecc8
2020-02-12 20:02:06.132 INFO  com.dukascopy.dds2.greed.util.FilePathManager - WL info is unavailable. Use default App folder for Platform data:  C:\Users\g.vakhrushev\AppData\Local\JForex
2020-02-12 20:02:06.473 WARN  com.dukascopy.charts.data.datacache.FeedDataProvider - JStore is disabled for the current user
2020-02-12 20:02:06.485 DEBUG com.dukascopy.api.impl.connect.TesterClientImpl - UserAgent: {"clientType":"DDS3_JFOREXSDK","javaVersion":"11.0.1","jvmVersion":"11.0.1+13-LTS","clientVersion":"318.4.87","osName":"Windows 7"}
2020-02-12 20:02:10.042 INFO  com.dukascopy.dds2.greed.connection.GreedClientAuthorizationProvider - !!!:Thread[(NettyTransportClient-0) ClientConnector,6,main]
2020-02-12 20:02:10.045 INFO  com.dukascopy.dds4.transport.client.netty.ClientConnector - Authorize task in queue, server address [d-ja-hk-110-05.dukascopy.ch/13.75.115.155:10443], transport name [NettyTransportClient-0]
2020-02-12 20:02:10.047 DEBUG com.dukascopy.api.impl.connect.TesterClientImpl - Authorized
2020-02-12 20:02:10.060 INFO  com.dukascopy.api.instrument.subscribe.InstrumentManager - InstrumentManager created.
2020-02-12 20:02:10.387 WARN  com.dukascopy.api.impl.connect.WLabelData - White Label Image is not received
2020-02-12 20:02:10.387 INFO  singlejartest.GUIModeTesterMain - Connected
2020-02-12 20:02:10.387 INFO  singlejartest.GUIModeTesterMain - Subscribing instruments...
2020-02-12 20:02:10.389 INFO  singlejartest.GUIModeTesterMain - Downloading data
2020-02-12 20:02:10.400 INFO  com.dukascopy.charts.data.datacache.metadata.FeedMetadataManager - Loading first times for [EUR/USD]...
2020-02-12 20:02:10.630 INFO  com.dukascopy.charts.data.datacache.metadata.FeedMetadataManager - First times loaded {EUR/USD={Ticks=1052082000914, 1 Min=1052082000000, Hourly=1052082000000, Daily=99792000000}}
2020-02-12 20:02:10.656 INFO  singlejartest.GUIModeTesterMain - Starting strategy
2020-02-12 20:02:12.178 INFO  singlejartest.GUIModeTesterMain - Strategy started: 0
2020-02-12 20:02:12.180 INFO  singlejartest.GUIModeTesterMain - Getting prices before start time
2020-02-12 20:02:12.881 INFO  singlejartest.GUIModeTesterMain - Creating data loading threads
2020-02-12 20:02:12.979 INFO  singlejartest.GUIModeTesterMain - Getting prices before start time
2020-02-12 20:02:13.030 WARN  com.dukascopy.api.impl.connect.WLabelData - White Label Image is not received
2020-02-12 20:02:13.045 INFO  singlejartest.GUIModeTesterMain - Filling in-progress candles
2020-02-12 20:02:13.171 WARN  com.dukascopy.charts.dataprovider.timed.AbstractBufferedTimedDataProvider - Latest data buffer loading is not started yet for TimedDataDescriptor [dataType=TIME_PERIOD_AGGREGATION, instrument=EUR/USD, offerSide=Bid, period=10 Mins, dailyFilterPeriod=Daily, filter=WEEKENDS, interpolationDescriptor=DEFAULT]
2020-02-12 20:02:13.275 WARN  com.dukascopy.charts.dataprovider.timed.AbstractBufferedTimedDataProvider - Buffer already contains loaded data for [1000, 2020-02-09 00:00:00:000, 0, true] TimedDataDescriptor [dataType=TIME_PERIOD_AGGREGATION, instrument=EUR/USD, offerSide=Bid, period=10 Mins, dailyFilterPeriod=Daily, filter=WEEKENDS, interpolationDescriptor=DEFAULT]
2020-02-12 20:02:13.554 INFO  singlejartest.GUIModeTesterMain - Executing onStart
2020-02-12 20:02:13.561 INFO  singlejartest.GUIModeTesterMain - Running
2020-02-12 20:02:13.766 INFO  singlejartest.GUIModeTesterMain - Running, Sun 2020.02.09 00:30 Eq: 50,000.00 UoL: .00%
2020-02-12 20:02:13.773 INFO  singlejartest.GUIModeTesterMain - Running, Sun 2020.02.09 01:00 Eq: 50,000.00 UoL: .00%
2020-02-12 20:02:13.779 INFO  singlejartest.GUIModeTesterMain - Running, Sun 2020.02.09 01:30 Eq: 50,000.00 UoL: .00%
2020-02-12 20:02:13.784 INFO  singlejartest.GUIModeTesterMain - Running, Sun 2020.02.09 02:00 Eq: 50,000.00 UoL: .00%
2020-02-12 20:02:13.789 INFO  singlejartest.GUIModeTesterMain - Running, Sun 2020.02.09 02:30 Eq: 50,000.00 UoL: .00%
2020-02-12 20:02:13.793 INFO  singlejartest.GUIModeTesterMain - Running, Sun 2020.02.09 03:00 Eq: 50,000.00 UoL: .00%
2020-02-12 20:02:13.797 INFO  singlejartest.GUIModeTesterMain - Running, Sun 2020.02.09 03:30 Eq: 50,000.00 UoL: .00%
2020-02-12 20:02:13.801 INFO  singlejartest.GUIModeTesterMain - Running, Sun 2020.02.09 04:00 Eq: 50,000.00 UoL: .00%
2020-02-12 20:02:13.806 INFO  singlejartest.GUIModeTesterMain - Running, Sun 2020.02.09 04:30 Eq: 50,000.00 UoL: .00%
2020-02-12 20:02:13.809 INFO  singlejartest.GUIModeTesterMain - Running, Sun 2020.02.09 05:00 Eq: 50,000.00 UoL: .00%
2020-02-12 20:02:13.812 INFO  singlejartest.GUIModeTesterMain - Running, Sun 2020.02.09 05:30 Eq: 50,000.00 UoL: .00%
2020-02-12 20:02:13.815 INFO  singlejartest.GUIModeTesterMain - Running, Sun 2020.02.09 06:00 Eq: 50,000.00 UoL: .00%
2020-02-12 20:02:13.818 INFO  singlejartest.GUIModeTesterMain - Running, Sun 2020.02.09 06:30 Eq: 50,000.00 UoL: .00%
2020-02-12 20:02:13.821 INFO  singlejartest.GUIModeTesterMain - Running, Sun 2020.02.09 07:00 Eq: 50,000.00 UoL: .00%
2020-02-12 20:02:13.823 INFO  singlejartest.GUIModeTesterMain - Running, Sun 2020.02.09 07:30 Eq: 50,000.00 UoL: .00%
2020-02-12 20:02:13.825 INFO  singlejartest.GUIModeTesterMain - Running, Sun 2020.02.09 08:00 Eq: 50,000.00 UoL: .00%
2020-02-12 20:02:13.828 INFO  singlejartest.GUIModeTesterMain - Running, Sun 2020.02.09 08:30 Eq: 50,000.00 UoL: .00%
2020-02-12 20:02:13.830 INFO  singlejartest.GUIModeTesterMain - Running, Sun 2020.02.09 09:00 Eq: 50,000.00 UoL: .00%
2020-02-12 20:02:13.833 INFO  singlejartest.GUIModeTesterMain - Running, Sun 2020.02.09 09:30 Eq: 50,000.00 UoL: .00%
2020-02-12 20:02:13.835 INFO  singlejartest.GUIModeTesterMain - Running, Sun 2020.02.09 10:00 Eq: 50,000.00 UoL: .00%
2020-02-12 20:02:13.838 INFO  singlejartest.GUIModeTesterMain - Running, Sun 2020.02.09 10:30 Eq: 50,000.00 UoL: .00%
2020-02-12 20:02:13.840 INFO  singlejartest.GUIModeTesterMain - Running, Sun 2020.02.09 11:00 Eq: 50,000.00 UoL: .00%
2020-02-12 20:02:13.843 INFO  singlejartest.GUIModeTesterMain - Running, Sun 2020.02.09 11:30 Eq: 50,000.00 UoL: .00%
2020-02-12 20:02:13.845 INFO  singlejartest.GUIModeTesterMain - Running, Sun 2020.02.09 12:00 Eq: 50,000.00 UoL: .00%
2020-02-12 20:02:13.848 INFO  singlejartest.GUIModeTesterMain - Running, Sun 2020.02.09 12:30 Eq: 50,000.00 UoL: .00%
2020-02-12 20:02:13.850 INFO  singlejartest.GUIModeTesterMain - Running, Sun 2020.02.09 13:00 Eq: 50,000.00 UoL: .00%
2020-02-12 20:02:13.853 INFO  singlejartest.GUIModeTesterMain - Running, Sun 2020.02.09 13:30 Eq: 50,000.00 UoL: .00%
2020-02-12 20:02:13.855 INFO  singlejartest.GUIModeTesterMain - Running, Sun 2020.02.09 14:00 Eq: 50,000.00 UoL: .00%
2020-02-12 20:02:13.858 INFO  singlejartest.GUIModeTesterMain - Running, Sun 2020.02.09 14:30 Eq: 50,000.00 UoL: .00%
2020-02-12 20:02:13.861 INFO  singlejartest.GUIModeTesterMain - Running, Sun 2020.02.09 15:00 Eq: 50,000.00 UoL: .00%
2020-02-12 20:02:13.863 INFO  singlejartest.GUIModeTesterMain - Running, Sun 2020.02.09 15:30 Eq: 50,000.00 UoL: .00%
2020-02-12 20:02:13.868 INFO  singlejartest.GUIModeTesterMain - Running, Sun 2020.02.09 16:00 Eq: 50,000.00 UoL: .00%
2020-02-12 20:02:13.871 INFO  singlejartest.GUIModeTesterMain - Running, Sun 2020.02.09 16:30 Eq: 50,000.00 UoL: .00%
2020-02-12 20:02:13.874 INFO  singlejartest.GUIModeTesterMain - Running, Sun 2020.02.09 17:00 Eq: 50,000.00 UoL: .00%
2020-02-12 20:02:13.877 INFO  singlejartest.GUIModeTesterMain - Running, Sun 2020.02.09 17:30 Eq: 50,000.00 UoL: .00%
2020-02-12 20:02:13.879 INFO  singlejartest.GUIModeTesterMain - Running, Sun 2020.02.09 18:00 Eq: 50,000.00 UoL: .00%
2020-02-12 20:02:13.881 INFO  singlejartest.GUIModeTesterMain - Running, Sun 2020.02.09 18:30 Eq: 50,000.00 UoL: .00%
2020-02-12 20:02:13.895 INFO  singlejartest.GUIModeTesterMain - Running, Sun 2020.02.09 19:00 Eq: 50,000.00 UoL: .00%
2020-02-12 20:02:13.899 INFO  singlejartest.GUIModeTesterMain - Running, Sun 2020.02.09 19:30 Eq: 50,000.00 UoL: .00%
2020-02-12 20:02:13.900 INFO  singlejartest.GUIModeTesterMain - Running, Sun 2020.02.09 20:00 Eq: 50,000.00 UoL: .00%
2020-02-12 20:02:13.902 INFO  singlejartest.GUIModeTesterMain - Running, Sun 2020.02.09 20:30 Eq: 50,000.00 UoL: .00%
2020-02-12 20:02:13.904 INFO  singlejartest.GUIModeTesterMain - Running, Mon 2020.02.09 21:00 Eq: 50,000.00 UoL: .00%
2020-02-12 20:02:13.905 INFO  singlejartest.GUIModeTesterMain - Running, Mon 2020.02.09 21:30 Eq: 50,000.00 UoL: .00%
2020-02-12 20:02:13.922 INFO  singlejartest.GUIModeTesterMain - Running, Mon 2020.02.09 22:00 Eq: 50,000.00 UoL: .00%
2020-02-12 20:02:13.986 INFO  singlejartest.GUIModeTesterMain - Running, Mon 2020.02.09 22:30 Eq: 50,000.00 UoL: .00%
2020-02-12 20:02:14.046 INFO  singlejartest.GUIModeTesterMain - Running, Mon 2020.02.09 23:00 Eq: 50,000.00 UoL: .00%
2020-02-12 20:02:14.081 INFO  singlejartest.GUIModeTesterMain - Running, Mon 2020.02.09 23:30 Eq: 50,000.00 UoL: .00%
2020-02-12 20:02:14.142 INFO  singlejartest.GUIModeTesterMain - Running, Mon 2020.02.10 00:00 Eq: 50,000.00 UoL: .00%
2020-02-12 20:02:14.163 INFO  singlejartest.GUIModeTesterMain - Running, Mon 2020.02.10 00:30 Eq: 50,000.00 UoL: .00%
2020-02-12 20:02:14.222 INFO  singlejartest.GUIModeTesterMain - Running, Mon 2020.02.10 01:00 Eq: 50,000.00 UoL: .00%
2020-02-12 20:02:14.235 INFO  singlejartest.GUIModeTesterMain - Running, Mon 2020.02.10 01:30 Eq: 50,000.00 UoL: .00%
2020-02-12 20:02:14.259 INFO  singlejartest.GUIModeTesterMain - Running, Mon 2020.02.10 02:00 Eq: 50,000.00 UoL: .00%
2020-02-12 20:02:14.307 INFO  singlejartest.GUIModeTesterMain - Running, Mon 2020.02.10 02:30 Eq: 50,000.00 UoL: .00%
2020-02-12 20:02:14.368 INFO  singlejartest.GUIModeTesterMain - Running, Mon 2020.02.10 03:00 Eq: 50,000.00 UoL: .00%
2020-02-12 20:02:14.382 INFO  singlejartest.GUIModeTesterMain - Running, Mon 2020.02.10 03:30 Eq: 50,000.00 UoL: .00%
2020-02-12 20:02:14.423 INFO  singlejartest.GUIModeTesterMain - Running, Mon 2020.02.10 04:00 Eq: 50,000.00 UoL: .00%
2020-02-12 20:02:14.457 INFO  singlejartest.GUIModeTesterMain - Running, Mon 2020.02.10 04:30 Eq: 50,000.00 UoL: .00%
2020-02-12 20:02:14.481 INFO  singlejartest.GUIModeTesterMain - Running, Mon 2020.02.10 05:00 Eq: 50,000.00 UoL: .00%
2020-02-12 20:02:14.494 INFO  singlejartest.GUIModeTesterMain - Running, Mon 2020.02.10 05:30 Eq: 50,000.00 UoL: .00%
2020-02-12 20:02:14.524 INFO  singlejartest.GUIModeTesterMain - Running, Mon 2020.02.10 06:00 Eq: 50,000.00 UoL: .00%
2020-02-12 20:02:14.538 INFO  singlejartest.GUIModeTesterMain - Running, Mon 2020.02.10 06:30 Eq: 50,000.00 UoL: .00%
2020-02-12 20:02:14.580 INFO  singlejartest.GUIModeTesterMain - Running, Mon 2020.02.10 07:00 Eq: 50,000.00 UoL: .00%
2020-02-12 20:02:14.687 INFO  singlejartest.GUIModeTesterMain - Running, Mon 2020.02.10 07:30 Eq: 50,000.00 UoL: .00%
2020-02-12 20:02:14.770 INFO  singlejartest.GUIModeTesterMain - Running, Mon 2020.02.10 08:00 Eq: 49,949.80 UoL: 22.13%
2020-02-12 20:02:14.861 INFO  singlejartest.GUIModeTesterMain - Running, Mon 2020.02.10 08:30 Eq: 50,040.70 UoL: 22.09%
2020-02-12 20:02:14.950 INFO  singlejartest.GUIModeTesterMain - Running, Mon 2020.02.10 09:00 Eq: 50,424.50 UoL: 21.93%
2020-02-12 20:02:15.021 INFO  singlejartest.GUIModeTesterMain - Running, Mon 2020.02.10 09:30 Eq: 50,283.10 UoL: 21.99%
2020-02-12 20:02:15.081 INFO  singlejartest.GUIModeTesterMain - Running, Mon 2020.02.10 10:00 Eq: 50,262.90 UoL: 22.00%
2020-02-12 20:02:15.138 INFO  singlejartest.GUIModeTesterMain - Running, Mon 2020.02.10 10:30 Eq: 50,475.00 UoL: 21.90%
2020-02-12 20:02:15.200 INFO  singlejartest.GUIModeTesterMain - Running, Mon 2020.02.10 11:00 Eq: 50,232.60 UoL: 22.01%
2020-02-12 20:02:15.355 INFO  singlejartest.GUIModeTesterMain - Running, Mon 2020.02.10 11:30 Eq: 50,273.00 UoL: 21.99%
2020-02-12 20:02:15.448 INFO  singlejartest.GUIModeTesterMain - Running, Mon 2020.02.10 12:00 Eq: 50,202.30 UoL: 22.02%
2020-02-12 20:02:15.577 INFO  singlejartest.GUIModeTesterMain - Running, Mon 2020.02.10 12:30 Eq: 50,384.10 UoL: 21.94%
2020-02-12 20:02:15.702 INFO  singlejartest.GUIModeTesterMain - Running, Mon 2020.02.10 13:00 Eq: 50,212.40 UoL: 22.02%
2020-02-12 20:02:15.843 INFO  singlejartest.GUIModeTesterMain - Running, Mon 2020.02.10 13:30 Eq: 50,545.70 UoL: 21.87%
2020-02-12 20:02:15.999 INFO  singlejartest.GUIModeTesterMain - Running, Mon 2020.02.10 14:00 Eq: 48,525.70 UoL: 22.78%
2020-02-12 20:02:16.220 INFO  singlejartest.GUIModeTesterMain - Running, Mon 2020.02.10 14:30 Eq: 48,121.70 UoL: 22.98%
2020-02-12 20:02:16.323 INFO  singlejartest.GUIModeTesterMain - Running, Mon 2020.02.10 15:00 Eq: 48,020.70 UoL: 23.02%
2020-02-12 20:02:16.582 INFO  singlejartest.GUIModeTesterMain - Running, Mon 2020.02.10 15:30 Eq: 49,061.00 UoL: 22.54%
2020-02-12 20:02:16.732 INFO  singlejartest.GUIModeTesterMain - Running, Mon 2020.02.10 16:00 Eq: 47,374.63 UoL: 46.63%
2020-02-12 20:02:16.824 INFO  singlejartest.GUIModeTesterMain - Running, Mon 2020.02.10 16:30 Eq: 45,173.55 UoL: .00%
2020-02-12 20:02:16.924 INFO  singlejartest.GUIModeTesterMain - Running, Mon 2020.02.10 17:00 Eq: 45,173.55 UoL: .00%
2020-02-12 20:02:16.938 INFO  singlejartest.GUIModeTesterMain - Running, Mon 2020.02.10 17:30 Eq: 45,173.55 UoL: .00%
2020-02-12 20:02:16.995 INFO  singlejartest.GUIModeTesterMain - Running, Mon 2020.02.10 18:00 Eq: 45,173.55 UoL: .00%
2020-02-12 20:02:17.007 INFO  singlejartest.GUIModeTesterMain - Running, Mon 2020.02.10 18:30 Eq: 45,173.55 UoL: .00%
2020-02-12 20:02:17.060 INFO  singlejartest.GUIModeTesterMain - Running, Mon 2020.02.10 19:00 Eq: 45,173.55 UoL: .00%
2020-02-12 20:02:17.069 INFO  singlejartest.GUIModeTesterMain - Running, Mon 2020.02.10 19:30 Eq: 45,173.55 UoL: .00%
2020-02-12 20:02:17.077 INFO  singlejartest.GUIModeTesterMain - Running, Mon 2020.02.10 20:00 Eq: 45,173.55 UoL: .00%
2020-02-12 20:02:17.085 INFO  singlejartest.GUIModeTesterMain - Running, Mon 2020.02.10 20:30 Eq: 45,173.55 UoL: .00%
2020-02-12 20:02:17.135 INFO  singlejartest.GUIModeTesterMain - Running, Tue 2020.02.10 21:00 Eq: 45,173.55 UoL: .00%
2020-02-12 20:02:17.149 INFO  singlejartest.GUIModeTesterMain - Running, Tue 2020.02.10 21:30 Eq: 45,173.55 UoL: .00%
2020-02-12 20:02:17.191 INFO  singlejartest.GUIModeTesterMain - Running, Tue 2020.02.10 22:00 Eq: 45,173.55 UoL: .00%
2020-02-12 20:02:17.212 INFO  singlejartest.GUIModeTesterMain - Running, Tue 2020.02.10 22:30 Eq: 45,173.55 UoL: .00%
2020-02-12 20:02:17.231 INFO  singlejartest.GUIModeTesterMain - Running, Tue 2020.02.10 23:00 Eq: 45,173.55 UoL: .00%
2020-02-12 20:02:17.271 INFO  singlejartest.GUIModeTesterMain - Running, Tue 2020.02.10 23:30 Eq: 45,173.55 UoL: .00%
2020-02-12 20:02:17.298 INFO  singlejartest.GUIModeTesterMain - Running, Tue 2020.02.11 00:00 Eq: 45,173.55 UoL: .00%
2020-02-12 20:02:17.304 INFO  singlejartest.GUIModeTesterMain - Running, Tue 2020.02.11 00:30 Eq: 45,173.55 UoL: .00%
2020-02-12 20:02:17.311 INFO  singlejartest.GUIModeTesterMain - Running, Tue 2020.02.11 01:00 Eq: 45,173.55 UoL: .00%
2020-02-12 20:02:17.321 INFO  singlejartest.GUIModeTesterMain - Running, Tue 2020.02.11 01:30 Eq: 45,173.55 UoL: .00%
2020-02-12 20:02:17.396 INFO  singlejartest.GUIModeTesterMain - Running, Tue 2020.02.11 02:00 Eq: 45,173.55 UoL: .00%
2020-02-12 20:02:17.403 INFO  singlejartest.GUIModeTesterMain - Running, Tue 2020.02.11 02:30 Eq: 45,173.55 UoL: .00%
2020-02-12 20:02:17.436 INFO  singlejartest.GUIModeTesterMain - Running, Tue 2020.02.11 03:00 Eq: 45,173.55 UoL: .00%
2020-02-12 20:02:17.443 INFO  singlejartest.GUIModeTesterMain - Running, Tue 2020.02.11 03:30 Eq: 45,173.55 UoL: .00%
2020-02-12 20:02:17.453 INFO  singlejartest.GUIModeTesterMain - Running, Tue 2020.02.11 04:00 Eq: 45,173.55 UoL: .00%
2020-02-12 20:02:17.458 INFO  singlejartest.GUIModeTesterMain - Running, Tue 2020.02.11 04:30 Eq: 45,173.55 UoL: .00%
2020-02-12 20:02:17.477 INFO  singlejartest.GUIModeTesterMain - Running, Tue 2020.02.11 05:00 Eq: 45,173.55 UoL: .00%
2020-02-12 20:02:17.619 INFO  singlejartest.GUIModeTesterMain - Running, Tue 2020.02.11 05:30 Eq: 45,173.55 UoL: .00%
2020-02-12 20:02:17.634 INFO  singlejartest.GUIModeTesterMain - Running, Tue 2020.02.11 06:00 Eq: 45,173.55 UoL: .00%
2020-02-12 20:02:17.650 INFO  singlejartest.GUIModeTesterMain - Running, Tue 2020.02.11 06:30 Eq: 45,173.55 UoL: .00%
2020-02-12 20:02:17.765 INFO  singlejartest.GUIModeTesterMain - Running, Tue 2020.02.11 07:00 Eq: 45,173.55 UoL: .00%
2020-02-12 20:02:17.837 INFO  singlejartest.GUIModeTesterMain - Running, Tue 2020.02.11 07:30 Eq: 45,173.55 UoL: .00%
2020-02-12 20:02:17.858 INFO  singlejartest.GUIModeTesterMain - Running, Tue 2020.02.11 08:00 Eq: 45,173.55 UoL: .00%
2020-02-12 20:02:17.884 INFO  singlejartest.GUIModeTesterMain - Running, Tue 2020.02.11 08:30 Eq: 45,173.55 UoL: .00%
2020-02-12 20:02:17.955 INFO  singlejartest.GUIModeTesterMain - Running, Tue 2020.02.11 09:00 Eq: 45,173.55 UoL: .00%
2020-02-12 20:02:18.061 INFO  singlejartest.GUIModeTesterMain - Running, Tue 2020.02.11 09:30 Eq: 45,173.55 UoL: .00%
2020-02-12 20:02:18.083 INFO  singlejartest.GUIModeTesterMain - Running, Tue 2020.02.11 10:00 Eq: 45,173.55 UoL: .00%
2020-02-12 20:02:18.103 INFO  singlejartest.GUIModeTesterMain - Running, Tue 2020.02.11 10:30 Eq: 45,173.55 UoL: .00%
2020-02-12 20:02:18.129 INFO  singlejartest.GUIModeTesterMain - Running, Tue 2020.02.11 11:00 Eq: 45,173.55 UoL: .00%
2020-02-12 20:02:18.146 INFO  singlejartest.GUIModeTesterMain - Running, Tue 2020.02.11 11:30 Eq: 45,173.55 UoL: .00%
2020-02-12 20:02:18.226 INFO  singlejartest.GUIModeTesterMain - Running, Tue 2020.02.11 12:00 Eq: 45,173.55 UoL: .00%
2020-02-12 20:02:18.262 INFO  singlejartest.GUIModeTesterMain - Running, Tue 2020.02.11 12:30 Eq: 45,173.55 UoL: .00%
2020-02-12 20:02:18.393 INFO  singlejartest.GUIModeTesterMain - Running, Tue 2020.02.11 13:00 Eq: 45,115.70 UoL: 24.42%
2020-02-12 20:02:18.538 INFO  singlejartest.GUIModeTesterMain - Running, Tue 2020.02.11 13:30 Eq: 43,944.10 UoL: 25.07%
2020-02-12 20:02:18.631 INFO  singlejartest.GUIModeTesterMain - Running, Tue 2020.02.11 14:00 Eq: 44,550.10 UoL: 24.73%
2020-02-12 20:02:18.776 WARN  com.dukascopy.charts.dataprovider.timed.AbstractBufferedTimedDataProvider - Buffer already contains loaded data for [277, 2020-02-11 05:00:00:000, 0, true] TimedDataDescriptor [dataType=TIME_PERIOD_AGGREGATION, instrument=EUR/USD, offerSide=Bid, period=30 Mins, dailyFilterPeriod=Daily, filter=WEEKENDS, interpolationDescriptor=DEFAULT]
2020-02-12 20:02:18.789 WARN  com.dukascopy.charts.dataprovider.timed.AbstractBufferedTimedDataProvider - Buffer already contains loaded data for [249, 2020-02-11 05:00:00:000, 0, true] TimedDataDescriptor [dataType=TIME_PERIOD_AGGREGATION, instrument=EUR/USD, offerSide=Bid, period=30 Mins, dailyFilterPeriod=Daily, filter=WEEKENDS, interpolationDescriptor=DEFAULT]
2020-02-12 20:02:18.819 WARN  com.dukascopy.charts.dataprovider.timed.AbstractBufferedTimedDataProvider - Buffer already contains loaded data for [271, 2020-02-11 05:00:00:000, 0, true] TimedDataDescriptor [dataType=TIME_PERIOD_AGGREGATION, instrument=EUR/USD, offerSide=Bid, period=30 Mins, dailyFilterPeriod=Daily, filter=WEEKENDS, interpolationDescriptor=DEFAULT]
2020-02-12 20:02:18.828 WARN  com.dukascopy.charts.dataprovider.timed.AbstractBufferedTimedDataProvider - Buffer already contains loaded data for [269, 2020-02-11 05:00:00:000, 0, true] TimedDataDescriptor [dataType=TIME_PERIOD_AGGREGATION, instrument=EUR/USD, offerSide=Bid, period=30 Mins, dailyFilterPeriod=Daily, filter=WEEKENDS, interpolationDescriptor=DEFAULT]
2020-02-12 20:02:18.992 INFO  singlejartest.GUIModeTesterMain - Running, Tue 2020.02.11 14:30 Eq: 45,482.05 UoL: .01%
2020-02-12 20:02:19.117 INFO  singlejartest.GUIModeTesterMain - Running, Tue 2020.02.11 15:00 Eq: 45,492.15 UoL: .01%
2020-02-12 20:02:19.379 INFO  singlejartest.GUIModeTesterMain - Running, Tue 2020.02.11 15:30 Eq: 45,482.05 UoL: .01%
2020-02-12 20:02:19.611 INFO  singlejartest.GUIModeTesterMain - Running, Tue 2020.02.11 16:00 Eq: 45,492.15 UoL: .01%
2020-02-12 20:02:19.744 INFO  singlejartest.GUIModeTesterMain - Running, Tue 2020.02.11 16:30 Eq: 45,471.95 UoL: .01%
2020-02-12 20:02:20.172 INFO  singlejartest.GUIModeTesterMain - Running, Tue 2020.02.11 17:00 Eq: 45,393.88 UoL: 24.30%
2020-02-12 20:02:20.227 INFO  singlejartest.GUIModeTesterMain - Running, Tue 2020.02.11 17:30 Eq: 44,828.28 UoL: 24.60%
2020-02-12 20:02:20.262 INFO  singlejartest.GUIModeTesterMain - Running, Tue 2020.02.11 18:00 Eq: 44,858.58 UoL: 24.59%
2020-02-12 20:02:20.291 INFO  singlejartest.GUIModeTesterMain - Running, Tue 2020.02.11 18:30 Eq: 45,282.78 UoL: 24.36%
2020-02-12 20:02:20.322 INFO  singlejartest.GUIModeTesterMain - Running, Tue 2020.02.11 19:00 Eq: 45,161.58 UoL: 24.42%
2020-02-12 20:02:20.491 INFO  singlejartest.GUIModeTesterMain - Running, Tue 2020.02.11 19:30 Eq: 44,747.48 UoL: 24.65%
2020-02-12 20:02:20.757 INFO  singlejartest.GUIModeTesterMain - Running, Tue 2020.02.11 20:00 Eq: 44,878.78 UoL: 24.58%
2020-02-12 20:02:21.888 INFO  singlejartest.GUIModeTesterMain - Running, Tue 2020.02.11 20:30 Eq: 44,969.68 UoL: 24.53%
2020-02-12 20:02:22.012 INFO  singlejartest.GUIModeTesterMain - Running, Wed 2020.02.11 21:00 Eq: 45,090.88 UoL: 24.46%
2020-02-12 20:02:22.018 INFO  singlejartest.GUIModeTesterMain - Running, Wed 2020.02.11 21:30 Eq: 45,212.08 UoL: 24.40%
2020-02-12 20:02:22.062 INFO  singlejartest.GUIModeTesterMain - Running, Wed 2020.02.11 22:00 Eq: 45,291.87 UoL: 24.35%
2020-02-12 20:02:22.133 INFO  singlejartest.GUIModeTesterMain - Running, Wed 2020.02.11 22:30 Eq: 45,402.97 UoL: 24.29%
2020-02-12 20:02:22.150 INFO  singlejartest.GUIModeTesterMain - Running, Wed 2020.02.11 23:00 Eq: 45,110.07 UoL: 24.45%
2020-02-12 20:02:22.162 INFO  singlejartest.GUIModeTesterMain - Running, Wed 2020.02.11 23:30 Eq: 45,271.67 UoL: 24.36%
2020-02-12 20:02:22.170 INFO  singlejartest.GUIModeTesterMain - Executing onStop
2020-02-12 20:02:22.202 INFO  singlejartest.GUIModeTesterMain - Strategy stopped: 0
2020-02-12 20:03:40.512 WARN  com.dukascopy.charts.dataprovider.timed.AbstractBufferedTimedDataProvider - Latest data buffer loading is not started yet for TimedDataDescriptor [dataType=TIME_PERIOD_AGGREGATION, instrument=EUR/USD, offerSide=Bid, period=30 Mins, dailyFilterPeriod=Daily, filter=WEEKENDS, interpolationDescriptor=DEFAULT]
2020-02-12 20:03:40.751 WARN  com.dukascopy.charts.dataprovider.timed.AbstractBufferedTimedDataProvider - Buffer already contains loaded data for [2000, 2020-02-11 23:30:00:000, 0, true] TimedDataDescriptor [dataType=TIME_PERIOD_AGGREGATION, instrument=EUR/USD, offerSide=Bid, period=30 Mins, dailyFilterPeriod=Daily, filter=WEEKENDS, interpolationDescriptor=DEFAULT]
2020-02-12 20:03:53.067 INFO  singlejartest.GUIModeTesterMain - Connecting...
2020-02-12 20:03:53.067 INFO  singlejartest.GUIModeTesterMain - Subscribing instruments...
2020-02-12 20:03:53.068 INFO  singlejartest.GUIModeTesterMain - Downloading data
2020-02-12 20:03:53.112 INFO  singlejartest.GUIModeTesterMain - Starting strategy
2020-02-12 20:03:53.231 INFO  singlejartest.GUIModeTesterMain - Strategy started: 1
2020-02-12 20:03:53.239 INFO  singlejartest.GUIModeTesterMain - Getting prices before start time
2020-02-12 20:03:53.530 INFO  singlejartest.GUIModeTesterMain - Creating data loading threads
2020-02-12 20:03:53.606 INFO  singlejartest.GUIModeTesterMain - Getting prices before start time
2020-02-12 20:03:53.607 WARN  com.dukascopy.api.impl.connect.WLabelData - White Label Image is not received
2020-02-12 20:03:53.608 INFO  singlejartest.GUIModeTesterMain - Filling in-progress candles
2020-02-12 20:03:53.633 INFO  singlejartest.GUIModeTesterMain - Executing onStart
2020-02-12 20:03:53.633 INFO  singlejartest.GUIModeTesterMain - Running
2020-02-12 20:03:53.735 WARN  com.dukascopy.charts.dataprovider.timed.AbstractBufferedTimedDataProvider - Latest data buffer loading is not started yet for TimedDataDescriptor [dataType=TIME_PERIOD_AGGREGATION, instrument=EUR/USD, offerSide=Bid, period=10 Mins, dailyFilterPeriod=Daily, filter=WEEKENDS, interpolationDescriptor=DEFAULT]
2020-02-12 20:03:53.845 WARN  com.dukascopy.charts.dataprovider.timed.AbstractBufferedTimedDataProvider - Buffer already contains loaded data for [1000, 2020-02-09 00:00:00:000, 0, true] TimedDataDescriptor [dataType=TIME_PERIOD_AGGREGATION, instrument=EUR/USD, offerSide=Bid, period=10 Mins, dailyFilterPeriod=Daily, filter=WEEKENDS, interpolationDescriptor=DEFAULT]
2020-02-12 20:03:53.975 INFO  singlejartest.GUIModeTesterMain - Running, Sun 2020.02.09 00:30 Eq: 50,000.00 UoL: .00%
2020-02-12 20:03:53.984 INFO  singlejartest.GUIModeTesterMain - Running, Sun 2020.02.09 01:00 Eq: 50,000.00 UoL: .00%
2020-02-12 20:03:53.997 INFO  singlejartest.GUIModeTesterMain - Running, Sun 2020.02.09 01:30 Eq: 50,000.00 UoL: .00%
2020-02-12 20:03:54.002 INFO  singlejartest.GUIModeTesterMain - Running, Sun 2020.02.09 02:00 Eq: 50,000.00 UoL: .00%
2020-02-12 20:03:54.009 INFO  singlejartest.GUIModeTesterMain - Running, Sun 2020.02.09 02:30 Eq: 50,000.00 UoL: .00%
2020-02-12 20:03:54.016 INFO  singlejartest.GUIModeTesterMain - Running, Sun 2020.02.09 03:00 Eq: 50,000.00 UoL: .00%
2020-02-12 20:03:54.022 INFO  singlejartest.GUIModeTesterMain - Running, Sun 2020.02.09 03:30 Eq: 50,000.00 UoL: .00%
2020-02-12 20:03:54.027 INFO  singlejartest.GUIModeTesterMain - Running, Sun 2020.02.09 04:00 Eq: 50,000.00 UoL: .00%
2020-02-12 20:03:54.034 INFO  singlejartest.GUIModeTesterMain - Running, Sun 2020.02.09 04:30 Eq: 50,000.00 UoL: .00%
2020-02-12 20:03:54.040 INFO  singlejartest.GUIModeTesterMain - Running, Sun 2020.02.09 05:00 Eq: 50,000.00 UoL: .00%
2020-02-12 20:03:54.046 INFO  singlejartest.GUIModeTesterMain - Running, Sun 2020.02.09 05:30 Eq: 50,000.00 UoL: .00%
2020-02-12 20:03:54.051 INFO  singlejartest.GUIModeTesterMain - Running, Sun 2020.02.09 06:00 Eq: 50,000.00 UoL: .00%
2020-02-12 20:03:54.056 INFO  singlejartest.GUIModeTesterMain - Running, Sun 2020.02.09 06:30 Eq: 50,000.00 UoL: .00%
2020-02-12 20:03:54.062 INFO  singlejartest.GUIModeTesterMain - Running, Sun 2020.02.09 07:00 Eq: 50,000.00 UoL: .00%
2020-02-12 20:03:54.067 INFO  singlejartest.GUIModeTesterMain - Running, Sun 2020.02.09 07:30 Eq: 50,000.00 UoL: .00%
2020-02-12 20:03:54.073 INFO  singlejartest.GUIModeTesterMain - Running, Sun 2020.02.09 08:00 Eq: 50,000.00 UoL: .00%
2020-02-12 20:03:54.078 INFO  singlejartest.GUIModeTesterMain - Running, Sun 2020.02.09 08:30 Eq: 50,000.00 UoL: .00%
2020-02-12 20:03:54.083 INFO  singlejartest.GUIModeTesterMain - Running, Sun 2020.02.09 09:00 Eq: 50,000.00 UoL: .00%
2020-02-12 20:03:54.087 INFO  singlejartest.GUIModeTesterMain - Running, Sun 2020.02.09 09:30 Eq: 50,000.00 UoL: .00%
2020-02-12 20:03:54.093 INFO  singlejartest.GUIModeTesterMain - Running, Sun 2020.02.09 10:00 Eq: 50,000.00 UoL: .00%
2020-02-12 20:03:54.098 INFO  singlejartest.GUIModeTesterMain - Running, Sun 2020.02.09 10:30 Eq: 50,000.00 UoL: .00%
2020-02-12 20:03:54.103 INFO  singlejartest.GUIModeTesterMain - Running, Sun 2020.02.09 11:00 Eq: 50,000.00 UoL: .00%
2020-02-12 20:03:54.109 INFO  singlejartest.GUIModeTesterMain - Running, Sun 2020.02.09 11:30 Eq: 50,000.00 UoL: .00%
2020-02-12 20:03:54.114 INFO  singlejartest.GUIModeTesterMain - Running, Sun 2020.02.09 12:00 Eq: 50,000.00 UoL: .00%
2020-02-12 20:03:54.119 INFO  singlejartest.GUIModeTesterMain - Running, Sun 2020.02.09 12:30 Eq: 50,000.00 UoL: .00%
2020-02-12 20:03:54.121 INFO  singlejartest.GUIModeTesterMain - Running, Sun 2020.02.09 13:00 Eq: 50,000.00 UoL: .00%
2020-02-12 20:03:54.123 INFO  singlejartest.GUIModeTesterMain - Running, Sun 2020.02.09 13:30 Eq: 50,000.00 UoL: .00%
2020-02-12 20:03:54.124 INFO  singlejartest.GUIModeTesterMain - Running, Sun 2020.02.09 14:00 Eq: 50,000.00 UoL: .00%
2020-02-12 20:03:54.126 INFO  singlejartest.GUIModeTesterMain - Running, Sun 2020.02.09 14:30 Eq: 50,000.00 UoL: .00%
2020-02-12 20:03:54.127 INFO  singlejartest.GUIModeTesterMain - Running, Sun 2020.02.09 15:00 Eq: 50,000.00 UoL: .00%
2020-02-12 20:03:54.128 INFO  singlejartest.GUIModeTesterMain - Running, Sun 2020.02.09 15:30 Eq: 50,000.00 UoL: .00%
2020-02-12 20:03:54.131 INFO  singlejartest.GUIModeTesterMain - Running, Sun 2020.02.09 16:00 Eq: 50,000.00 UoL: .00%
2020-02-12 20:03:54.132 INFO  singlejartest.GUIModeTesterMain - Running, Sun 2020.02.09 16:30 Eq: 50,000.00 UoL: .00%
2020-02-12 20:03:54.133 INFO  singlejartest.GUIModeTesterMain - Running, Sun 2020.02.09 17:00 Eq: 50,000.00 UoL: .00%
2020-02-12 20:03:54.135 INFO  singlejartest.GUIModeTesterMain - Running, Sun 2020.02.09 17:30 Eq: 50,000.00 UoL: .00%
2020-02-12 20:03:54.137 INFO  singlejartest.GUIModeTesterMain - Running, Sun 2020.02.09 18:00 Eq: 50,000.00 UoL: .00%
2020-02-12 20:03:54.139 INFO  singlejartest.GUIModeTesterMain - Running, Sun 2020.02.09 18:30 Eq: 50,000.00 UoL: .00%
2020-02-12 20:03:54.140 INFO  singlejartest.GUIModeTesterMain - Running, Sun 2020.02.09 19:00 Eq: 50,000.00 UoL: .00%
2020-02-12 20:03:54.142 INFO  singlejartest.GUIModeTesterMain - Running, Sun 2020.02.09 19:30 Eq: 50,000.00 UoL: .00%
2020-02-12 20:03:54.143 INFO  singlejartest.GUIModeTesterMain - Running, Sun 2020.02.09 20:00 Eq: 50,000.00 UoL: .00%
2020-02-12 20:03:54.145 INFO  singlejartest.GUIModeTesterMain - Running, Sun 2020.02.09 20:30 Eq: 50,000.00 UoL: .00%
2020-02-12 20:03:54.146 INFO  singlejartest.GUIModeTesterMain - Running, Mon 2020.02.09 21:00 Eq: 50,000.00 UoL: .00%
2020-02-12 20:03:54.148 INFO  singlejartest.GUIModeTesterMain - Running, Mon 2020.02.09 21:30 Eq: 50,000.00 UoL: .00%
2020-02-12 20:03:54.151 INFO  singlejartest.GUIModeTesterMain - Running, Mon 2020.02.09 22:00 Eq: 50,000.00 UoL: .00%
2020-02-12 20:03:54.183 INFO  singlejartest.GUIModeTesterMain - Running, Mon 2020.02.09 22:30 Eq: 50,000.00 UoL: .00%
2020-02-12 20:03:54.190 INFO  singlejartest.GUIModeTesterMain - Running, Mon 2020.02.09 23:00 Eq: 50,000.00 UoL: .00%
2020-02-12 20:03:54.198 INFO  singlejartest.GUIModeTesterMain - Running, Mon 2020.02.09 23:30 Eq: 50,000.00 UoL: .00%
2020-02-12 20:03:54.234 INFO  singlejartest.GUIModeTesterMain - Running, Mon 2020.02.10 00:00 Eq: 50,000.00 UoL: .00%
2020-02-12 20:03:54.244 INFO  singlejartest.GUIModeTesterMain - Running, Mon 2020.02.10 00:30 Eq: 50,000.00 UoL: .00%
2020-02-12 20:03:54.267 INFO  singlejartest.GUIModeTesterMain - Running, Mon 2020.02.10 01:00 Eq: 50,000.00 UoL: .00%
2020-02-12 20:03:54.273 INFO  singlejartest.GUIModeTesterMain - Running, Mon 2020.02.10 01:30 Eq: 50,000.00 UoL: .00%
2020-02-12 20:03:54.313 INFO  singlejartest.GUIModeTesterMain - Running, Mon 2020.02.10 02:00 Eq: 50,000.00 UoL: .00%
2020-02-12 20:03:54.325 INFO  singlejartest.GUIModeTesterMain - Running, Mon 2020.02.10 02:30 Eq: 50,000.00 UoL: .00%
2020-02-12 20:03:54.353 INFO  singlejartest.GUIModeTesterMain - Running, Mon 2020.02.10 03:00 Eq: 50,000.00 UoL: .00%
2020-02-12 20:03:54.362 INFO  singlejartest.GUIModeTesterMain - Running, Mon 2020.02.10 03:30 Eq: 50,000.00 UoL: .00%
2020-02-12 20:03:54.381 INFO  singlejartest.GUIModeTesterMain - Running, Mon 2020.02.10 04:00 Eq: 50,000.00 UoL: .00%
2020-02-12 20:03:54.387 INFO  singlejartest.GUIModeTesterMain - Running, Mon 2020.02.10 04:30 Eq: 50,000.00 UoL: .00%
2020-02-12 20:03:54.401 INFO  singlejartest.GUIModeTesterMain - Running, Mon 2020.02.10 05:00 Eq: 50,000.00 UoL: .00%
2020-02-12 20:03:54.412 INFO  singlejartest.GUIModeTesterMain - Running, Mon 2020.02.10 05:30 Eq: 50,000.00 UoL: .00%
2020-02-12 20:03:54.419 INFO  singlejartest.GUIModeTesterMain - Running, Mon 2020.02.10 06:00 Eq: 50,000.00 UoL: .00%
2020-02-12 20:03:54.426 INFO  singlejartest.GUIModeTesterMain - Running, Mon 2020.02.10 06:30 Eq: 50,000.00 UoL: .00%
2020-02-12 20:03:54.452 INFO  singlejartest.GUIModeTesterMain - Running, Mon 2020.02.10 07:00 Eq: 50,000.00 UoL: .00%
2020-02-12 20:03:54.467 INFO  singlejartest.GUIModeTesterMain - Running, Mon 2020.02.10 07:30 Eq: 50,000.00 UoL: .00%
2020-02-12 20:03:54.543 INFO  singlejartest.GUIModeTesterMain - Running, Mon 2020.02.10 08:00 Eq: 49,949.80 UoL: 22.13%
2020-02-12 20:03:54.588 INFO  singlejartest.GUIModeTesterMain - Running, Mon 2020.02.10 08:30 Eq: 50,040.70 UoL: 22.09%
2020-02-12 20:03:54.640 INFO  singlejartest.GUIModeTesterMain - Running, Mon 2020.02.10 09:00 Eq: 50,424.50 UoL: 21.93%
2020-02-12 20:03:54.740 INFO  singlejartest.GUIModeTesterMain - Running, Mon 2020.02.10 09:30 Eq: 50,283.10 UoL: 21.99%
2020-02-12 20:03:54.781 INFO  singlejartest.GUIModeTesterMain - Running, Mon 2020.02.10 10:00 Eq: 50,262.90 UoL: 22.00%
2020-02-12 20:03:54.814 INFO  singlejartest.GUIModeTesterMain - Running, Mon 2020.02.10 10:30 Eq: 50,475.00 UoL: 21.90%
2020-02-12 20:03:54.870 INFO  singlejartest.GUIModeTesterMain - Running, Mon 2020.02.10 11:00 Eq: 50,232.60 UoL: 22.01%
2020-02-12 20:03:54.920 INFO  singlejartest.GUIModeTesterMain - Running, Mon 2020.02.10 11:30 Eq: 50,273.00 UoL: 21.99%
2020-02-12 20:03:54.969 INFO  singlejartest.GUIModeTesterMain - Running, Mon 2020.02.10 12:00 Eq: 50,202.30 UoL: 22.02%
2020-02-12 20:03:55.017 INFO  singlejartest.GUIModeTesterMain - Running, Mon 2020.02.10 12:30 Eq: 50,384.10 UoL: 21.94%
2020-02-12 20:03:55.069 INFO  singlejartest.GUIModeTesterMain - Running, Mon 2020.02.10 13:00 Eq: 50,212.40 UoL: 22.02%
2020-02-12 20:03:55.135 INFO  singlejartest.GUIModeTesterMain - Running, Mon 2020.02.10 13:30 Eq: 50,545.70 UoL: 21.87%
2020-02-12 20:03:55.237 INFO  singlejartest.GUIModeTesterMain - Running, Mon 2020.02.10 14:00 Eq: 48,525.70 UoL: 22.78%
2020-02-12 20:03:55.344 INFO  singlejartest.GUIModeTesterMain - Running, Mon 2020.02.10 14:30 Eq: 48,121.70 UoL: 22.98%
2020-02-12 20:03:55.412 INFO  singlejartest.GUIModeTesterMain - Running, Mon 2020.02.10 15:00 Eq: 48,020.70 UoL: 23.02%
2020-02-12 20:03:55.512 INFO  singlejartest.GUIModeTesterMain - Running, Mon 2020.02.10 15:30 Eq: 49,061.00 UoL: 22.54%
2020-02-12 20:03:55.633 INFO  singlejartest.GUIModeTesterMain - Running, Mon 2020.02.10 16:00 Eq: 47,374.63 UoL: 46.63%
2020-02-12 20:03:55.692 INFO  singlejartest.GUIModeTesterMain - Running, Mon 2020.02.10 16:30 Eq: 45,173.55 UoL: .00%
2020-02-12 20:03:55.717 INFO  singlejartest.GUIModeTesterMain - Running, Mon 2020.02.10 17:00 Eq: 45,173.55 UoL: .00%
2020-02-12 20:03:55.728 INFO  singlejartest.GUIModeTesterMain - Running, Mon 2020.02.10 17:30 Eq: 45,173.55 UoL: .00%
2020-02-12 20:03:55.744 INFO  singlejartest.GUIModeTesterMain - Running, Mon 2020.02.10 18:00 Eq: 45,173.55 UoL: .00%
2020-02-12 20:03:55.754 INFO  singlejartest.GUIModeTesterMain - Running, Mon 2020.02.10 18:30 Eq: 45,173.55 UoL: .00%
2020-02-12 20:03:55.771 INFO  singlejartest.GUIModeTesterMain - Running, Mon 2020.02.10 19:00 Eq: 45,173.55 UoL: .00%
2020-02-12 20:03:55.778 INFO  singlejartest.GUIModeTesterMain - Running, Mon 2020.02.10 19:30 Eq: 45,173.55 UoL: .00%
2020-02-12 20:03:55.785 INFO  singlejartest.GUIModeTesterMain - Running, Mon 2020.02.10 20:00 Eq: 45,173.55 UoL: .00%
2020-02-12 20:03:55.790 INFO  singlejartest.GUIModeTesterMain - Running, Mon 2020.02.10 20:30 Eq: 45,173.55 UoL: .00%
2020-02-12 20:03:55.804 INFO  singlejartest.GUIModeTesterMain - Running, Tue 2020.02.10 21:00 Eq: 45,173.55 UoL: .00%
2020-02-12 20:03:55.809 INFO  singlejartest.GUIModeTesterMain - Running, Tue 2020.02.10 21:30 Eq: 45,173.55 UoL: .00%
2020-02-12 20:03:55.816 INFO  singlejartest.GUIModeTesterMain - Running, Tue 2020.02.10 22:00 Eq: 45,173.55 UoL: .00%
2020-02-12 20:03:55.820 INFO  singlejartest.GUIModeTesterMain - Running, Tue 2020.02.10 22:30 Eq: 45,173.55 UoL: .00%
2020-02-12 20:03:55.837 INFO  singlejartest.GUIModeTesterMain - Running, Tue 2020.02.10 23:00 Eq: 45,173.55 UoL: .00%
2020-02-12 20:03:55.843 INFO  singlejartest.GUIModeTesterMain - Running, Tue 2020.02.10 23:30 Eq: 45,173.55 UoL: .00%
2020-02-12 20:03:55.859 INFO  singlejartest.GUIModeTesterMain - Running, Tue 2020.02.11 00:00 Eq: 45,173.55 UoL: .00%
2020-02-12 20:03:55.865 INFO  singlejartest.GUIModeTesterMain - Running, Tue 2020.02.11 00:30 Eq: 45,173.55 UoL: .00%
2020-02-12 20:03:55.895 INFO  singlejartest.GUIModeTesterMain - Running, Tue 2020.02.11 01:00 Eq: 45,173.55 UoL: .00%
2020-02-12 20:03:55.902 INFO  singlejartest.GUIModeTesterMain - Running, Tue 2020.02.11 01:30 Eq: 45,173.55 UoL: .00%
2020-02-12 20:03:55.918 INFO  singlejartest.GUIModeTesterMain - Running, Tue 2020.02.11 02:00 Eq: 45,173.55 UoL: .00%
2020-02-12 20:03:55.924 INFO  singlejartest.GUIModeTesterMain - Running, Tue 2020.02.11 02:30 Eq: 45,173.55 UoL: .00%
2020-02-12 20:03:55.957 INFO  singlejartest.GUIModeTesterMain - Running, Tue 2020.02.11 03:00 Eq: 45,173.55 UoL: .00%
2020-02-12 20:03:55.963 INFO  singlejartest.GUIModeTesterMain - Running, Tue 2020.02.11 03:30 Eq: 45,173.55 UoL: .00%
2020-02-12 20:03:55.992 INFO  singlejartest.GUIModeTesterMain - Running, Tue 2020.02.11 04:00 Eq: 45,173.55 UoL: .00%
2020-02-12 20:03:55.996 INFO  singlejartest.GUIModeTesterMain - Running, Tue 2020.02.11 04:30 Eq: 45,173.55 UoL: .00%
2020-02-12 20:03:56.023 INFO  singlejartest.GUIModeTesterMain - Running, Tue 2020.02.11 05:00 Eq: 45,173.55 UoL: .00%
2020-02-12 20:03:56.031 INFO  singlejartest.GUIModeTesterMain - Running, Tue 2020.02.11 05:30 Eq: 45,173.55 UoL: .00%
2020-02-12 20:03:56.045 INFO  singlejartest.GUIModeTesterMain - Running, Tue 2020.02.11 06:00 Eq: 45,173.55 UoL: .00%
2020-02-12 20:03:56.053 INFO  singlejartest.GUIModeTesterMain - Running, Tue 2020.02.11 06:30 Eq: 45,173.55 UoL: .00%
2020-02-12 20:03:56.086 INFO  singlejartest.GUIModeTesterMain - Running, Tue 2020.02.11 07:00 Eq: 45,173.55 UoL: .00%
2020-02-12 20:03:56.116 INFO  singlejartest.GUIModeTesterMain - Running, Tue 2020.02.11 07:30 Eq: 45,173.55 UoL: .00%
2020-02-12 20:03:56.129 INFO  singlejartest.GUIModeTesterMain - Running, Tue 2020.02.11 08:00 Eq: 45,173.55 UoL: .00%
2020-02-12 20:03:56.145 INFO  singlejartest.GUIModeTesterMain - Running, Tue 2020.02.11 08:30 Eq: 45,173.55 UoL: .00%
2020-02-12 20:03:56.156 INFO  singlejartest.GUIModeTesterMain - Running, Tue 2020.02.11 09:00 Eq: 45,173.55 UoL: .00%
2020-02-12 20:03:56.170 INFO  singlejartest.GUIModeTesterMain - Running, Tue 2020.02.11 09:30 Eq: 45,173.55 UoL: .00%
2020-02-12 20:03:56.220 INFO  singlejartest.GUIModeTesterMain - Running, Tue 2020.02.11 10:00 Eq: 45,173.55 UoL: .00%
2020-02-12 20:03:56.267 INFO  singlejartest.GUIModeTesterMain - Running, Tue 2020.02.11 10:30 Eq: 45,173.55 UoL: .00%
2020-02-12 20:03:56.282 INFO  singlejartest.GUIModeTesterMain - Running, Tue 2020.02.11 11:00 Eq: 45,173.55 UoL: .00%
2020-02-12 20:03:56.294 INFO  singlejartest.GUIModeTesterMain - Running, Tue 2020.02.11 11:30 Eq: 45,173.55 UoL: .00%
2020-02-12 20:03:56.326 INFO  singlejartest.GUIModeTesterMain - Running, Tue 2020.02.11 12:00 Eq: 45,173.55 UoL: .00%
2020-02-12 20:03:56.340 INFO  singlejartest.GUIModeTesterMain - Running, Tue 2020.02.11 12:30 Eq: 45,173.55 UoL: .00%
2020-02-12 20:03:56.429 INFO  singlejartest.GUIModeTesterMain - Running, Tue 2020.02.11 13:00 Eq: 45,115.70 UoL: 24.42%
2020-02-12 20:03:56.566 INFO  singlejartest.GUIModeTesterMain - Running, Tue 2020.02.11 13:30 Eq: 43,944.10 UoL: 25.07%
2020-02-12 20:03:56.729 INFO  singlejartest.GUIModeTesterMain - Running, Tue 2020.02.11 14:00 Eq: 44,550.10 UoL: 24.73%
2020-02-12 20:03:56.885 INFO  singlejartest.GUIModeTesterMain - Running, Tue 2020.02.11 14:30 Eq: 45,482.05 UoL: .01%
2020-02-12 20:03:57.003 INFO  singlejartest.GUIModeTesterMain - Running, Tue 2020.02.11 15:00 Eq: 45,492.15 UoL: .01%
2020-02-12 20:03:57.161 INFO  singlejartest.GUIModeTesterMain - Running, Tue 2020.02.11 15:30 Eq: 45,482.05 UoL: .01%
2020-02-12 20:03:57.302 INFO  singlejartest.GUIModeTesterMain - Running, Tue 2020.02.11 16:00 Eq: 45,492.15 UoL: .01%
2020-02-12 20:03:57.350 INFO  singlejartest.GUIModeTesterMain - Running, Tue 2020.02.11 16:30 Eq: 45,471.95 UoL: .01%
2020-02-12 20:03:57.463 INFO  singlejartest.GUIModeTesterMain - Running, Tue 2020.02.11 17:00 Eq: 45,558.22 UoL: .01%
2020-02-12 20:03:57.565 INFO  singlejartest.GUIModeTesterMain - Running, Tue 2020.02.11 17:30 Eq: 45,558.22 UoL: .01%
2020-02-12 20:03:57.651 INFO  singlejartest.GUIModeTesterMain - Running, Tue 2020.02.11 18:00 Eq: 45,558.22 UoL: .01%
2020-02-12 20:03:57.680 INFO  singlejartest.GUIModeTesterMain - Running, Tue 2020.02.11 18:30 Eq: 45,558.22 UoL: .01%
2020-02-12 20:03:57.741 INFO  singlejartest.GUIModeTesterMain - Running, Tue 2020.02.11 19:00 Eq: 45,578.42 UoL: .01%
2020-02-12 20:03:57.759 INFO  singlejartest.GUIModeTesterMain - Running, Tue 2020.02.11 19:30 Eq: 45,558.22 UoL: .01%
2020-02-12 20:03:57.772 INFO  singlejartest.GUIModeTesterMain - Running, Tue 2020.02.11 20:00 Eq: 45,558.22 UoL: .01%
2020-02-12 20:03:57.801 INFO  singlejartest.GUIModeTesterMain - Running, Tue 2020.02.11 20:30 Eq: 45,558.22 UoL: .01%
2020-02-12 20:03:57.822 INFO  singlejartest.GUIModeTesterMain - Running, Wed 2020.02.11 21:00 Eq: 45,558.22 UoL: .01%
2020-02-12 20:03:57.832 INFO  singlejartest.GUIModeTesterMain - Running, Wed 2020.02.11 21:30 Eq: 45,538.02 UoL: .01%
2020-02-12 20:03:57.866 INFO  singlejartest.GUIModeTesterMain - Running, Wed 2020.02.11 22:00 Eq: 45,160.28 UoL: .01%
2020-02-12 20:03:57.943 INFO  singlejartest.GUIModeTesterMain - Running, Wed 2020.02.11 22:30 Eq: 45,544.08 UoL: .01%
2020-02-12 20:03:57.978 INFO  singlejartest.GUIModeTesterMain - Running, Wed 2020.02.11 23:00 Eq: 45,402.68 UoL: .01%
2020-02-12 20:03:58.031 INFO  singlejartest.GUIModeTesterMain - Running, Wed 2020.02.11 23:30 Eq: 45,523.88 UoL: .01%
2020-02-12 20:03:58.041 INFO  singlejartest.GUIModeTesterMain - Executing onStop
2020-02-12 20:03:58.068 INFO  singlejartest.GUIModeTesterMain - Strategy stopped: 1
2020-02-12 20:04:05.256 INFO  singlejartest.GUIModeTesterMain - Connecting...
2020-02-12 20:04:05.257 INFO  singlejartest.GUIModeTesterMain - Subscribing instruments...
2020-02-12 20:04:05.257 INFO  singlejartest.GUIModeTesterMain - Downloading data
2020-02-12 20:04:05.274 INFO  singlejartest.GUIModeTesterMain - Starting strategy
2020-02-12 20:04:05.470 INFO  singlejartest.GUIModeTesterMain - Strategy started: 2
2020-02-12 20:04:05.475 INFO  singlejartest.GUIModeTesterMain - Getting prices before start time
2020-02-12 20:04:05.727 INFO  singlejartest.GUIModeTesterMain - Creating data loading threads
2020-02-12 20:04:05.803 INFO  singlejartest.GUIModeTesterMain - Getting prices before start time
2020-02-12 20:04:05.803 WARN  com.dukascopy.api.impl.connect.WLabelData - White Label Image is not received
2020-02-12 20:04:05.804 INFO  singlejartest.GUIModeTesterMain - Filling in-progress candles
2020-02-12 20:04:05.819 INFO  singlejartest.GUIModeTesterMain - Executing onStart
2020-02-12 20:04:05.819 INFO  singlejartest.GUIModeTesterMain - Running
2020-02-12 20:04:05.864 WARN  com.dukascopy.charts.dataprovider.timed.AbstractBufferedTimedDataProvider - Latest data buffer loading is not started yet for TimedDataDescriptor [dataType=TIME_PERIOD_AGGREGATION, instrument=EUR/USD, offerSide=Bid, period=10 Mins, dailyFilterPeriod=Daily, filter=WEEKENDS, interpolationDescriptor=DEFAULT]
2020-02-12 20:04:05.935 INFO  singlejartest.GUIModeTesterMain - Running, Sun 2020.02.09 00:30 Eq: 50,000.00 UoL: .00%
2020-02-12 20:04:05.936 INFO  singlejartest.GUIModeTesterMain - Running, Sun 2020.02.09 01:00 Eq: 50,000.00 UoL: .00%
2020-02-12 20:04:05.937 INFO  singlejartest.GUIModeTesterMain - Running, Sun 2020.02.09 01:30 Eq: 50,000.00 UoL: .00%
2020-02-12 20:04:05.938 INFO  singlejartest.GUIModeTesterMain - Running, Sun 2020.02.09 02:00 Eq: 50,000.00 UoL: .00%
2020-02-12 20:04:05.939 INFO  singlejartest.GUIModeTesterMain - Running, Sun 2020.02.09 02:30 Eq: 50,000.00 UoL: .00%
2020-02-12 20:04:05.941 INFO  singlejartest.GUIModeTesterMain - Running, Sun 2020.02.09 03:00 Eq: 50,000.00 UoL: .00%
2020-02-12 20:04:05.942 INFO  singlejartest.GUIModeTesterMain - Running, Sun 2020.02.09 03:30 Eq: 50,000.00 UoL: .00%
2020-02-12 20:04:05.943 INFO  singlejartest.GUIModeTesterMain - Running, Sun 2020.02.09 04:00 Eq: 50,000.00 UoL: .00%
2020-02-12 20:04:05.944 INFO  singlejartest.GUIModeTesterMain - Running, Sun 2020.02.09 04:30 Eq: 50,000.00 UoL: .00%
2020-02-12 20:04:05.945 INFO  singlejartest.GUIModeTesterMain - Running, Sun 2020.02.09 05:00 Eq: 50,000.00 UoL: .00%
2020-02-12 20:04:05.947 INFO  singlejartest.GUIModeTesterMain - Running, Sun 2020.02.09 05:30 Eq: 50,000.00 UoL: .00%
2020-02-12 20:04:05.948 INFO  singlejartest.GUIModeTesterMain - Running, Sun 2020.02.09 06:00 Eq: 50,000.00 UoL: .00%
2020-02-12 20:04:05.949 INFO  singlejartest.GUIModeTesterMain - Running, Sun 2020.02.09 06:30 Eq: 50,000.00 UoL: .00%
2020-02-12 20:04:05.955 INFO  singlejartest.GUIModeTesterMain - Running, Sun 2020.02.09 07:00 Eq: 50,000.00 UoL: .00%
2020-02-12 20:04:05.956 INFO  singlejartest.GUIModeTesterMain - Running, Sun 2020.02.09 07:30 Eq: 50,000.00 UoL: .00%
2020-02-12 20:04:05.957 INFO  singlejartest.GUIModeTesterMain - Running, Sun 2020.02.09 08:00 Eq: 50,000.00 UoL: .00%
2020-02-12 20:04:05.959 INFO  singlejartest.GUIModeTesterMain - Running, Sun 2020.02.09 08:30 Eq: 50,000.00 UoL: .00%
2020-02-12 20:04:05.963 INFO  singlejartest.GUIModeTesterMain - Running, Sun 2020.02.09 09:00 Eq: 50,000.00 UoL: .00%
2020-02-12 20:04:05.964 WARN  com.dukascopy.charts.dataprovider.timed.AbstractBufferedTimedDataProvider - Buffer already contains loaded data for [1000, 2020-02-09 00:00:00:000, 0, true] TimedDataDescriptor [dataType=TIME_PERIOD_AGGREGATION, instrument=EUR/USD, offerSide=Bid, period=10 Mins, dailyFilterPeriod=Daily, filter=WEEKENDS, interpolationDescriptor=DEFAULT]
2020-02-12 20:04:05.965 INFO  singlejartest.GUIModeTesterMain - Running, Sun 2020.02.09 09:30 Eq: 50,000.00 UoL: .00%
2020-02-12 20:04:05.966 INFO  singlejartest.GUIModeTesterMain - Running, Sun 2020.02.09 10:00 Eq: 50,000.00 UoL: .00%
2020-02-12 20:04:05.967 INFO  singlejartest.GUIModeTesterMain - Running, Sun 2020.02.09 10:30 Eq: 50,000.00 UoL: .00%
2020-02-12 20:04:05.969 INFO  singlejartest.GUIModeTesterMain - Running, Sun 2020.02.09 11:00 Eq: 50,000.00 UoL: .00%
2020-02-12 20:04:05.971 INFO  singlejartest.GUIModeTesterMain - Running, Sun 2020.02.09 11:30 Eq: 50,000.00 UoL: .00%
2020-02-12 20:04:05.972 INFO  singlejartest.GUIModeTesterMain - Running, Sun 2020.02.09 12:00 Eq: 50,000.00 UoL: .00%
2020-02-12 20:04:05.981 INFO  singlejartest.GUIModeTesterMain - Running, Sun 2020.02.09 12:30 Eq: 50,000.00 UoL: .00%
2020-02-12 20:04:05.982 INFO  singlejartest.GUIModeTesterMain - Running, Sun 2020.02.09 13:00 Eq: 50,000.00 UoL: .00%
2020-02-12 20:04:05.983 INFO  singlejartest.GUIModeTesterMain - Running, Sun 2020.02.09 13:30 Eq: 50,000.00 UoL: .00%
2020-02-12 20:04:05.985 INFO  singlejartest.GUIModeTesterMain - Running, Sun 2020.02.09 14:00 Eq: 50,000.00 UoL: .00%
2020-02-12 20:04:05.986 INFO  singlejartest.GUIModeTesterMain - Running, Sun 2020.02.09 14:30 Eq: 50,000.00 UoL: .00%
2020-02-12 20:04:05.987 INFO  singlejartest.GUIModeTesterMain - Running, Sun 2020.02.09 15:00 Eq: 50,000.00 UoL: .00%
2020-02-12 20:04:05.998 INFO  singlejartest.GUIModeTesterMain - Running, Sun 2020.02.09 15:30 Eq: 50,000.00 UoL: .00%
2020-02-12 20:04:05.999 INFO  singlejartest.GUIModeTesterMain - Running, Sun 2020.02.09 16:00 Eq: 50,000.00 UoL: .00%
2020-02-12 20:04:06.001 INFO  singlejartest.GUIModeTesterMain - Running, Sun 2020.02.09 16:30 Eq: 50,000.00 UoL: .00%
2020-02-12 20:04:06.003 INFO  singlejartest.GUIModeTesterMain - Running, Sun 2020.02.09 17:00 Eq: 50,000.00 UoL: .00%
2020-02-12 20:04:06.004 INFO  singlejartest.GUIModeTesterMain - Running, Sun 2020.02.09 17:30 Eq: 50,000.00 UoL: .00%
2020-02-12 20:04:06.005 INFO  singlejartest.GUIModeTesterMain - Running, Sun 2020.02.09 18:00 Eq: 50,000.00 UoL: .00%
2020-02-12 20:04:06.006 INFO  singlejartest.GUIModeTesterMain - Running, Sun 2020.02.09 18:30 Eq: 50,000.00 UoL: .00%
2020-02-12 20:04:06.008 INFO  singlejartest.GUIModeTesterMain - Running, Sun 2020.02.09 19:00 Eq: 50,000.00 UoL: .00%
2020-02-12 20:04:06.009 INFO  singlejartest.GUIModeTesterMain - Running, Sun 2020.02.09 19:30 Eq: 50,000.00 UoL: .00%
2020-02-12 20:04:06.010 INFO  singlejartest.GUIModeTesterMain - Running, Sun 2020.02.09 20:00 Eq: 50,000.00 UoL: .00%
2020-02-12 20:04:06.013 INFO  singlejartest.GUIModeTesterMain - Running, Sun 2020.02.09 20:30 Eq: 50,000.00 UoL: .00%
2020-02-12 20:04:06.014 INFO  singlejartest.GUIModeTesterMain - Running, Mon 2020.02.09 21:00 Eq: 50,000.00 UoL: .00%
2020-02-12 20:04:06.015 INFO  singlejartest.GUIModeTesterMain - Running, Mon 2020.02.09 21:30 Eq: 50,000.00 UoL: .00%
2020-02-12 20:04:06.017 INFO  singlejartest.GUIModeTesterMain - Running, Mon 2020.02.09 22:00 Eq: 50,000.00 UoL: .00%
2020-02-12 20:04:06.035 INFO  singlejartest.GUIModeTesterMain - Running, Mon 2020.02.09 22:30 Eq: 50,000.00 UoL: .00%
2020-02-12 20:04:06.041 INFO  singlejartest.GUIModeTesterMain - Running, Mon 2020.02.09 23:00 Eq: 50,000.00 UoL: .00%
2020-02-12 20:04:06.054 INFO  singlejartest.GUIModeTesterMain - Running, Mon 2020.02.09 23:30 Eq: 50,000.00 UoL: .00%
2020-02-12 20:04:06.069 INFO  singlejartest.GUIModeTesterMain - Running, Mon 2020.02.10 00:00 Eq: 50,000.00 UoL: .00%
2020-02-12 20:04:06.079 INFO  singlejartest.GUIModeTesterMain - Running, Mon 2020.02.10 00:30 Eq: 50,000.00 UoL: .00%
2020-02-12 20:04:06.147 INFO  singlejartest.GUIModeTesterMain - Running, Mon 2020.02.10 01:00 Eq: 50,000.00 UoL: .00%
2020-02-12 20:04:06.191 INFO  singlejartest.GUIModeTesterMain - Running, Mon 2020.02.10 01:30 Eq: 50,000.00 UoL: .00%
2020-02-12 20:04:06.205 INFO  singlejartest.GUIModeTesterMain - Running, Mon 2020.02.10 02:00 Eq: 50,000.00 UoL: .00%
2020-02-12 20:04:06.346 INFO  singlejartest.GUIModeTesterMain - Running, Mon 2020.02.10 02:30 Eq: 50,000.00 UoL: .00%
2020-02-12 20:04:06.370 INFO  singlejartest.GUIModeTesterMain - Running, Mon 2020.02.10 03:00 Eq: 50,000.00 UoL: .00%
2020-02-12 20:04:06.390 INFO  singlejartest.GUIModeTesterMain - Running, Mon 2020.02.10 03:30 Eq: 50,000.00 UoL: .00%
2020-02-12 20:04:06.399 INFO  singlejartest.GUIModeTesterMain - Running, Mon 2020.02.10 04:00 Eq: 50,000.00 UoL: .00%
2020-02-12 20:04:06.408 INFO  singlejartest.GUIModeTesterMain - Running, Mon 2020.02.10 04:30 Eq: 50,000.00 UoL: .00%
2020-02-12 20:04:06.423 INFO  singlejartest.GUIModeTesterMain - Running, Mon 2020.02.10 05:00 Eq: 50,000.00 UoL: .00%
2020-02-12 20:04:06.428 INFO  singlejartest.GUIModeTesterMain - Running, Mon 2020.02.10 05:30 Eq: 50,000.00 UoL: .00%
2020-02-12 20:04:06.449 INFO  singlejartest.GUIModeTesterMain - Running, Mon 2020.02.10 06:00 Eq: 50,000.00 UoL: .00%
2020-02-12 20:04:06.456 INFO  singlejartest.GUIModeTesterMain - Running, Mon 2020.02.10 06:30 Eq: 50,000.00 UoL: .00%
2020-02-12 20:04:06.469 INFO  singlejartest.GUIModeTesterMain - Running, Mon 2020.02.10 07:00 Eq: 50,000.00 UoL: .00%
2020-02-12 20:04:06.508 INFO  singlejartest.GUIModeTesterMain - Running, Mon 2020.02.10 07:30 Eq: 50,000.00 UoL: .00%
2020-02-12 20:04:06.561 INFO  singlejartest.GUIModeTesterMain - Running, Mon 2020.02.10 08:00 Eq: 49,949.80 UoL: 22.13%
2020-02-12 20:04:06.723 INFO  singlejartest.GUIModeTesterMain - Running, Mon 2020.02.10 08:30 Eq: 50,040.70 UoL: 22.09%
2020-02-12 20:04:06.817 INFO  singlejartest.GUIModeTesterMain - Running, Mon 2020.02.10 09:00 Eq: 50,424.50 UoL: 21.93%
2020-02-12 20:04:06.880 INFO  singlejartest.GUIModeTesterMain - Running, Mon 2020.02.10 09:30 Eq: 50,283.10 UoL: 21.99%
2020-02-12 20:04:07.178 INFO  singlejartest.GUIModeTesterMain - Running, Mon 2020.02.10 10:00 Eq: 50,262.90 UoL: 22.00%
2020-02-12 20:04:07.230 INFO  singlejartest.GUIModeTesterMain - Running, Mon 2020.02.10 10:30 Eq: 50,475.00 UoL: 21.90%
2020-02-12 20:04:07.292 INFO  singlejartest.GUIModeTesterMain - Running, Mon 2020.02.10 11:00 Eq: 50,232.60 UoL: 22.01%
2020-02-12 20:04:07.333 INFO  singlejartest.GUIModeTesterMain - Running, Mon 2020.02.10 11:30 Eq: 50,273.00 UoL: 21.99%
2020-02-12 20:04:07.389 INFO  singlejartest.GUIModeTesterMain - Running, Mon 2020.02.10 12:00 Eq: 50,202.30 UoL: 22.02%
2020-02-12 20:04:07.422 INFO  singlejartest.GUIModeTesterMain - Running, Mon 2020.02.10 12:30 Eq: 50,384.10 UoL: 21.94%
2020-02-12 20:04:07.463 INFO  singlejartest.GUIModeTesterMain - Running, Mon 2020.02.10 13:00 Eq: 50,212.40 UoL: 22.02%
2020-02-12 20:04:07.556 INFO  singlejartest.GUIModeTesterMain - Running, Mon 2020.02.10 13:30 Eq: 50,545.70 UoL: 21.87%
2020-02-12 20:04:07.680 INFO  singlejartest.GUIModeTesterMain - Running, Mon 2020.02.10 14:00 Eq: 48,525.70 UoL: 22.78%
2020-02-12 20:04:07.773 INFO  singlejartest.GUIModeTesterMain - Running, Mon 2020.02.10 14:30 Eq: 48,121.70 UoL: 22.98%
2020-02-12 20:04:07.836 INFO  singlejartest.GUIModeTesterMain - Running, Mon 2020.02.10 15:00 Eq: 48,020.70 UoL: 23.02%
2020-02-12 20:04:07.916 INFO  singlejartest.GUIModeTesterMain - Running, Mon 2020.02.10 15:30 Eq: 49,061.00 UoL: 22.54%
2020-02-12 20:04:08.099 INFO  singlejartest.GUIModeTesterMain - Running, Mon 2020.02.10 16:00 Eq: 47,374.63 UoL: 46.63%
2020-02-12 20:04:08.183 INFO  singlejartest.GUIModeTesterMain - Running, Mon 2020.02.10 16:30 Eq: 45,173.55 UoL: .00%
2020-02-12 20:04:08.196 INFO  singlejartest.GUIModeTesterMain - Running, Mon 2020.02.10 17:00 Eq: 45,173.55 UoL: .00%
2020-02-12 20:04:08.205 INFO  singlejartest.GUIModeTesterMain - Running, Mon 2020.02.10 17:30 Eq: 45,173.55 UoL: .00%
2020-02-12 20:04:08.271 INFO  singlejartest.GUIModeTesterMain - Running, Mon 2020.02.10 18:00 Eq: 45,173.55 UoL: .00%
2020-02-12 20:04:08.279 INFO  singlejartest.GUIModeTesterMain - Running, Mon 2020.02.10 18:30 Eq: 45,173.55 UoL: .00%
2020-02-12 20:04:08.303 INFO  singlejartest.GUIModeTesterMain - Running, Mon 2020.02.10 19:00 Eq: 45,173.55 UoL: .00%
2020-02-12 20:04:08.309 INFO  singlejartest.GUIModeTesterMain - Running, Mon 2020.02.10 19:30 Eq: 45,173.55 UoL: .00%
2020-02-12 20:04:08.323 INFO  singlejartest.GUIModeTesterMain - Running, Mon 2020.02.10 20:00 Eq: 45,173.55 UoL: .00%
2020-02-12 20:04:08.328 INFO  singlejartest.GUIModeTesterMain - Running, Mon 2020.02.10 20:30 Eq: 45,173.55 UoL: .00%
2020-02-12 20:04:08.353 INFO  singlejartest.GUIModeTesterMain - Running, Tue 2020.02.10 21:00 Eq: 45,173.55 UoL: .00%
2020-02-12 20:04:08.357 INFO  singlejartest.GUIModeTesterMain - Running, Tue 2020.02.10 21:30 Eq: 45,173.55 UoL: .00%
2020-02-12 20:04:08.385 INFO  singlejartest.GUIModeTesterMain - Running, Tue 2020.02.10 22:00 Eq: 45,173.55 UoL: .00%
2020-02-12 20:04:08.408 INFO  singlejartest.GUIModeTesterMain - Running, Tue 2020.02.10 22:30 Eq: 45,173.55 UoL: .00%
2020-02-12 20:04:08.433 INFO  singlejartest.GUIModeTesterMain - Running, Tue 2020.02.10 23:00 Eq: 45,173.55 UoL: .00%
2020-02-12 20:04:08.443 INFO  singlejartest.GUIModeTesterMain - Running, Tue 2020.02.10 23:30 Eq: 45,173.55 UoL: .00%
2020-02-12 20:04:08.453 INFO  singlejartest.GUIModeTesterMain - Running, Tue 2020.02.11 00:00 Eq: 45,173.55 UoL: .00%
2020-02-12 20:04:08.458 INFO  singlejartest.GUIModeTesterMain - Running, Tue 2020.02.11 00:30 Eq: 45,173.55 UoL: .00%
2020-02-12 20:04:08.486 INFO  singlejartest.GUIModeTesterMain - Running, Tue 2020.02.11 01:00 Eq: 45,173.55 UoL: .00%
2020-02-12 20:04:08.500 INFO  singlejartest.GUIModeTesterMain - Running, Tue 2020.02.11 01:30 Eq: 45,173.55 UoL: .00%
2020-02-12 20:04:08.531 INFO  singlejartest.GUIModeTesterMain - Running, Tue 2020.02.11 02:00 Eq: 45,173.55 UoL: .00%
2020-02-12 20:04:08.537 INFO  singlejartest.GUIModeTesterMain - Running, Tue 2020.02.11 02:30 Eq: 45,173.55 UoL: .00%
2020-02-12 20:04:08.563 INFO  singlejartest.GUIModeTesterMain - Running, Tue 2020.02.11 03:00 Eq: 45,173.55 UoL: .00%
2020-02-12 20:04:08.568 INFO  singlejartest.GUIModeTesterMain - Running, Tue 2020.02.11 03:30 Eq: 45,173.55 UoL: .00%
2020-02-12 20:04:08.614 INFO  singlejartest.GUIModeTesterMain - Running, Tue 2020.02.11 04:00 Eq: 45,173.55 UoL: .00%
2020-02-12 20:04:08.621 INFO  singlejartest.GUIModeTesterMain - Running, Tue 2020.02.11 04:30 Eq: 45,173.55 UoL: .00%
2020-02-12 20:04:08.656 INFO  singlejartest.GUIModeTesterMain - Running, Tue 2020.02.11 05:00 Eq: 45,173.55 UoL: .00%
2020-02-12 20:04:08.667 INFO  singlejartest.GUIModeTesterMain - Running, Tue 2020.02.11 05:30 Eq: 45,173.55 UoL: .00%
2020-02-12 20:04:08.720 INFO  singlejartest.GUIModeTesterMain - Running, Tue 2020.02.11 06:00 Eq: 45,173.55 UoL: .00%
2020-02-12 20:04:08.729 INFO  singlejartest.GUIModeTesterMain - Running, Tue 2020.02.11 06:30 Eq: 45,173.55 UoL: .00%
2020-02-12 20:04:08.753 INFO  singlejartest.GUIModeTesterMain - Running, Tue 2020.02.11 07:00 Eq: 45,173.55 UoL: .00%
2020-02-12 20:04:08.771 INFO  singlejartest.GUIModeTesterMain - Running, Tue 2020.02.11 07:30 Eq: 45,173.55 UoL: .00%
2020-02-12 20:04:08.798 INFO  singlejartest.GUIModeTesterMain - Running, Tue 2020.02.11 08:00 Eq: 45,173.55 UoL: .00%
2020-02-12 20:04:08.814 INFO  singlejartest.GUIModeTesterMain - Running, Tue 2020.02.11 08:30 Eq: 45,173.55 UoL: .00%
2020-02-12 20:04:08.861 INFO  singlejartest.GUIModeTesterMain - Running, Tue 2020.02.11 09:00 Eq: 45,173.55 UoL: .00%
2020-02-12 20:04:08.875 INFO  singlejartest.GUIModeTesterMain - Running, Tue 2020.02.11 09:30 Eq: 45,173.55 UoL: .00%
2020-02-12 20:04:08.913 INFO  singlejartest.GUIModeTesterMain - Running, Tue 2020.02.11 10:00 Eq: 45,173.55 UoL: .00%
2020-02-12 20:04:08.933 INFO  singlejartest.GUIModeTesterMain - Running, Tue 2020.02.11 10:30 Eq: 45,173.55 UoL: .00%
2020-02-12 20:04:08.954 INFO  singlejartest.GUIModeTesterMain - Running, Tue 2020.02.11 11:00 Eq: 45,173.55 UoL: .00%
2020-02-12 20:04:08.966 INFO  singlejartest.GUIModeTesterMain - Running, Tue 2020.02.11 11:30 Eq: 45,173.55 UoL: .00%
2020-02-12 20:04:08.978 INFO  singlejartest.GUIModeTesterMain - Running, Tue 2020.02.11 12:00 Eq: 45,173.55 UoL: .00%
2020-02-12 20:04:08.988 INFO  singlejartest.GUIModeTesterMain - Running, Tue 2020.02.11 12:30 Eq: 45,173.55 UoL: .00%
2020-02-12 20:04:09.036 INFO  singlejartest.GUIModeTesterMain - Running, Tue 2020.02.11 13:00 Eq: 45,115.70 UoL: 24.42%
2020-02-12 20:04:09.192 INFO  singlejartest.GUIModeTesterMain - Running, Tue 2020.02.11 13:30 Eq: 43,944.10 UoL: 25.07%
2020-02-12 20:04:09.310 INFO  singlejartest.GUIModeTesterMain - Running, Tue 2020.02.11 14:00 Eq: 44,550.10 UoL: 24.73%
2020-02-12 20:04:09.454 INFO  singlejartest.GUIModeTesterMain - Running, Tue 2020.02.11 14:30 Eq: 45,482.05 UoL: .01%
2020-02-12 20:04:09.601 INFO  singlejartest.GUIModeTesterMain - Running, Tue 2020.02.11 15:00 Eq: 45,492.15 UoL: .01%
2020-02-12 20:04:09.721 INFO  singlejartest.GUIModeTesterMain - Running, Tue 2020.02.11 15:30 Eq: 45,482.05 UoL: .01%
2020-02-12 20:04:09.846 INFO  singlejartest.GUIModeTesterMain - Running, Tue 2020.02.11 16:00 Eq: 45,492.15 UoL: .01%
2020-02-12 20:04:09.913 INFO  singlejartest.GUIModeTesterMain - Running, Tue 2020.02.11 16:30 Eq: 45,471.95 UoL: .01%
2020-02-12 20:04:10.011 INFO  singlejartest.GUIModeTesterMain - Running, Tue 2020.02.11 17:00 Eq: 45,558.22 UoL: .01%
2020-02-12 20:04:10.049 INFO  singlejartest.GUIModeTesterMain - Running, Tue 2020.02.11 17:30 Eq: 45,558.22 UoL: .01%
2020-02-12 20:04:10.090 INFO  singlejartest.GUIModeTesterMain - Running, Tue 2020.02.11 18:00 Eq: 45,558.22 UoL: .01%
2020-02-12 20:04:10.123 INFO  singlejartest.GUIModeTesterMain - Running, Tue 2020.02.11 18:30 Eq: 45,558.22 UoL: .01%
2020-02-12 20:04:10.142 INFO  singlejartest.GUIModeTesterMain - Running, Tue 2020.02.11 19:00 Eq: 45,578.42 UoL: .01%
2020-02-12 20:04:10.158 INFO  singlejartest.GUIModeTesterMain - Running, Tue 2020.02.11 19:30 Eq: 45,558.22 UoL: .01%
2020-02-12 20:04:10.194 INFO  singlejartest.GUIModeTesterMain - Running, Tue 2020.02.11 20:00 Eq: 45,558.22 UoL: .01%
2020-02-12 20:04:10.203 INFO  singlejartest.GUIModeTesterMain - Running, Tue 2020.02.11 20:30 Eq: 45,558.22 UoL: .01%
2020-02-12 20:04:10.222 INFO  singlejartest.GUIModeTesterMain - Running, Wed 2020.02.11 21:00 Eq: 45,558.22 UoL: .01%
2020-02-12 20:04:10.257 INFO  singlejartest.GUIModeTesterMain - Running, Wed 2020.02.11 21:30 Eq: 45,538.02 UoL: .01%
2020-02-12 20:04:10.266 INFO  singlejartest.GUIModeTesterMain - Running, Wed 2020.02.11 22:00 Eq: 45,160.28 UoL: .01%
2020-02-12 20:04:10.278 INFO  singlejartest.GUIModeTesterMain - Running, Wed 2020.02.11 22:30 Eq: 45,544.08 UoL: .01%
2020-02-12 20:04:10.297 INFO  singlejartest.GUIModeTesterMain - Running, Wed 2020.02.11 23:00 Eq: 45,402.68 UoL: .01%
2020-02-12 20:04:10.307 INFO  singlejartest.GUIModeTesterMain - Running, Wed 2020.02.11 23:30 Eq: 45,523.88 UoL: .01%
2020-02-12 20:04:10.313 INFO  singlejartest.GUIModeTesterMain - Executing onStop
2020-02-12 20:04:10.325 INFO  singlejartest.GUIModeTesterMain - Strategy stopped: 2
2020-02-12 20:04:22.824 INFO  singlejartest.GUIModeTesterMain - Connecting...
2020-02-12 20:04:22.824 INFO  singlejartest.GUIModeTesterMain - Subscribing instruments...
2020-02-12 20:04:22.824 INFO  singlejartest.GUIModeTesterMain - Downloading data
2020-02-12 20:04:22.842 INFO  singlejartest.GUIModeTesterMain - Starting strategy
2020-02-12 20:04:23.312 INFO  singlejartest.GUIModeTesterMain - Strategy started: 3
2020-02-12 20:04:23.315 INFO  singlejartest.GUIModeTesterMain - Getting prices before start time
2020-02-12 20:04:23.547 INFO  singlejartest.GUIModeTesterMain - Creating data loading threads
2020-02-12 20:04:23.623 INFO  singlejartest.GUIModeTesterMain - Getting prices before start time
2020-02-12 20:04:23.624 WARN  com.dukascopy.api.impl.connect.WLabelData - White Label Image is not received
2020-02-12 20:04:23.625 INFO  singlejartest.GUIModeTesterMain - Filling in-progress candles
2020-02-12 20:04:23.639 INFO  singlejartest.GUIModeTesterMain - Executing onStart
2020-02-12 20:04:23.639 INFO  singlejartest.GUIModeTesterMain - Running
2020-02-12 20:04:23.682 WARN  com.dukascopy.charts.dataprovider.timed.AbstractBufferedTimedDataProvider - Latest data buffer loading is not started yet for TimedDataDescriptor [dataType=TIME_PERIOD_AGGREGATION, instrument=EUR/USD, offerSide=Bid, period=10 Mins, dailyFilterPeriod=Daily, filter=WEEKENDS, interpolationDescriptor=DEFAULT]
2020-02-12 20:04:23.754 INFO  singlejartest.GUIModeTesterMain - Running, Sun 2020.02.09 00:30 Eq: 50,000.00 UoL: .00%
2020-02-12 20:04:23.755 INFO  singlejartest.GUIModeTesterMain - Running, Sun 2020.02.09 01:00 Eq: 50,000.00 UoL: .00%
2020-02-12 20:04:23.756 INFO  singlejartest.GUIModeTesterMain - Running, Sun 2020.02.09 01:30 Eq: 50,000.00 UoL: .00%
2020-02-12 20:04:23.757 INFO  singlejartest.GUIModeTesterMain - Running, Sun 2020.02.09 02:00 Eq: 50,000.00 UoL: .00%
2020-02-12 20:04:23.758 INFO  singlejartest.GUIModeTesterMain - Running, Sun 2020.02.09 02:30 Eq: 50,000.00 UoL: .00%
2020-02-12 20:04:23.759 INFO  singlejartest.GUIModeTesterMain - Running, Sun 2020.02.09 03:00 Eq: 50,000.00 UoL: .00%
2020-02-12 20:04:23.761 INFO  singlejartest.GUIModeTesterMain - Running, Sun 2020.02.09 03:30 Eq: 50,000.00 UoL: .00%
2020-02-12 20:04:23.762 INFO  singlejartest.GUIModeTesterMain - Running, Sun 2020.02.09 04:00 Eq: 50,000.00 UoL: .00%
2020-02-12 20:04:23.763 INFO  singlejartest.GUIModeTesterMain - Running, Sun 2020.02.09 04:30 Eq: 50,000.00 UoL: .00%
2020-02-12 20:04:23.764 INFO  singlejartest.GUIModeTesterMain - Running, Sun 2020.02.09 05:00 Eq: 50,000.00 UoL: .00%
2020-02-12 20:04:23.765 INFO  singlejartest.GUIModeTesterMain - Running, Sun 2020.02.09 05:30 Eq: 50,000.00 UoL: .00%
2020-02-12 20:04:23.766 INFO  singlejartest.GUIModeTesterMain - Running, Sun 2020.02.09 06:00 Eq: 50,000.00 UoL: .00%
2020-02-12 20:04:23.768 INFO  singlejartest.GUIModeTesterMain - Running, Sun 2020.02.09 06:30 Eq: 50,000.00 UoL: .00%
2020-02-12 20:04:23.769 INFO  singlejartest.GUIModeTesterMain - Running, Sun 2020.02.09 07:00 Eq: 50,000.00 UoL: .00%
2020-02-12 20:04:23.770 INFO  singlejartest.GUIModeTesterMain - Running, Sun 2020.02.09 07:30 Eq: 50,000.00 UoL: .00%
2020-02-12 20:04:23.771 INFO  singlejartest.GUIModeTesterMain - Running, Sun 2020.02.09 08:00 Eq: 50,000.00 UoL: .00%
2020-02-12 20:04:23.772 INFO  singlejartest.GUIModeTesterMain - Running, Sun 2020.02.09 08:30 Eq: 50,000.00 UoL: .00%
2020-02-12 20:04:23.774 INFO  singlejartest.GUIModeTesterMain - Running, Sun 2020.02.09 09:00 Eq: 50,000.00 UoL: .00%
2020-02-12 20:04:23.775 INFO  singlejartest.GUIModeTesterMain - Running, Sun 2020.02.09 09:30 Eq: 50,000.00 UoL: .00%
2020-02-12 20:04:23.776 INFO  singlejartest.GUIModeTesterMain - Running, Sun 2020.02.09 10:00 Eq: 50,000.00 UoL: .00%
2020-02-12 20:04:23.777 INFO  singlejartest.GUIModeTesterMain - Running, Sun 2020.02.09 10:30 Eq: 50,000.00 UoL: .00%
2020-02-12 20:04:23.778 INFO  singlejartest.GUIModeTesterMain - Running, Sun 2020.02.09 11:00 Eq: 50,000.00 UoL: .00%
2020-02-12 20:04:23.779 INFO  singlejartest.GUIModeTesterMain - Running, Sun 2020.02.09 11:30 Eq: 50,000.00 UoL: .00%
2020-02-12 20:04:23.780 INFO  singlejartest.GUIModeTesterMain - Running, Sun 2020.02.09 12:00 Eq: 50,000.00 UoL: .00%
2020-02-12 20:04:23.781 INFO  singlejartest.GUIModeTesterMain - Running, Sun 2020.02.09 12:30 Eq: 50,000.00 UoL: .00%
2020-02-12 20:04:23.782 INFO  singlejartest.GUIModeTesterMain - Running, Sun 2020.02.09 13:00 Eq: 50,000.00 UoL: .00%
2020-02-12 20:04:23.783 WARN  com.dukascopy.charts.dataprovider.timed.AbstractBufferedTimedDataProvider - Buffer already contains loaded data for [1000, 2020-02-09 00:00:00:000, 0, true] TimedDataDescriptor [dataType=TIME_PERIOD_AGGREGATION, instrument=EUR/USD, offerSide=Bid, period=10 Mins, dailyFilterPeriod=Daily, filter=WEEKENDS, interpolationDescriptor=DEFAULT]
2020-02-12 20:04:23.783 INFO  singlejartest.GUIModeTesterMain - Running, Sun 2020.02.09 13:30 Eq: 50,000.00 UoL: .00%
2020-02-12 20:04:23.784 INFO  singlejartest.GUIModeTesterMain - Running, Sun 2020.02.09 14:00 Eq: 50,000.00 UoL: .00%
2020-02-12 20:04:23.786 INFO  singlejartest.GUIModeTesterMain - Running, Sun 2020.02.09 14:30 Eq: 50,000.00 UoL: .00%
2020-02-12 20:04:23.787 INFO  singlejartest.GUIModeTesterMain - Running, Sun 2020.02.09 15:00 Eq: 50,000.00 UoL: .00%
2020-02-12 20:04:23.788 INFO  singlejartest.GUIModeTesterMain - Running, Sun 2020.02.09 15:30 Eq: 50,000.00 UoL: .00%
2020-02-12 20:04:23.789 INFO  singlejartest.GUIModeTesterMain - Running, Sun 2020.02.09 16:00 Eq: 50,000.00 UoL: .00%
2020-02-12 20:04:23.790 INFO  singlejartest.GUIModeTesterMain - Running, Sun 2020.02.09 16:30 Eq: 50,000.00 UoL: .00%
2020-02-12 20:04:23.792 INFO  singlejartest.GUIModeTesterMain - Running, Sun 2020.02.09 17:00 Eq: 50,000.00 UoL: .00%
2020-02-12 20:04:23.793 INFO  singlejartest.GUIModeTesterMain - Running, Sun 2020.02.09 17:30 Eq: 50,000.00 UoL: .00%
2020-02-12 20:04:23.794 INFO  singlejartest.GUIModeTesterMain - Running, Sun 2020.02.09 18:00 Eq: 50,000.00 UoL: .00%
2020-02-12 20:04:23.795 INFO  singlejartest.GUIModeTesterMain - Running, Sun 2020.02.09 18:30 Eq: 50,000.00 UoL: .00%
2020-02-12 20:04:23.796 INFO  singlejartest.GUIModeTesterMain - Running, Sun 2020.02.09 19:00 Eq: 50,000.00 UoL: .00%
2020-02-12 20:04:23.797 INFO  singlejartest.GUIModeTesterMain - Running, Sun 2020.02.09 19:30 Eq: 50,000.00 UoL: .00%
2020-02-12 20:04:23.798 INFO  singlejartest.GUIModeTesterMain - Running, Sun 2020.02.09 20:00 Eq: 50,000.00 UoL: .00%
2020-02-12 20:04:23.799 INFO  singlejartest.GUIModeTesterMain - Running, Sun 2020.02.09 20:30 Eq: 50,000.00 UoL: .00%
2020-02-12 20:04:23.800 INFO  singlejartest.GUIModeTesterMain - Running, Mon 2020.02.09 21:00 Eq: 50,000.00 UoL: .00%
2020-02-12 20:04:23.801 INFO  singlejartest.GUIModeTesterMain - Running, Mon 2020.02.09 21:30 Eq: 50,000.00 UoL: .00%
2020-02-12 20:04:23.803 INFO  singlejartest.GUIModeTesterMain - Running, Mon 2020.02.09 22:00 Eq: 50,000.00 UoL: .00%
2020-02-12 20:04:23.815 INFO  singlejartest.GUIModeTesterMain - Running, Mon 2020.02.09 22:30 Eq: 50,000.00 UoL: .00%
2020-02-12 20:04:23.821 INFO  singlejartest.GUIModeTesterMain - Running, Mon 2020.02.09 23:00 Eq: 50,000.00 UoL: .00%
2020-02-12 20:04:23.834 INFO  singlejartest.GUIModeTesterMain - Running, Mon 2020.02.09 23:30 Eq: 50,000.00 UoL: .00%
2020-02-12 20:04:23.847 INFO  singlejartest.GUIModeTesterMain - Running, Mon 2020.02.10 00:00 Eq: 50,000.00 UoL: .00%
2020-02-12 20:04:23.856 INFO  singlejartest.GUIModeTesterMain - Running, Mon 2020.02.10 00:30 Eq: 50,000.00 UoL: .00%
2020-02-12 20:04:23.863 INFO  singlejartest.GUIModeTesterMain - Running, Mon 2020.02.10 01:00 Eq: 50,000.00 UoL: .00%
2020-02-12 20:04:23.868 INFO  singlejartest.GUIModeTesterMain - Running, Mon 2020.02.10 01:30 Eq: 50,000.00 UoL: .00%
2020-02-12 20:04:23.878 INFO  singlejartest.GUIModeTesterMain - Running, Mon 2020.02.10 02:00 Eq: 50,000.00 UoL: .00%
2020-02-12 20:04:23.887 INFO  singlejartest.GUIModeTesterMain - Running, Mon 2020.02.10 02:30 Eq: 50,000.00 UoL: .00%
2020-02-12 20:04:23.900 INFO  singlejartest.GUIModeTesterMain - Running, Mon 2020.02.10 03:00 Eq: 50,000.00 UoL: .00%
2020-02-12 20:04:23.907 INFO  singlejartest.GUIModeTesterMain - Running, Mon 2020.02.10 03:30 Eq: 50,000.00 UoL: .00%
2020-02-12 20:04:23.914 INFO  singlejartest.GUIModeTesterMain - Running, Mon 2020.02.10 04:00 Eq: 50,000.00 UoL: .00%
2020-02-12 20:04:23.919 INFO  singlejartest.GUIModeTesterMain - Running, Mon 2020.02.10 04:30 Eq: 50,000.00 UoL: .00%
2020-02-12 20:04:23.926 INFO  singlejartest.GUIModeTesterMain - Running, Mon 2020.02.10 05:00 Eq: 50,000.00 UoL: .00%
2020-02-12 20:04:23.932 INFO  singlejartest.GUIModeTesterMain - Running, Mon 2020.02.10 05:30 Eq: 50,000.00 UoL: .00%
2020-02-12 20:04:23.946 INFO  singlejartest.GUIModeTesterMain - Running, Mon 2020.02.10 06:00 Eq: 50,000.00 UoL: .00%
2020-02-12 20:04:23.955 INFO  singlejartest.GUIModeTesterMain - Running, Mon 2020.02.10 06:30 Eq: 50,000.00 UoL: .00%
2020-02-12 20:04:23.963 INFO  singlejartest.GUIModeTesterMain - Running, Mon 2020.02.10 07:00 Eq: 50,000.00 UoL: .00%
2020-02-12 20:04:23.976 INFO  singlejartest.GUIModeTesterMain - Running, Mon 2020.02.10 07:30 Eq: 50,000.00 UoL: .00%
2020-02-12 20:04:24.027 INFO  singlejartest.GUIModeTesterMain - Running, Mon 2020.02.10 08:00 Eq: 49,949.80 UoL: 22.13%
2020-02-12 20:04:24.071 INFO  singlejartest.GUIModeTesterMain - Running, Mon 2020.02.10 08:30 Eq: 50,040.70 UoL: 22.09%
2020-02-12 20:04:24.126 INFO  singlejartest.GUIModeTesterMain - Running, Mon 2020.02.10 09:00 Eq: 50,424.50 UoL: 21.93%
2020-02-12 20:04:24.185 INFO  singlejartest.GUIModeTesterMain - Running, Mon 2020.02.10 09:30 Eq: 50,283.10 UoL: 21.99%
2020-02-12 20:04:24.226 INFO  singlejartest.GUIModeTesterMain - Running, Mon 2020.02.10 10:00 Eq: 50,262.90 UoL: 22.00%
2020-02-12 20:04:24.256 INFO  singlejartest.GUIModeTesterMain - Running, Mon 2020.02.10 10:30 Eq: 50,475.00 UoL: 21.90%
2020-02-12 20:04:24.299 INFO  singlejartest.GUIModeTesterMain - Running, Mon 2020.02.10 11:00 Eq: 50,232.60 UoL: 22.01%
2020-02-12 20:04:24.344 INFO  singlejartest.GUIModeTesterMain - Running, Mon 2020.02.10 11:30 Eq: 50,273.00 UoL: 21.99%
2020-02-12 20:04:24.378 INFO  singlejartest.GUIModeTesterMain - Running, Mon 2020.02.10 12:00 Eq: 50,202.30 UoL: 22.02%
2020-02-12 20:04:24.410 INFO  singlejartest.GUIModeTesterMain - Running, Mon 2020.02.10 12:30 Eq: 50,384.10 UoL: 21.94%
2020-02-12 20:04:24.467 INFO  singlejartest.GUIModeTesterMain - Running, Mon 2020.02.10 13:00 Eq: 50,212.40 UoL: 22.02%
2020-02-12 20:04:24.535 INFO  singlejartest.GUIModeTesterMain - Running, Mon 2020.02.10 13:30 Eq: 50,545.70 UoL: 21.87%
2020-02-12 20:04:24.627 INFO  singlejartest.GUIModeTesterMain - Running, Mon 2020.02.10 14:00 Eq: 48,525.70 UoL: 22.78%
2020-02-12 20:04:24.704 INFO  singlejartest.GUIModeTesterMain - Running, Mon 2020.02.10 14:30 Eq: 48,121.70 UoL: 22.98%
2020-02-12 20:04:24.791 INFO  singlejartest.GUIModeTesterMain - Running, Mon 2020.02.10 15:00 Eq: 48,020.70 UoL: 23.02%
2020-02-12 20:04:24.892 INFO  singlejartest.GUIModeTesterMain - Running, Mon 2020.02.10 15:30 Eq: 49,061.00 UoL: 22.54%
2020-02-12 20:04:24.992 INFO  singlejartest.GUIModeTesterMain - Running, Mon 2020.02.10 16:00 Eq: 47,374.63 UoL: 46.63%
2020-02-12 20:04:25.052 INFO  singlejartest.GUIModeTesterMain - Running, Mon 2020.02.10 16:30 Eq: 45,173.55 UoL: .00%
2020-02-12 20:04:25.066 INFO  singlejartest.GUIModeTesterMain - Running, Mon 2020.02.10 17:00 Eq: 45,173.55 UoL: .00%
2020-02-12 20:04:25.077 INFO  singlejartest.GUIModeTesterMain - Running, Mon 2020.02.10 17:30 Eq: 45,173.55 UoL: .00%
2020-02-12 20:04:25.089 INFO  singlejartest.GUIModeTesterMain - Running, Mon 2020.02.10 18:00 Eq: 45,173.55 UoL: .00%
2020-02-12 20:04:25.098 INFO  singlejartest.GUIModeTesterMain - Running, Mon 2020.02.10 18:30 Eq: 45,173.55 UoL: .00%
2020-02-12 20:04:25.105 INFO  singlejartest.GUIModeTesterMain - Running, Mon 2020.02.10 19:00 Eq: 45,173.55 UoL: .00%
2020-02-12 20:04:25.112 INFO  singlejartest.GUIModeTesterMain - Running, Mon 2020.02.10 19:30 Eq: 45,173.55 UoL: .00%
2020-02-12 20:04:25.118 INFO  singlejartest.GUIModeTesterMain - Running, Mon 2020.02.10 20:00 Eq: 45,173.55 UoL: .00%
2020-02-12 20:04:25.124 INFO  singlejartest.GUIModeTesterMain - Running, Mon 2020.02.10 20:30 Eq: 45,173.55 UoL: .00%
2020-02-12 20:04:25.137 INFO  singlejartest.GUIModeTesterMain - Running, Tue 2020.02.10 21:00 Eq: 45,173.55 UoL: .00%
2020-02-12 20:04:25.141 INFO  singlejartest.GUIModeTesterMain - Running, Tue 2020.02.10 21:30 Eq: 45,173.55 UoL: .00%
2020-02-12 20:04:25.152 INFO  singlejartest.GUIModeTesterMain - Running, Tue 2020.02.10 22:00 Eq: 45,173.55 UoL: .00%
2020-02-12 20:04:25.156 INFO  singlejartest.GUIModeTesterMain - Running, Tue 2020.02.10 22:30 Eq: 45,173.55 UoL: .00%
2020-02-12 20:04:25.170 INFO  singlejartest.GUIModeTesterMain - Running, Tue 2020.02.10 23:00 Eq: 45,173.55 UoL: .00%
2020-02-12 20:04:25.176 INFO  singlejartest.GUIModeTesterMain - Running, Tue 2020.02.10 23:30 Eq: 45,173.55 UoL: .00%
2020-02-12 20:04:25.186 INFO  singlejartest.GUIModeTesterMain - Running, Tue 2020.02.11 00:00 Eq: 45,173.55 UoL: .00%
2020-02-12 20:04:25.191 INFO  singlejartest.GUIModeTesterMain - Running, Tue 2020.02.11 00:30 Eq: 45,173.55 UoL: .00%
2020-02-12 20:04:25.202 INFO  singlejartest.GUIModeTesterMain - Running, Tue 2020.02.11 01:00 Eq: 45,173.55 UoL: .00%
2020-02-12 20:04:25.209 INFO  singlejartest.GUIModeTesterMain - Running, Tue 2020.02.11 01:30 Eq: 45,173.55 UoL: .00%
2020-02-12 20:04:25.223 INFO  singlejartest.GUIModeTesterMain - Running, Tue 2020.02.11 02:00 Eq: 45,173.55 UoL: .00%
2020-02-12 20:04:25.228 INFO  singlejartest.GUIModeTesterMain - Running, Tue 2020.02.11 02:30 Eq: 45,173.55 UoL: .00%
2020-02-12 20:04:25.234 INFO  singlejartest.GUIModeTesterMain - Running, Tue 2020.02.11 03:00 Eq: 45,173.55 UoL: .00%
2020-02-12 20:04:25.239 INFO  singlejartest.GUIModeTesterMain - Running, Tue 2020.02.11 03:30 Eq: 45,173.55 UoL: .00%
2020-02-12 20:04:25.251 INFO  singlejartest.GUIModeTesterMain - Running, Tue 2020.02.11 04:00 Eq: 45,173.55 UoL: .00%
2020-02-12 20:04:25.256 INFO  singlejartest.GUIModeTesterMain - Running, Tue 2020.02.11 04:30 Eq: 45,173.55 UoL: .00%
2020-02-12 20:04:25.276 INFO  singlejartest.GUIModeTesterMain - Running, Tue 2020.02.11 05:00 Eq: 45,173.55 UoL: .00%
2020-02-12 20:04:25.283 INFO  singlejartest.GUIModeTesterMain - Running, Tue 2020.02.11 05:30 Eq: 45,173.55 UoL: .00%
2020-02-12 20:04:25.317 INFO  singlejartest.GUIModeTesterMain - Running, Tue 2020.02.11 06:00 Eq: 45,173.55 UoL: .00%
2020-02-12 20:04:25.325 INFO  singlejartest.GUIModeTesterMain - Running, Tue 2020.02.11 06:30 Eq: 45,173.55 UoL: .00%
2020-02-12 20:04:25.331 INFO  singlejartest.GUIModeTesterMain - Running, Tue 2020.02.11 07:00 Eq: 45,173.55 UoL: .00%
2020-02-12 20:04:25.359 INFO  singlejartest.GUIModeTesterMain - Running, Tue 2020.02.11 07:30 Eq: 45,173.55 UoL: .00%
2020-02-12 20:04:25.379 INFO  singlejartest.GUIModeTesterMain - Running, Tue 2020.02.11 08:00 Eq: 45,173.55 UoL: .00%
2020-02-12 20:04:25.395 INFO  singlejartest.GUIModeTesterMain - Running, Tue 2020.02.11 08:30 Eq: 45,173.55 UoL: .00%
2020-02-12 20:04:25.410 INFO  singlejartest.GUIModeTesterMain - Running, Tue 2020.02.11 09:00 Eq: 45,173.55 UoL: .00%
2020-02-12 20:04:25.426 INFO  singlejartest.GUIModeTesterMain - Running, Tue 2020.02.11 09:30 Eq: 45,173.55 UoL: .00%
2020-02-12 20:04:25.467 INFO  singlejartest.GUIModeTesterMain - Running, Tue 2020.02.11 10:00 Eq: 45,173.55 UoL: .00%
2020-02-12 20:04:25.507 INFO  singlejartest.GUIModeTesterMain - Running, Tue 2020.02.11 10:30 Eq: 45,173.55 UoL: .00%
2020-02-12 20:04:25.520 INFO  singlejartest.GUIModeTesterMain - Running, Tue 2020.02.11 11:00 Eq: 45,173.55 UoL: .00%
2020-02-12 20:04:25.550 INFO  singlejartest.GUIModeTesterMain - Running, Tue 2020.02.11 11:30 Eq: 45,173.55 UoL: .00%
2020-02-12 20:04:25.560 INFO  singlejartest.GUIModeTesterMain - Running, Tue 2020.02.11 12:00 Eq: 45,173.55 UoL: .00%
2020-02-12 20:04:25.577 INFO  singlejartest.GUIModeTesterMain - Running, Tue 2020.02.11 12:30 Eq: 45,173.55 UoL: .00%
2020-02-12 20:04:25.615 INFO  singlejartest.GUIModeTesterMain - Running, Tue 2020.02.11 13:00 Eq: 45,115.70 UoL: 24.42%
2020-02-12 20:04:25.731 INFO  singlejartest.GUIModeTesterMain - Running, Tue 2020.02.11 13:30 Eq: 43,944.10 UoL: 25.07%
2020-02-12 20:04:25.860 INFO  singlejartest.GUIModeTesterMain - Running, Tue 2020.02.11 14:00 Eq: 44,550.10 UoL: 24.73%
2020-02-12 20:04:26.041 INFO  singlejartest.GUIModeTesterMain - Running, Tue 2020.02.11 14:30 Eq: 45,482.05 UoL: .01%
2020-02-12 20:04:26.186 INFO  singlejartest.GUIModeTesterMain - Running, Tue 2020.02.11 15:00 Eq: 45,492.15 UoL: .01%
2020-02-12 20:04:26.353 INFO  singlejartest.GUIModeTesterMain - Running, Tue 2020.02.11 15:30 Eq: 45,482.05 UoL: .01%
2020-02-12 20:04:26.486 INFO  singlejartest.GUIModeTesterMain - Running, Tue 2020.02.11 16:00 Eq: 45,492.15 UoL: .01%
2020-02-12 20:04:26.549 INFO  singlejartest.GUIModeTesterMain - Running, Tue 2020.02.11 16:30 Eq: 45,471.95 UoL: .01%
2020-02-12 20:04:26.639 INFO  singlejartest.GUIModeTesterMain - Running, Tue 2020.02.11 17:00 Eq: 45,558.22 UoL: .01%
2020-02-12 20:04:26.676 INFO  singlejartest.GUIModeTesterMain - Running, Tue 2020.02.11 17:30 Eq: 45,558.22 UoL: .01%
2020-02-12 20:04:26.703 INFO  singlejartest.GUIModeTesterMain - Running, Tue 2020.02.11 18:00 Eq: 45,558.22 UoL: .01%
2020-02-12 20:04:26.756 INFO  singlejartest.GUIModeTesterMain - Running, Tue 2020.02.11 18:30 Eq: 45,558.22 UoL: .01%
2020-02-12 20:04:26.782 INFO  singlejartest.GUIModeTesterMain - Running, Tue 2020.02.11 19:00 Eq: 45,578.42 UoL: .01%
2020-02-12 20:04:26.835 INFO  singlejartest.GUIModeTesterMain - Running, Tue 2020.02.11 19:30 Eq: 45,558.22 UoL: .01%
2020-02-12 20:04:26.848 INFO  singlejartest.GUIModeTesterMain - Running, Tue 2020.02.11 20:00 Eq: 45,558.22 UoL: .01%
2020-02-12 20:04:26.858 INFO  singlejartest.GUIModeTesterMain - Running, Tue 2020.02.11 20:30 Eq: 45,558.22 UoL: .01%
2020-02-12 20:04:26.915 INFO  singlejartest.GUIModeTesterMain - Running, Wed 2020.02.11 21:00 Eq: 45,558.22 UoL: .01%
2020-02-12 20:04:26.926 INFO  singlejartest.GUIModeTesterMain - Running, Wed 2020.02.11 21:30 Eq: 45,538.02 UoL: .01%
2020-02-12 20:04:26.936 INFO  singlejartest.GUIModeTesterMain - Running, Wed 2020.02.11 22:00 Eq: 45,160.28 UoL: .01%
2020-02-12 20:04:26.949 INFO  singlejartest.GUIModeTesterMain - Running, Wed 2020.02.11 22:30 Eq: 45,544.08 UoL: .01%
2020-02-12 20:04:26.963 INFO  singlejartest.GUIModeTesterMain - Running, Wed 2020.02.11 23:00 Eq: 45,402.68 UoL: .01%
2020-02-12 20:04:26.973 INFO  singlejartest.GUIModeTesterMain - Running, Wed 2020.02.11 23:30 Eq: 45,523.88 UoL: .01%
2020-02-12 20:04:26.982 INFO  singlejartest.GUIModeTesterMain - Executing onStop
2020-02-12 20:04:27.016 INFO  singlejartest.GUIModeTesterMain - Strategy stopped: 3
